80511050-1b90-38d2-9e8f-d10526a79ab2
61e7a2b9-98a2-3502-834c-38450d198544
a7d2f6f6-4e72-4944-b68f-4b23abdc67cd
80fb06af-fab1-3df5-9a9f-d871b73e5429
217bf2c3-d489-4916-aa42-a361a63b8682
395f189e-8115-492b-b942-48e81c38487d
ce74e7fc-0485-4bbc-ba5d-f2efc5fca354
04504ec8-c391-3b71-a60b-d55c44419ab8
1abf87db-9e18-3a7b-a4fe-c1325d269fd2
0c3d3ac9-f9f8-3002-ab41-d3753ebd970b
d2ba99ec-0858-4bb2-97a8-907dab7827fc
0e020c15-965b-4cf1-afe6-8bd544226e44
6ad1eaaa-4724-45c6-8ed6-24d85ec20bb5
f87cd562-016f-4da4-a08f-13debf311708
5bca1cba-e6c1-44ee-8c7c-f817d241e84c
2df6a25f-d796-4118-bf48-7f796a0c1cbb
27059911-89f4-3e78-a511-4c9b8cf51fb3
7a733d8e-b383-37d2-841a-f77137a5389f
c7bee31e-43ac-4111-a68d-0267aaaf78a3
07652a2d-eaf8-4d06-9ba0-64f83e0c3cbe
3a765ca1-feba-4d04-87c9-106ff06b8b8c
037c739f-4653-41d5-936e-d1d7102bccb0
01687395-14ca-4ed8-8e51-b18463d630dc
613a3bba-016d-4e1d-aa06-8dac504edfa4
b32c48ad-02bc-450d-a858-7bddb0bb7ae9
1d05782e-1eb9-4dcf-b711-bb0dad64e7ef
729cb450-34d4-4ab0-ac94-e7279f07c31e
456639d9-585d-4595-8ca3-90724e6c088a
8295296e-3f80-446e-9ddd-091c78beec05
d55f44f2-2625-4893-a0f0-5295d77552f6
e95fb414-c5ce-4432-82ad-930371e41ee7
8c5c326c-eb22-4b85-b99d-49e5f623df18
171e6880-ee7d-42e4-9dc4-5ef59e42656b
df175d44-9921-4fe3-bf79-95d49b3aaf20
137684e3-a726-4792-8f9d-51ee932fdf5f
0d6923ae-0fb6-4e2c-9a65-7eefd5527337
49328e15-1016-48dc-9bd3-51d5af2b8edc
31120a4d-2be1-35b8-8bff-f80557d7463b
cebf5ef0-da78-4a8a-ad63-718b4188558a
0a4431a4-7214-32eb-88ff-6954da29a2da
32b46463-4b84-4ab8-a009-cfa6bcfbed6c
e41079ab-5497-4a1a-8357-47f65117b343
e53b1bce-5055-45fe-b611-dd195b9d2269
1bee9d53-59c1-313c-95b1-0098998d74ec
27284726-6e38-4cb9-95fa-bc33a46c6cd8
dbacecbb-f5a7-430e-8244-b1af523a6684
2483eae7-22c7-40e5-a0eb-56dece52afac
2d35e882-8f86-375b-82f0-c9af2be7737a
570a512e-8db8-4560-8801-8e0ca49a59be
59e52283-361c-4b98-93e9-0abf42686924
76961cad-99ae-45c2-b3e4-13f56e9ebd25
c42d46be-6d58-4ca3-a6aa-928b9dfb11fa
a333e75d-cf32-4d75-810b-882701bec2d1
e1f5ee41-c42d-4c24-844c-c3093d3ef3da
28b5b3bc-2852-43a9-bc08-0fb9b34732e7
01899124-9a73-4a42-bee2-ba55f6efb8f3
0da9753a-d2c8-4b02-9e7a-9fb3881f3c1d
1fd17700-6286-312d-a9a8-14920554987d
c94c58ed-23fe-43a6-a80e-92186f15ede0
98b7ef33-70f7-472d-8787-f4c97bd1cacb
30943e24-eeba-44c6-8f46-eb86c4b187fa
8800ce18-adb2-40c0-aead-6e3ac8b42a4b
cac2df2b-5839-4b08-8212-2c07e14621e5
04852cf5-1987-4cbd-bf7c-de14997a7780
438078a4-92a5-4248-a7ff-d5a46799b955
4bc27cdc-6531-4119-a19b-a4be3ca56c35
e6e2fcd9-6cea-4d72-8c9f-e98f68bcba5c
1fd55b49-a16a-46b1-a196-e6d00b4ec179
1d0119fb-4064-4588-9657-0eaa8ca013bd
78563000-6c88-4b15-836a-117da26437a6
badee8ce-ba11-484c-91df-c3b10a27619f
2736e048-b4e5-3ccc-a642-4da04847d417
0c4f330c-787d-4fd9-b36a-a1308bfce2e8
5793b31f-8c59-37f8-a06e-7ebaaf61d132
5fc13bc0-a4ec-4d58-b82c-fc9e36ebe244
b33deb5a-4a01-4e2b-be82-3f4a5ea98fac
b34bc926-89f2-4061-9874-c164eb6ec973
b5e8ea33-ea57-47b4-a495-bfe39d422e80
57a98102-6188-4637-a75b-1c28106b9800
12682f54-bdc8-36e6-9174-15cb1c54dfa3
b3b7e415-b77b-4dc5-8bdf-7673a00f2b0d
d7b98bde-9f84-4c4f-be6d-472d8c63e4e4
1d225c81-9e90-35a6-8358-e9f50115e0f8
b03af7d5-6aab-4a20-b2c7-7db05b0846e8
a29f69f7-9df2-4038-bb61-122c9f6f907d
08c6a3a9-e786-4991-9b07-da8689405c80
2c33a1bd-778f-4ad0-9439-e65bae1a9784
da0b03f9-d801-4fa7-97e9-607b2c2d000b
1368b132-2f89-4e47-9898-53fdd0222792
549eba4e-2479-34ae-9f50-1f8a09e64d7c
54b43c47-400b-440e-b88d-27cff6ab1483
7a52c8d0-9b33-45df-bb60-cab0bab9ad1d
07f2aa32-9aca-4c21-8b80-9393b4439c53
ee321758-50bb-4ccc-ad26-28d0096f4f7d
796140c9-fab2-4d2b-9c6b-1493fcb4dc3d
419d0b32-67dd-4d38-82cb-b327994598ad
0c409bce-5f41-4d5c-8b74-1577e843d604
498f3546-9b5c-3e58-a87b-6cf7dd6379c0
1fa4b862-ed44-4523-a3cc-67956eb18bd0
e309952a-21b0-43ba-a62b-dba824ab4c84
59d1d163-7618-4df9-8742-0f025fe77964
3fca3628-408a-3948-8715-4cc3925bf1e1
af909f60-fbc5-4722-b5fa-68b4456d170d
db17de9f-ed6b-4774-aad6-c34f69a4c1a6
0f08354f-9be9-419d-85c0-e6f219691b79
08b49386-dff3-327b-aea1-3726e74922d8
e13db93f-206d-404a-8931-6a453d13c252
85c56fb2-ff7a-47d4-84a2-199e61d6159f
a94f0785-07eb-414c-b71a-fe1e162bec35
e9e0d324-82a8-4e87-8ae7-7cc5c1d4bdd9
7809e75f-4cb5-4490-9029-3c67e635ab5b
5120acba-1895-3e27-9959-aee731cd666f
b4d35416-af5d-4a91-b8d2-bd05c80ddb20
b3714b1c-2e82-4a1c-bbee-40dda6d32ab8
d36f1296-eeb5-47bc-9d83-212509acc777
5e4c006a-4a50-32f0-b64a-a3826a0d9196
6cefa84c-81f8-424a-8da2-9965c1cc742d
50fc4654-7e22-3590-8ca4-651e29e5932b
4167131b-293a-4c3a-bea1-7c59d3a5a6a0
d2268667-5751-449b-8f06-67017c7e82d8
50a738d9-8aa0-428a-86b3-315f385242ef
a8c34fc0-a9b7-46a7-9f77-a3e5ed3bba12
dbbb0b3d-4f86-4468-be36-8c196d1de69a
f38eafe7-dd04-4bd5-97c3-d62f615b7339
4f24ec89-511a-43ec-a3a2-bdc5c98f0175
bc57688b-60c6-444e-8083-5ebc5257218a
fd14e55c-9ed5-44ed-82b9-a006356d4d1a
21fd4a8d-363f-4136-a3c5-f3621196ae66
2c009f4a-2c5f-4b3d-8cb2-389a3000bfa4
5bc7a57c-4c5a-4bfe-b377-2709bcd02a95
c0e99197-dcbd-4875-9184-4d8b9e6e4f80
8747917e-ce72-4735-a25d-ee450f236b50
d24af1e2-8f7b-4491-b299-a10d6c87a14b
5c743f3d-6647-4f2b-9ecf-561b119cc104
8352b20f-d22e-4c35-8277-cb1da2a7b84c
711916a2-c204-340e-ab97-72101593b89e
1304be14-bd5d-4bf4-bdf3-a30cdae5fcb7
ec05137c-d110-4a20-9a45-f78f3c1d0eb4
684c4288-c5e1-4cce-8937-cf4234b6d426
1715999b-a347-41f7-8210-db57f7ad5547
a6e1d36a-03e8-4613-9fd5-26ff77f10bb1
a7b8bb01-f966-42da-adcb-086e198fbe87
1a236d41-577e-48b3-a4b4-2f20e58c4f30
e92f5a93-5706-41ba-b778-cc5c2654ec28
0cfd7b6f-d676-4625-8296-cf8bf990c7d3
0e13d9b7-7f11-3b4c-b59e-00b3de772847
0fc6deab-e0ce-4133-97ae-26e55991f8bb
6c93a5d6-d44e-45e0-84c8-cfc1629438c1
d8de38b5-1c19-4843-9f99-334fdc8902ef
bc34a9bf-a55d-4044-b0a5-fab42919886c
322c7f14-bb67-4b58-a6c1-f62741ceb3be
2be3d20a-f8b5-4d29-b821-8b00bd3e425c
c5ddf01d-ec26-47fd-b7cd-040a398cc12e
b43af2c5-3783-41c0-8789-a35a7b1f548f
e4c41bb4-dbc8-460a-8f45-a4c63b06774b
db18b256-bdf0-3625-94b4-531d21ba3ff9
1a4303b5-a796-3f42-95f8-f1d881d3b7d6
2767c5cc-24b2-341c-b76a-e0f5c2153b0e
812084ed-dd1c-3c64-8cf2-b6897bf003c9
a5831b51-c890-40d7-8625-64a3972c7453
1bf7cb00-0113-3971-8fef-842ac086281d
b1b4050f-6c93-46ee-b5a1-a5e6ce36aafe
61825154-0b83-3b9a-acf9-2b4d7e1e9096
e78b5220-37e4-49e0-abe9-851704b0a8bd
44012364-4d47-44c1-a8cb-9e848fe6def7
3405cee2-4472-4bda-8a85-66f0f63f0e51
3f7f94cd-11f7-45e5-8488-3c9e028b220b
c3ffffac-5554-4691-9d28-9be1b7c39903
a966be3b-eb01-4f10-86aa-64fb17a2ad95
a13e7b3a-b2ea-458f-abe6-21dd2d031e00
bbf92d04-dfc7-4e19-8fe1-b86312790dbe
487ef439-405e-49f6-a67d-b9a38ec99088
3f7d26ad-491a-4de6-8f41-b81e9f094016
a22908ab-1858-480d-89c9-8c65fd9949be
83b4faf6-2aed-485c-ab1d-457848bea4eb
7cb039d7-8f68-4c6e-b812-515ae850f6d1
a87a9ae8-e548-488e-8769-b4bc530b35fa
40536da6-7369-3ce2-8742-2b86dd33090e
631ce87e-431f-39d3-8bec-a090b03a1298
587be7f1-bbfd-4948-82d8-217d70e27fdf
f73c58b2-b54e-4a9a-b696-86f747bdcb33
42d9f16c-6c0f-3b05-886e-1e04ca9d46f7
98e118f7-edd2-47ec-9912-3a2954477cdb
32adb74e-d807-4c90-848f-d11bc719687e
2a17cf5f-ec24-4ee6-87fa-a504712a45f6
95365fc0-ba19-4166-bb04-d46217fb0cb7
59e702ed-ba7f-3193-9131-064e86b0c831
ef292341-44b2-4ff5-989f-1cf78ffaf7f0
69830520-7cb7-4c4e-838c-95ea42da0284
09d5b6ef-9baa-443e-83ba-441493a565c6
4ae411dd-cd8f-3b77-acbd-8f4d813d7534
b954d8d8-33db-46b3-a218-bd1079f233a6
1c680265-f628-441e-afc1-78d521ff42b6
567b90ca-3733-4dc1-8968-3c4ed4ffeba4
e7b2d2f7-3f82-40d8-b88a-cc33fe3e7d28
d19afa9b-9b7f-4ebe-bbb6-c8217f7de797
9097c36d-77d3-4e3b-a8c2-eacdbc6a821b
b74eca44-dbd8-4f28-a11a-ff514f86996c
87f6fda2-fede-482f-80fd-c2620745163f
01839053-f5e1-4165-b492-85836be84194
0b8fd0fd-4f20-4d3a-bf70-e20f52b13c12
721a0603-b263-4ccf-ac30-49de51a4deea
ab7d1c55-e0de-4126-9dae-cba840c4439c
62bf26e3-a476-4fb4-8119-8209d8c9c4e6
a4fdd504-6829-400c-a5e2-4a0cf82d84e3
5a070537-1a46-4dc1-924f-ea06ba1e4719
9587ca31-8c81-4caa-928d-e9cddb52b8ec
f6a3fbf9-b41a-4597-b53d-482ca03053fb
6686ae4b-16e1-40b4-921d-c1238dfc3afd
3c163dbf-1558-4a9e-8690-f3c7126d1f29
3f85a8b1-ccdc-47e9-87ab-480c3166d668
5d662608-e130-49bf-9ed1-e8ce759df64f
a6d3e27e-7458-455f-9ab3-5908573b17fb
86bd42f4-36b4-4436-88dd-b9df588e786d
f87e5577-6dcf-468a-b90d-6924c3e395a5
7d6b5e50-68f5-47aa-b0b7-1b5604f2904b
fff45ef4-fbc8-46be-8fa7-42b7fc847e86
622d244d-6059-4fbe-97fc-395e85aacfe7
e1adc6bf-2dd3-45c4-9139-0bd880574919
274c7578-e068-4852-8674-af79428e25e1
9188a5fc-0d33-4e95-9c23-598c93f8a514
496400ff-4540-4911-a1c8-a5ace630cf89
63d29efc-3f22-49f0-be38-0cf4235ebfb5
d358cff2-1039-4836-bb26-b74a51ad207a
47570843-03a5-4f5b-93cd-4a98057eb81e
5dceea43-d17d-3b2c-a9ed-2e62782ee43f
38624650-f242-42db-9869-6e376bad00de
1d135528-c365-3d6c-b4e4-80dc3ee56af9
7a0b6698-a4e9-48ae-ae3c-46b77e55469f
077eab93-6117-36bd-8747-3c82cd8ae69e
e68047e8-6f14-4908-8c5d-46e6dc057a61
c96a613b-c69f-49b2-be18-90a2798a7b89
62a737d3-8c7e-438e-b436-a4f61dac0eae
f783bc85-89dd-465f-bc92-6bfb7c2f83c7
1d0d50dd-ff75-33ad-ba7d-e69012ca79e1
6bad9949-125c-42cf-9bb5-eeadca2343e9
2e49bd3f-02c6-4010-95b9-a7e7375dd992
dafe7784-aef4-4afd-a31f-6a9f79a50bb7
b9bba127-2b2f-4fc0-8257-4f8e640953b1
84e05e57-8b52-4cff-8dc5-2083a8a1d5a0
57f418d5-60db-43a0-8c50-dd9ad661f322
0df5b34e-b850-4c99-927e-0b1a7e825396
1eddf36f-868c-3d18-9308-fd184b18fbc3
7aa0c7b0-ee66-4c61-b03a-c594d9cc4064
03c297d3-c451-3ae2-b310-cf4d493a6a3a
32b2f3ac-837a-4e5f-b28a-efda83a004a2
35fdd39d-c6cb-4896-b8e3-735d836b725f
73e26837-de01-4e9d-96d2-56ad16d747af
667fbfb2-d678-4101-9713-c2f7eced4981
adcaff86-4aa5-43e2-bc95-d7f822f68d01
0b909b21-f15d-4bab-8ec6-d7a3dd288fef
58a4a8c3-3c68-396d-8e3d-b357a2eec0c8
811af639-f832-4df3-93a5-fa067dba7aab
0c72d32b-e98c-4212-9e68-e0b6573c6784
8244237b-0c1a-3f11-8254-087c78d7476d
fc948084-5412-40fc-9309-d889f45e8c62
576818fe-ba08-4aa9-8fe1-fd2e2150f808
bc2432f2-569a-4d60-9332-6e4603211d96
5d59c748-ed7f-4809-ba97-f82f2005961e
3f489f1b-10c4-47c5-82ab-7140bc92f110
6592885d-d992-3520-99af-68938059d874
d29c310b-3447-4fed-a240-cd0ea23e12ec
1ed6ea58-439a-4409-9805-6ec43db48ae0
6d3a092b-b819-4f46-bbff-57e90f5cac0b
2e76eb87-e0c1-42b1-ba51-a232cf2013e2
5df77497-e845-4bb2-9a0b-fb24038db37c
54cb266a-db46-4184-baf9-52794af15e4a
42061aa6-19bd-44f8-95db-e91d3fc90d54
5157b498-3cdf-4513-bd97-237358b1979e
790d23da-e07b-4885-b80d-be1c28b54858
728b2ef4-01aa-30e0-83e8-571e4ea6cc8a
18b68a1e-d2c5-31e8-9e29-277af73e71d4
cb2ee933-da2f-4048-b4a5-cca085874fc5
321bbcbf-4e4e-4920-af76-14544b24df9c
1feec0c4-740b-4c87-b30a-077eefd39a59
04ab3ea0-3b99-4b0f-bf4b-dee0ccd0e740
215f41e9-f851-40f1-b2a2-d9daacaae1b9
e56743ad-4486-4afc-a5f4-adcbb78672ce
8bc8e550-b56e-4998-8cb5-03938f552112
9c2e6c40-74b3-40b9-84bf-5de7cbfec0ff
553fd456-0d2f-31d4-9f31-26a3b79dd205
e848dc0c-ca5a-4d63-8020-bdc6da04f801
3472e703-287c-3eca-a92f-1bf0f9527308
cfb968e8-cfa7-48b5-bc5e-cc04e07760db
c50fbcbc-3aff-49a6-8af9-c7b9993f3040
7ce742aa-d474-42ee-a726-eb88848f4cff
a79ae28f-e391-495a-a259-6eeb308950bf
4a18e45d-05a1-4d21-9fb3-b53996157b14
6aa9828e-dfee-488a-a1c9-5f3b8fa4b210
5807cc9e-d971-44ea-a0e6-a304e3228e1e
30f9f86f-6f58-4cf4-b2b0-8486b17d15ba
278e81be-6b75-453a-b282-1968caf19808
7f2b4539-f05b-336d-9489-19c6f70823f1
3565e83e-c0c1-405f-b3da-47530fd5d8bd
0f25a699-6560-426d-a590-7e69986c449d
c4d96e9c-54ac-4a70-8159-233f0a365983
548332e1-68ae-34fa-a8a2-82ce4daeeb4c
0392b679-bd37-41dd-a133-4a63b5b1b0bc
d1fbfde1-bb9c-4825-8bde-477e594fa774
2f110825-03ed-473a-9515-f07bc1907386
7d54ef72-bdbc-4131-a8ac-d39ade5e3407
6b1f181e-85a9-48be-9464-2004e13afee4
417411ed-e0a0-488b-b588-693e0ac6d6c5
447e7b39-e2a9-3857-b889-1088270d771a
81d1ecd3-9a1c-4ee2-be0e-de9c6c121ed3
8b622586-023a-4858-a402-9e7d0b12bc4c
e218759c-6456-4a3e-97bd-267f86050bce
1364c692-6365-4fdd-9bb2-dc250d0a82da
fabcf4ae-299a-4c44-94c7-cbbe5a5b4765
8398e8c9-972d-48da-8e1e-9a5af5161d38
978dc980-b198-472f-b04c-cdacf7d0e968
1f9bcdf8-2390-4712-8bcc-66bfe526712f
2b308f89-9b94-3d94-a7e2-db47476330e7
7c15367a-925c-4b89-8f0b-d46e2a386f7d
652fadac-5ee4-4a5f-afad-b3df8568f6b4
ac9237cf-0b1a-4bde-8f37-40ea2f165de9
6f69a3c8-d4b8-3a77-a61a-5457d9919af8
dc3e8d21-573e-449d-9822-2a59560fddec
04bc088f-f644-397d-9d92-4d7fcc976ae5
7cedd2dc-22aa-34dc-8c9b-c87fa3ff3b3e
76d0a744-becf-4852-83c8-25d793d438c5
09e0094a-0615-4623-97ee-85f3ddc87032
33b9c599-aa12-4562-ae82-0e8eb6eb8580
69125da6-5049-4fb2-af85-abf17c898757
73bffbd5-74a1-3efd-87d4-a8f0c0b7ac1d
6951eb82-bfb8-4c94-9a7c-27082111137d
5ac1c485-70f1-43ff-b0c8-508309b8331c
ecb1e7b9-19f8-46c5-b48f-c8f1bcf492b2
0ec37814-fac1-4cdb-b945-b890f1310a7e
75841efc-baa5-4920-8c8b-3aeb92067b6f
b3bfc536-ab31-4bf5-a556-8542e26c39c7
14368243-4ce3-3bdb-98fa-5a352f19edb4
8a3a4b1a-0720-458f-af74-0d1c04fd8011
40083db3-c14d-3c8c-8621-0a02a6773ba4
eaad2321-5f98-4e47-ae8f-0a0748e0f6d5
cf928265-3c66-4087-be43-40b6c5b5ad47
f40672ae-f39f-4d82-a58a-054db764b192
21789fcc-7d2f-40b0-914d-e05f49727f0a
96fdcc03-866d-44de-9dac-62a35128b870
9ba3342f-27bc-4a82-8791-af5f7510fc81
666bcfb3-51a7-4ba5-bd34-a369867378bc
99e35a9e-b125-4334-949e-5845f987a53f
8105b670-faf1-33e0-b9e4-16c199cc11ca
0bbcc648-d6e5-4c8b-9edb-d26b6cadbc2b
b7840487-9a2a-454e-907c-559769d8f9ca
4efd1db2-3b39-49b3-a23a-96f791d981b0
0803fd68-5726-49fb-9fa5-5e68bfbeceb0
6d6f066e-be4f-43b6-a0b1-09ae6eea1373
8f4eb5e2-337c-45f5-8b64-803c6ecdc760
4fed5a4a-b52e-4226-a6ae-d3a102b602ac
c93bb0e0-b427-4840-bc8f-5f41eb476b54
09e093c6-45f8-3381-9466-a74d3e0dd195
1f85dc7e-f9da-4237-8fd3-7d4a87484f57
c4bcf25e-e3a7-4e06-8dfa-17e3636a2968
01f5d6fd-fe85-41e5-ba06-7dc66f28fbbe
129a993b-1a2b-4a1d-9a4d-fb1a014a34f1
0876978e-762f-3ffe-ac4d-aab1fd65d033
332a5983-809d-3ca1-b25f-02f517fde295
19de664e-4c79-4380-9e04-9c5cec89f68d
254b1e17-3b4b-403d-af3d-7e7767932249
9d40d9be-42d0-4dbb-9fed-0a57143f4e34
74334eea-8e8d-435e-884b-90aa58af8dfb
6958e562-68ca-48b8-8e74-2a678f22c8f7
2174747e-042c-4695-8b8e-2fa6200af0f8
01dbfbe9-8648-49bc-9e9c-edb5e631c566
aa4bbd58-d118-4e1c-b8b6-410b759beb86
087c2571-888d-46a2-a6c3-d0a9c6988a4e
24360a57-5ce1-33fc-aac6-085f5c9619ad
37c539ec-3bb0-48fc-b91c-6bea3fc6115c
4db035bd-3603-3ae3-98e3-b3e8c61dbda7
3e5f007f-3630-4ef8-a5df-5effdd975c3d
c5937f46-595a-4ac6-984a-fc6611d604fe
e4b0dc19-5f8b-4ffb-8ab3-4b88847a710c
5a27451a-0eee-4e96-9c73-6905ef568ed0
5ee96503-4f2c-4ef7-b5a2-9f42604f9bfc
41f50a22-81b4-4274-9ce4-0cb6e2c0841f
ab9228af-ba3f-4df6-b4b4-356a21a84964
13681311-2e8d-3a43-983f-e2b1838c3c75
60eef40b-fe22-4159-a178-0729d91216d1
8b338186-9acd-433f-99ce-d156a84e27c5
6b31a127-36b1-4d4a-bcc4-1807a3bbaae9
a6f12011-4a57-4471-8640-a4b22ed24be8
211afccd-ca29-3845-958d-2325f600929e
108ad36a-e802-4e90-aea4-a765ab59be6d
7bd3ed94-ca36-3166-8d5c-e536b2f2a931
0ef12dc0-3288-429d-8846-9c37ea6948ff
78899c9d-7dd9-4e3c-b5cf-98d05183d4c1
f6861dbc-7353-4dcd-950f-8e1e57b8ee19
8addf7a4-fee1-4e50-a7a2-aa73547ed530
cbe95181-8722-48b6-8dbb-4c341da69390
458140b8-8552-498d-9fe6-0cdbd22acced
69f7c23f-3d59-44f8-9097-72a4f280600e
53d2904d-607a-450c-9b37-1b4af7b96127
02d15e1b-09d5-425c-8323-0a423f655615
00775a07-b5c9-4020-94c7-2cd698d668f6
c2a14887-ae1f-4b8c-ab37-bcb949229616
c1ddd574-e823-43df-8a17-11b93eeddc6c
57580a13-bef0-44fd-b611-863ea4a3aad8
fbf40012-c424-4c71-a48e-292356ef60ac
46508972-4b98-489c-b272-cbeab01eb6f2
963bdd73-7b4f-413b-a914-c9289955fc0e
1c438ce6-5cc6-45c6-8ae0-6ea01efed7a5
edba419d-3616-46fc-9917-ec26f246da54
c3c80594-d649-44f4-b92c-ffff3096b493
bfcb3603-3239-48c8-951e-c0d861a018de
54275b58-a2f9-4e32-9106-ca09282b9c52
2de026d4-b7d4-4ac2-931c-b256fba2e059
aa4729be-69d7-4b90-822e-047c3071329e
17d7c371-b2ac-4472-97f5-1d2cde369d40
59c1ed05-d289-4a09-9786-62f72bbfd0d6
322810cc-2f52-4efc-bfcb-55e2523da817
3e6934e9-364f-4daf-b687-4647a37b568a
29c6e82e-b933-41ee-9e0b-071100220405
13490e21-9626-4f68-8783-39ade4e0b732
0e874d17-37e5-372a-9be9-5ca5a3b1aa00
5f65f95a-20f9-4862-910d-7ad4edb1cd80
d72b7ee3-e39b-42e7-b796-e7ec9d23fbd7
865a30f3-d4d0-45e2-84fd-35a93719214e
03051836-f41b-4fb5-88d9-de7fd5ae86b7
f19b9d22-37fd-41b8-9b97-4079aaad89d2
72dccd01-4f58-410d-8c6f-987f39356749
70837ab0-1aea-43da-a7cc-f67f3d9727b0
f04245d9-b314-48a9-856d-93a98aa985d9
6d671608-ddb1-4655-a980-74ec8a45eaa4
0fddda67-0340-3fb4-af5f-b5edb4665510
a1992a82-6f9c-4f89-8e00-65d400a7ace0
7e599b3f-60f2-4e3a-aaf5-dbedfda52c8f
aa79cf7f-b553-400f-a596-df6f64d00305
60f8fd7a-c53f-4fe2-9330-f68095916a6c
11710d4f-b5a6-4f42-9149-e6d5c898bdf4
6e6990cb-4b0e-486a-9cb0-fddbdc890d12
2e30a27d-f135-406c-8754-5863e4592e93
ed76eee2-9e97-4109-becf-c45463d9543e
b53d2837-9cb6-4275-9b71-af4c1de2dafb
cb7abffd-5593-4392-948a-a38ca4172053
6eeef0a6-13c0-49d7-99df-f7d835f9970a
1754e053-d9b8-46e8-96d9-92cbd063cd63
4d9b7a7e-b102-3458-a112-033dc1cffd7b
5b537b47-529d-4417-8c8f-a63485b9a05f
8ea548a9-f28a-4a2c-9621-4e84304d2612
af64b95f-8309-4ea3-ba49-e144dfeb86c7
44e2e6f2-4922-4b8b-9775-2c7fa8b5988b
7a36f8ed-14f7-3c35-b080-30c2721f938a
7f695a66-fd55-310b-90c7-58ca4843f8be
fc9b2820-c9c6-4815-b8d6-58e4dcbf7b6f
0f995539-333b-4b7a-a327-fca47930b3e2
e828c15a-b0bc-4890-ba87-b4479a11c5ea
6212f2c6-0c94-4775-94a0-e1e7dd75c24f
45078a8f-0573-472a-8523-38017a834801
a779b65c-2f81-4532-bfe9-cee2c56eaac6
6c746334-5d9f-3e7d-8f7e-1951b47c91e8
08105e17-9e57-354d-b6e2-22c2ffd287ae
644d8471-a5f9-431d-bee4-96cd759572a4
e94bb5c7-9122-47c3-8b30-0c6bc52041bc
14e04cfe-53fa-4855-a2de-52521326dee2
72faa6ff-caa5-4036-94b0-b18d220fd65c
b11680d3-a4d3-4e18-8cf4-29f532f76470
29c5de3d-a397-357f-90e3-47690adf12c1
025336c8-61ba-4cb9-b844-a67ae7d553ff
43345ab5-9d97-4507-abab-dc403b8ee2b3
7a161a4d-e174-44df-97f6-daa1e7b8dccd
8314e676-c506-3017-b1d3-08d8b7625d85
ec8593e3-11b8-4b77-b5fb-2f32d5abf03b
21af7203-f97e-32e4-b0a1-3ed957f2edb0
11c84801-6a2d-4662-845c-11663ebcb49b
108d445c-64b7-40b5-8132-62ff600a106c
23477dce-20f9-340e-bebf-3dfaeb71b6b4
2c6f3def-7015-457a-8210-5f4c4ce1e5cb
8057e124-bcdd-420c-a33c-b1a07497fa68
9b4d8975-bb70-430d-98c8-47da905385a4
d30a77d3-5074-4c40-a9fe-b744f139d417
58478c28-2dc5-4c90-80f9-96c2c5a4d0f9
24a49906-1627-4639-ae26-32d91d02871b
d545413f-8af7-44d6-a472-c0a1733db990
185a7f58-9ee6-40d6-bae1-ff8c1518f625
75d07f16-2b2a-3045-a61d-75149d105ccd
464e7480-0261-3b67-aeb2-e45bc695d601
4e200c6a-d235-4f50-871b-b63d0d85bc97
d0c67dc0-87a4-4d39-a2a0-15e11c020364
5fa11d54-53f7-4b9e-9d8f-07012eba4e90
fd8faee8-5dd8-4a00-ac74-00e0d8c1cf1f
10d6680a-57bb-4ed5-9254-a10969ec7ab8
707588b8-a105-45c3-8f8f-69cd97ceb751
9bd7046b-47f2-43df-ad5b-6c6290dbec5b
8da9f8b9-8a39-445d-b338-992338003e7f
94976888-1d1a-421d-a4ea-d60ebf5f7775
3e1c35f5-c1f9-4dad-8cd1-1649e72f182e
c00da5ea-9daf-4583-bea3-9a75ed2d8053
460e5a75-02fb-4855-b66e-2939639a9561
406fed21-44d3-4a4c-8bce-e942e80856a4
0f283e36-3b81-41be-9386-8b3435bd5f2f
80606c65-e280-4b32-a18b-f920e0921ab5
8e09921d-33fd-4169-bc5c-2dc63f4e9371
c7c401ae-9330-41c6-9a08-01bf7efe933a
ea664b57-5f9e-482d-952a-854528791bd9
25a0d740-14de-4aef-bf40-a736d2801236
299d19d1-7ea9-4293-9111-a177c61b8545
2914650f-03b0-4d96-a1d3-81cfb7165d92
d5778213-37e1-4dc7-a1d6-e9de2e8a1733
530c3dbc-ae01-3b03-a52d-7d9e61fe4f7f
14cecc7c-2738-481a-8bff-a6f4918df247
5cdf3ffc-0280-4bc7-9a5a-fe12b3e9a021
22854104-37d9-4921-9170-29650cb055f2
94f3942e-481b-47d9-bbf9-7dc7495afb61
88e7ddc5-aaf1-48c9-a967-765c1ad3cc85
459e687e-e452-42b0-9c30-896d97bd545a
d41a6fb2-c508-4114-b5c4-2b60c3d97f64
fb42f4b0-1fd6-4f06-9a63-820ce347f73e
69e270b3-9354-4f92-a397-08099b189d3e
578ca58a-dffd-3c7b-91cd-11321e6a21a3
72111125-c726-3c88-85b7-5935724b5f97
c136c05d-c189-40ab-b35a-a392102c3737
30ec3164-1932-4dc2-a855-0615d9fc89fd
7ff2123f-e8d4-49a0-9214-c177ea760b86
71b110a5-4ea0-42b5-afc8-5446c6e28d83
747d8698-8c32-460e-911c-3dc8a1d3c988
5045c2af-930c-44cf-a24d-1fc5afcf4444
319df900-0d4c-467d-aabb-2a2c082235c4
fb71b194-f607-4271-b8e4-8c82c7e606af
a5930683-dab2-4541-b49e-1f0d96bb0ac1
111a93c0-aad8-4ec1-8ca1-be29edc05e5f
5119667c-2467-47d8-b68d-6c66bfb90bc3
71c821a0-41bd-425f-9311-c689a7d1528f
a82e3024-f613-4b26-85f6-4f27086ee54f
b50146fd-d781-464b-b928-66116382cf6f
faa72f09-2f6d-4a10-9165-d54b491bf64b
cfca2dcc-d626-4a71-9bda-24f3fdfa305c
c6ace795-594e-44c8-ab4c-7ae1e3ac1203
4fbaa69a-f362-4ebf-b8c5-8ad49b309fec
3a7757b5-a427-4072-b927-2e7324664fcd
4232a474-2661-44b7-becb-0dba932629b5
64daf139-bf01-3270-8280-81f9a4c63b97
1f0cfe9c-bf69-49ca-af62-687cac458307
4340c3d3-08fc-45bd-8d50-9ab443fa9fe5
d53ffa68-36ce-4241-b9c6-760d132e8a5d
8cda950c-f8c8-4e30-9671-0df124bdacf3
409ae7cf-1cbe-4d88-8936-80d192c168b5
56816c22-457e-43df-94bf-2e78baa8c928
769ab34b-95b7-36c3-bf07-71c9c7a89494
04753da7-1d93-4857-8b7f-51c50fe95568
2987f74a-6a99-48e0-a15f-def10895ad06
81d35cf0-c17d-4289-846c-d8470f31d5cb
770657a5-d868-4912-ae84-454daaa16b9a
49b64c30-c4c1-467b-8d40-c58c059b865c
06d231d8-c2c1-4605-82e7-a0b7c05200ff
56b9a175-9c88-36d6-a030-e1b948fdd102
53cfd3bb-3df5-4726-a8e8-41507bc87881
06c15b5e-2354-43f0-bef4-82ec94ee9ee2
7042cb90-9cef-474e-bcec-b344803178b1
6af44d96-2d68-4ac7-9724-0b838523cfa3
07ce940a-2a2a-4bfb-bc31-e23bc38f6ddf
47d40cd4-1ae6-4dbb-87f4-cf0f715eeff8
9cc4cbf6-c2d6-4c20-93a5-f7603c8cd6a4
ac2e38b8-fe04-4a6e-a89d-e5948e210163
93a6de7f-9f80-47f1-b6e8-ec358112f98f
1c4de6f8-1017-3dd0-b98e-fbefff1778ff
284277da-b2ed-4dea-bc97-498596443294
55cc370a-e547-3b46-8f71-d165b46ca596
6cea7125-5624-321b-9411-1acf3f91e410
ca52f083-d5d8-435b-8cc9-c1ebc84bc3bf
49a34778-1398-458c-b7b9-1a4fc1053f82
55530f52-70db-44a9-9746-f248a7bd2ea6
1f326595-44d1-48b3-9c99-7eaae7b2894e
d42a8632-a9dd-4fb5-b5f9-8d779738b806
f98e24d0-482a-4a47-a98d-f15feec8a6a9
7c2437f8-bda9-3e14-b812-6532e5e60870
225c9976-2a7b-4546-ab0a-c2f2a6b5de8c
7894eab2-aa6c-4880-9816-cca4bc091c91
65b5062b-666a-3c3c-a465-bb43291d0e66
28bbffc9-02da-405d-957f-1988e5719fd2
9f6d32cb-a960-4924-92b3-eaebeafa0a6f
b98f48d1-9b8b-430a-b803-c24d87a77386
e84cff9b-41e0-4e1c-afd7-69937e99562f
71cab400-8371-3677-915a-fc03f86c10d1
6da3766b-1e21-3481-a0c1-9256e09f3bc2
f4d386d0-3b3a-4ce4-aa5c-61eb2234ed04
8eb2b743-9a0c-4dce-96f6-1662205836b8
f7749913-905f-4822-a222-3146c87abf62
09634f2f-661f-4e14-ab87-2d57688ed12d
1143ecc3-183c-4596-a029-28afcb3e049d
2c7d302b-d750-48cd-97c9-e13f6da9c783
0eb16b14-8984-4734-a882-9299abc06b12
93a7847f-b482-44c9-8bf4-0417d174f4a7
4e010fd2-7074-47ef-acad-ad953cbc5748
d3902c3d-06e1-46d4-8f86-d9475dedf1c9
9fce8aa2-e984-4beb-82bf-e6ffb91ca9cf
b1bd68cb-f338-4675-881e-0ca4daf44e4b
4f97df72-b603-3d75-abcb-29ddcdaec8ef
d04d672b-5908-40b4-bdce-28b236ab9e09
85403238-5936-4028-80b9-1908b0c007fa
64b44dd9-19ad-3235-b93d-c5f9c75e0257
03b036e6-e967-4525-8802-8fb57cb2dbc4
3d73cf6d-ccd3-4adb-8227-5639bcaa5a30
ecc9c87c-26f7-4195-8fc9-45c73d997b92
54c0fdf2-9802-4f4c-8fb4-e8e21cddb564
e2956587-6afb-4ec0-a155-5df5d44817e6
7483a008-3beb-49a8-8ef5-50240e866199
50caf37e-e0b1-4aa7-93ef-93c474f3f4d2
996832bd-fedb-4872-9563-165e875d4ced
9af05b43-35cb-4193-b3fe-9578c4e90224
3ea31264-a880-4b28-adc9-f9dc1a5420da
5e46dbf0-1acc-397f-8c8c-8eea8d2ba581
6fe37444-dcc0-4571-82ce-abf0a35bc07d
af4dea89-6d47-4d2e-94b0-d367d26860a6
0a5a346c-cc3b-4280-b358-ccd1c4d8a865
234479f4-1175-4aa3-9767-a7d08635d02d
5d9ed4b8-593d-48ea-9c92-e5bcc4c2d238
fcde5055-8e86-428b-acb7-7d96b1d4b1ff
38b5da6e-ebf3-48b6-b73a-728afc770b6a
5a8d8098-cf8c-4109-89b8-39e1e937e8ca
84d98403-de64-4376-b7c3-df693c816af6
f7951381-c756-4bc9-a668-1af42f5b9a83
4d4ed837-e00d-4e35-8ef2-b397bb4aa42d
7f01f41c-15df-3ba7-aebc-d404ad8583dd
7a1df5e9-0a47-3640-a68a-1b1aa07e8414
2873696b-47ed-40b6-a998-67ac58c20aac
6f0122e0-7043-31c7-b432-dd33542559a6
5b185ce0-b3d3-47ad-b7dc-fd2a41da6fd9
9b1d49c3-7d15-4d2d-8d06-79ebe8fc1d57
75828435-bacb-4a6c-a907-8e7ae1064a1e
72f09fc2-7f0e-44b6-9c60-f5bd9161696c
3d90ac60-0a44-3fbe-85f0-b445b07ab3f0
56532b63-19a3-4ffa-92b5-0d4c5a159d2a
f130342f-9cde-4487-a875-e268149f04b6
31cfd838-9547-480d-bca3-6f733dadef93
2c8c823c-b16a-3310-b8c0-9d851a92e275
3328d309-b3d5-301f-8537-f52409f35906
c8ddb8b6-aaf6-40cf-94d6-e672c8f9bc19
ba062195-2b1b-4d53-93f5-0a9e6aaea38d
07e0964c-d198-4a3c-b850-ab8c062d12e0
aa56886c-8f6f-42bf-ab86-f2a99e086d89
956a28f5-436a-4098-b436-bb430a04b67a
0e071513-61bd-4b34-ad1e-6fe5e63c2c67
1f4e8069-2e33-4e84-ad66-10b30884120f
26ca6f3a-1fa4-483b-83ce-5a3f4699dbd4
0ce8692e-8050-4fcd-a86c-ebe8e32db354
046db8d3-46ab-4ff5-a2d1-f480c7a57cd3
1179b647-1691-4d35-8871-eb4aa134b52f
67aa7939-195d-4bd6-95ac-45b173ca5f5c
0ac24c3f-9d22-4585-8101-5fb158a5425e
bbdf89b2-d3a6-40ff-a6b7-2eed8aec9afc
e5fc4a48-5120-48c7-9f72-b59f53a5c34e
434a4bd0-52fe-43b4-8a1b-d4b141bd8fea
aae37d09-a8dd-49ed-97a8-99be88c19a69
ed85d5d4-7b3e-4355-ad0e-b8b0ea52d7f7
14723db0-4389-45db-9420-f02b9d226c2a
6051aea5-051f-4155-9c5a-7a44b280b6a1
35f5d9aa-2d31-4281-b89d-4c3c2d42ac91
50130809-38e4-4ace-92c1-bcc36d83ff26
91134c88-9bbc-4b3a-a7af-5bfce7f2ecaa
3062da49-9d90-3894-8c6a-207b131a7f1f
a91e46dd-bf59-46e4-a71f-1764129e8570
22eec0a9-17f7-3866-bddd-24099b98dfe8
352da9da-884c-4f16-a532-b74e0907f216
2ca4791e-bc7c-46db-936e-8a20a48234d9
6c265549-4946-41d2-96b0-0e0bd3d2089f
e961b6cc-44ed-4525-b3bf-d7a45cdaf9e9
72de87bb-1ea9-401b-be22-398f777a6c6b
acc96964-39e3-40e6-9d05-d17eb0011090
aca90e4a-d361-431a-af5f-8a3ef3fcf31c
f4b66843-e104-4a61-b0c0-177749bcb3c8
42b9f0b2-f610-482b-b62b-cb00765398ed
14f7071a-0d96-4652-823d-59324d353048
5421c4f5-2dff-4771-baa7-6f87450ae0df
3783b066-0da8-4319-9543-42714e582a00
8092255a-555f-3ccb-b8a7-050b812dd83a
9c1a14d3-690d-4206-8286-ed1bb27bad97
80cf00ca-49fb-4f92-9234-bf373a02a656
673a0ec0-5d59-39ed-929e-1ab36f6a320c
1c8dfc96-1144-4be8-8894-e064d672a86c
3cbc1192-41b0-4a88-91f2-40ae432f6315
064159ad-2984-3042-a961-7ec585e55ee9
e6fa7b84-d43a-4386-b687-9b49864278e0
d129a22a-1c11-42a8-b53e-fff1a276dbe5
d789df37-8549-4b60-8992-4b44e698c17a
81600723-1163-48e9-a848-28aaf43adc9d
f4783a01-3f03-410b-b940-6bfda75f6b27
1f2a3807-b3a0-468f-b32c-ccf9bc683b3f
5949665c-499d-413e-ba9c-b8595ee700e5
70c8a0f7-6c69-4a7c-addf-d4ebc60c4634
211dde8c-bf9b-47b8-ac49-65d2738b6608
4893d1b2-647b-4f0f-9bca-3123fb28c881
4a211f95-0657-366f-943f-437290133b8f
1e1d6fd2-b0bf-4686-80e4-ae2b8ccccf13
1219f514-b507-46e3-b331-1fb42aa00f12
7a64e890-4891-3865-93f3-e12a95027455
2bc4fa22-52e1-4ff9-b1fd-cfb74c5925d6
6340374d-9b45-46d3-b698-a0feba472348
d0c0cca2-34a0-4532-89f3-b0fdac5b9138
18d02c7b-f561-43bb-933a-d788af8d90eb
0df6d945-8e0d-3303-ba03-951f01e580bc
18992c9e-25a6-301d-8be8-95b7494e010f
e1d522b1-c962-4364-afe2-a5486e70c1e9
2d903691-aee1-4eca-8a75-b30434ce938d
5fbe1e57-64f3-3b39-9e61-dc2aa2cf83f1
c98747ea-468c-464a-98a4-88cd67058776
85502557-96e1-4840-83b8-6aad2298d6c7
0415abaa-67b5-4554-aee0-cce2041c377e
29f6e2ea-e2b5-47ff-991d-57a0e09680ab
699d902a-f6d3-471f-a3ad-184ea7fe6666
864f85f8-c330-4049-9458-f953b3b4d00e
6c29cc13-9d4d-4566-938c-3194092f7321
638408fa-2023-4cce-9dcf-a378e28312d9
1ee79aac-3f9e-42be-985a-48809910a308
3143c794-758c-4be8-9bb3-b4ddfdcb5935
1ad3fb75-881f-4b3f-acf0-1478cb752a37
0aa5431c-5410-436c-a7ca-a332d1379ee7
792c5fc4-ed5c-439b-a9c5-f116ab93ab09
70ff871c-77af-4e48-974e-6fb4244a943e
5600f477-e7d0-41ba-8f3a-289175c8b52a
415ece98-abd5-3a67-9157-c40338de92ee
5f4e4280-71c5-37e6-967c-c6b8f21a0b92
a29fb22c-8b0e-41bf-9211-774c1b1f5946
93e52a11-6fa9-467e-8da1-95b53e3286bb
6ba321a3-429a-4e70-9926-0a3c57d3d817
14ffd310-f562-381c-b6c0-9931deb76c1e
219bf1c4-c574-3082-9628-55a6c6ba81e0
9d3ca979-5a5e-4ed1-a45d-e8d4ca9b4dc3
048191ba-1356-38d3-985b-514f70c1a684
8178762c-eac3-4ed0-83f1-1205261a316f
11743de3-3c46-4d31-801a-2573bff963dd
9546ee09-dc87-45f4-8fa3-a09a57981b1f
5206872c-1674-430c-8d34-e46d5843fe07
e0aadec1-12e3-484b-8f81-d3cefef4e2c2
19d3b4f9-b76c-4205-981b-977181f0da38
87c83ae8-ef00-4971-9cad-5bfd555678da
b855ab60-1a2d-4c2a-8116-aa545873c12d
84e8c226-6030-4a8f-b4d7-3784e949428c
2409e4db-fe6f-4b0c-aeb7-65859e075fed
0dc361d0-d727-4117-80cb-f2fd6cff3b01
215b3ef5-83d0-4d82-9ed6-1f73a6d2f751
bcca3ab9-6424-4334-a506-af8c703d8d9d
b5c1b81b-1ea1-4ba4-be62-d0b54b70432b
ecd87f0d-47f7-4e97-a005-0971ccc5abaa
628d8d0c-bb3a-45a5-9cca-4ba880c8f09d
2cf4b802-21b3-4b94-bc67-a52c86811594
20f08b15-7d53-4df6-942e-b4f65491baa6
0fd3efcf-72b5-4552-bbaf-6913e8f3c352
46e1f50f-ee0f-412c-ae8e-95d54ea99356
da234115-b5ab-4c7b-9485-41a6fb7ed4e0
1fe4b495-b4f4-4db6-89b6-70ba85ac5fb9
7758c5fe-ebba-4924-be8f-0c0715b8879f
09490581-f56e-4031-924b-176429ba173a
96197a07-757b-4994-af5a-8e1538c1463c
2010402c-d100-4a23-a41d-aa4b5314db6d
b24b1afd-b058-479d-a227-1b433b71d695
1ef7fb07-6f59-4a80-9b10-73bd3b611049
c8ce1e2e-ace2-47c6-9c2e-ce054e12cb0b
c8924f25-d350-44a7-8db3-531d735ce385
878fce18-92d4-4a8d-9d79-0b117591168e
6e9b0617-2c4a-43c5-91d7-87e985624e88
2e7fa383-83e4-4a05-9b65-3b03d2758346
aab24bca-38e7-4991-97cc-6e49989a6d2b
df5ef408-faef-42b8-a0bf-edd67e8f1cdb
67a9ff47-2bb9-478a-87ba-04d5482ed67c
cd3609d2-da15-4417-a128-d16f80ad087d
7642699b-893e-4988-a7d9-73daa2f8f83a
c0f53bec-ee1d-46c0-8f37-811e95c1cf09
7732876a-fcd1-3e50-9506-81fc3d367f6f
c9c6656d-8a67-436b-83f2-6aa58181521d
05be3726-480e-40c2-888b-74f4d56ede4a
17d76d92-e922-4c37-b580-36ae38a7148d
3b4b35bb-23c3-4f75-856c-5eb219124141
1805382c-8d97-452a-b546-59fdd5ddfeeb
290ad037-4370-3ad4-9926-369a00b569b5
2324b33c-f9eb-3640-94a0-04a67d9d8461
d6687f6e-4e8c-493d-9b97-4ead11944e8d
c3430c48-2264-4467-a62c-4a16a75bd4b0
e0b3b088-c27e-47ea-8fde-b7a7a5cade59
293c8cbb-a7ca-484a-8680-760d04777721
159a306d-feb8-45bf-9453-56cfdd529427
23b828c7-3550-3aff-b339-0bc0225c0373
6914bc9b-d7f3-3d85-9fdf-a8e30b54ed35
179cf944-56f2-4756-a65a-a295b9b85a8b
d7d1dd90-4299-4118-9fc5-a2cfd0aa1548
019ecfc9-500d-45b4-869d-958f41905ba2
101adcf1-613a-4b96-871e-b7e2b8f6b50c
7ccc7de8-b795-4a4a-b5a6-73101e0c6f61
cbb39a1a-c7cc-45e4-b512-a4489e61f384
6c21320e-69d2-4a57-ab32-28961792fbae
9b872898-f8a3-4e4a-bf1e-98b1c4fa0d3c
5f6791af-34a4-3731-ac2c-8a0fbd8ceacc
df5fed6f-a9ab-4f63-b64a-f329c1799614
89aa99b8-c388-4baa-b029-7a754cdd24dd
b14ed7fb-5cf9-372e-9771-f6aec08769f3
8af59c12-464d-424a-a866-7a7df87ca3d8
23fc4096-69d8-45c9-9684-c8daa8774f2d
b6f3c471-59df-46aa-9f83-10a6f6f78982
054808d0-7f84-4553-91b2-068a981c86f6
e31f203d-3def-4de4-a13e-752c70be9033
6b3eb1de-ecbc-3e4e-9b5d-b12f0cfec7e9
250e0e91-e48a-47ac-b968-c8be08ab59fe
68538729-95b8-31e9-8888-9179cd2a87ef
202be378-8e97-471d-9041-8f24d8c3df00
1e5bb567-b530-3b98-be29-d7b563c41930
9df49643-5294-4b5b-8de3-2550bd59fcf9
1399927c-483f-44d5-8e83-344ac05d4e1d
3e58e4d5-23e8-46eb-b0bd-975cc35e4ae1
b01f6b57-e48d-472b-9a4b-ab600a06e0e0
8a3e5140-e9eb-4cf9-bbef-07b00c259f2e
b5c1677b-8398-4332-9e83-e85c789ee209
6ffcea7d-4355-3af5-9373-8b21e82e0ff8
22b5726c-451b-42e6-8825-b90cd1cdbc35
e811f6b0-d002-4b76-8c17-3d99e93a98f8
c995be32-e10d-4d5a-a2df-5860163faddc
2c06c345-24a6-39a1-985b-92f65f107790
0a79b3eb-03c5-3df4-9a60-b4b99c443d87
ed0419f8-8c86-48cc-afbf-502e1670e98c
1e5cf667-e6d5-40ce-a579-7f4c1ca84b76
3ab2e104-be5b-4617-a849-306ccb29c0ac
a3c0caa6-9a58-4061-9da2-c03b67559a39
252c2950-6bad-4bf7-a557-76b1a08f7394
5f06224d-307a-4d16-8a1d-9e893b2bb87b
e2524211-121f-4c50-ad6c-aaa9005e9f27
183b00de-007d-411b-b412-19ada1b691c6
82639297-50b0-44e1-952d-7db272642f51
dcee2e74-b90d-42fc-9890-d39f14d93863
c3cab259-38c3-4e5e-9cd1-8c1c765b73be
5de0119a-99d3-4e2a-8caa-1a406e1f7ee5
461b31ac-0d06-3ee4-b371-9d31a3ab0b39
9f6db83e-bdfb-4526-86a9-7d241cce4ba5
7ae3f844-a1a0-4e49-a936-a3b679a1b0ed
15526c77-9da9-4acc-ad27-cfb674723db1
acc60b8a-47a8-4bf6-b0f4-9eb4ffce2f32
56ff88dc-2b3b-495c-9ece-a6df6c2218cc
7ed7b74e-4db4-3872-ab7f-282b2b43c6bb
7665f863-5552-3e14-a9fb-1eba14faa326
f5c6c11a-9a55-4f98-ad3b-3f7614e8885b
6cf2dda5-b955-4ae8-b7c0-634358e4dcb2
0f4e373c-4249-4140-bccb-7a058609932a
2ae81529-1493-4568-b78e-e5946b182098
cf51c0d0-ec0d-4be7-a33c-f432993f9448
43703ab1-caf3-4f95-a710-2743e4cad4e1
5a72a795-d8e5-38a2-8ae8-a0d6b88fff8c
736eb459-c78a-3cf2-a067-cd464ba4dd45
25996fe5-5445-3aaf-8d55-6c728b2847d4
08154cc0-a4b5-338a-bc23-234138f28b8b
3aa69c3a-67c2-4adc-9c66-24e2d96de653
684aae1d-ae66-409c-a4f5-77a8c916ae7b
23560881-3f9e-4c9d-9989-611f34036975
1bae26c6-c9ac-456d-8171-9ea8efb5afd8
19607e0b-6c17-4a77-9a2a-8179b5c7cc67
98e41ce7-78d3-4cb6-a16a-a73f8839a49c
09667226-fd11-43c5-a32d-1d860da10e36
75fd3650-4824-4ab2-81f8-1cc9423c2b56
83572250-288d-39d3-b336-463672cf3d97
cc361b2e-4f09-4e11-add8-ec7ada908060
436632c9-0a89-4865-b853-741675a8f0b3
7f602f0c-f8f4-4e2c-92aa-054652d17993
591b3d58-aad9-4d9f-8d81-c60db7fd716f
147fb31a-fcf2-4b58-8c0a-6ff888abff04
02257385-803f-4d93-b4f6-156ae1c5b8fa
27f0079e-2efd-4532-bb98-9bc9c30746ac
7bf149d7-8495-427d-981a-28fa6ba8378f
897dc156-b8d3-4130-8853-fba8dcd55699
85aeff7b-2ab2-41b2-86e2-c41e652750b4
829668e8-f88d-47e6-8479-082bfed78ff2
10a99aac-9498-4086-bae7-1148248a9345
8dd376c8-f393-4eee-98cb-2c61d559a139
aa97aff7-f746-4fa4-bc60-162280966691
5be0460d-2d5c-4b39-bbd1-97eac6b70a3a
ec856859-b0dc-4681-8f48-91a8260912b1
230548b5-7af0-4e13-99a0-11e17a7b798d
70b242c0-af2e-4303-ac07-c70c0a7ba7ea
f8500e64-d611-4156-a045-d07968fbee4f
7dccf770-ac69-4594-b4f3-b0166fbd1b34
53d02a81-22f8-33aa-bbb4-24cf0b8b3920
e6af4130-d977-478c-98c0-4034ace08be0
e0ffbbcc-0ead-4d97-ba09-774927db44a6
2fffc6f3-74fc-328e-aab4-942f37112f89
0fb0494a-7124-462c-865f-22b33eac8329
a8cd2277-de84-417f-a03e-bd017ad4e7e4
be2c296c-01bd-4438-ad09-4dec13f769ea
7cf19c44-6cc4-3ef5-88bd-10cd98157ee3
7ddcbf71-fcd2-4457-9647-a4418e546166
db20bf46-340d-4f0c-b5c5-df429b5dbbd4
04b7beca-998e-4249-9aa2-8179e547f7fe
7be168e2-57a7-4719-b2d9-541ffd10f011
82574b5b-0ef6-3f42-b0d2-b0b135f78ed1
4b3d0f53-1933-4b10-a788-c322d61c565e
76588d6a-62de-3e6e-b6cc-3db856e42665
04714e6c-2095-4bd0-9158-bbfd92db067d
a8441b4d-b4b9-4e87-a0ef-580d3c872484
d81889aa-4aee-4b25-bd84-a05658b5d08b
2bf217bb-d8d0-3693-a06f-9bec9a3ac8f6
4f697d62-3516-4853-8384-9edb5c35f787
085bcfd8-4f84-46a6-a5cf-43884364d41b
60742bea-912a-4cde-93eb-0d7ddf459fa1
d400be17-db5e-4cb7-8831-7af0fc65cfea
6512b726-9677-45f5-9e5e-1d1259ce3583
3eafb8d4-0afb-4439-a020-395f3c7da7f2
011afb7f-28ef-4e7c-8f93-bd30ce993dd6
7e98b04e-db7c-4ef1-9b76-a8db0ab8075c
8118a31b-f6c2-41cf-8dc0-bd72fe26a369
22877321-a17c-4e5c-a741-0b17ad75d3d4
5f9f6640-7006-4c96-a1d8-eb6f0d13fff8
7f115786-dcb3-457f-afbd-fd1967fac244
47b832c2-ca3c-444f-a7cb-0130dbfb8270
7e159024-b82a-476a-89ec-757926d16fb2
6a66e11e-b412-32b9-862a-57d3e8f7ee77
6859b850-a5ea-43c5-bbdb-393615ba4c1b
6a335986-9e77-4217-a04e-65487aec0d7a
2f9faa0f-1e3e-4bdb-a37f-43e669615d8b
4a2a6bb3-4789-4816-aaaa-3e77244a8da5
af903b3e-9ecc-4184-9b2d-75a1af7492c6
6bc00099-da47-4411-b73d-b9845ecb4631
21e4ddc9-0c60-4b02-b152-211700f96343
92755603-30eb-4d1d-a224-013ad0bbf0b2
c6d8d8a6-e89e-4daf-af35-ff9222d74e99
f1584080-e131-4aab-b1d8-d047da7d5783
5f76aa30-b920-4c2d-a9fd-d12b8faadb57
8004f35a-b420-4a12-84e8-8ab3e1a0b5e7
29f0c38b-8da4-4181-ae30-14b1eb650fb0
96fab8d3-e8f3-4a67-92e9-7c531ec02ac2
01c82c34-119d-4401-b403-44d0e2aba10f
0ec7fc7d-8e05-3f6f-832c-f2ad1b4b1769
4914ae4b-67d4-4af4-bbfc-765ae88e14ae
73728248-41b4-4c99-a172-abd2ff1a35a2
f05c8309-9343-46df-b662-ab9cd948e926
81a73455-a00b-49d0-9817-fceeb7506966
eeacf700-56a4-4245-8720-25deaa2ad398
1d080e15-b1e4-4aeb-825b-93c4f721bf13
466dafa1-fdad-4dcc-84b1-308b3684b685
6ebaebb4-f3e2-4331-ba0e-d61bcd0772aa
61844206-d82e-480b-9f49-98c5177310ef
c899366c-4578-432d-8c65-bef87b826be6
280b1e36-a9dc-4162-8c06-b7afdc20f9d4
eeef9864-0a3f-4674-92cd-c56cc8e1ac10
2049860b-939b-305a-b051-6a95b4558fed
11a4eaa2-ceaf-4829-aa25-869565b68247
eaf67de4-9ff4-44ca-919f-7afe10ca560d
4fd9300c-e1de-495a-9bf3-0b736abd8499
717d38b7-f5f3-4db1-9f92-1e8ccbf91286
28dd3ca2-3e58-38ef-980d-0f2f7a795cc3
36f500fa-8001-41ca-ae90-7ee4c2eae843
fdd65db5-a110-43d3-a9a8-2805169bd572
00033fdb-e9f8-4abe-aa9b-878761356d35
da47801b-a9c7-4370-92b5-2c13bdfd6c42
7889f774-9639-4ed3-a7dc-b5e7ac7734a6
4c9c11ff-f385-4be3-bba4-ccb70ecba2df
93809fdc-38d0-4bb6-962c-83d8c90e6682
59c512e5-e1d2-40ad-a642-9dc77070ccc8
28601643-2c10-4be7-87cb-de9ffc048b07
6c6c6dbb-63e9-4b2e-9657-2612c77e7c11
d3cc4845-56c3-45cc-bbdc-93f9e41fbd69
fc74e757-6216-4093-90ad-2fbcc0c2a6e5
0af6dbe0-0b1e-37e6-8bf4-12931ca32a7b
3ed53c66-59e5-3aa0-8f2f-293a1573a4ec
7715b221-963c-4977-82c5-14ff46dabf7b
016bc42e-c044-3a36-8bbf-5db79d89585b
0004dd3f-fcd0-4401-b143-7bdbcdc5775a
253e9caf-59f6-4a57-a2df-e559a9b615bc
092693c4-8bf7-4fc6-8908-48aa4e27e0f3
5c942af5-0b68-4ed8-85cf-40ff509b52f0
646b3d73-65bb-469d-8d73-50f3671e5fc8
21ebb733-0355-4299-8f7a-52865417b8a3
21f5b053-efec-4518-afb8-c856cc7aefbc
624203b2-cda9-4405-b89f-7877676728a4
f32d99cd-42c0-48f2-a484-686d093bb466
30e0c61f-d7db-48c9-a05c-75fb5ae98318
536ca8fe-8e90-4d9b-ab8f-a797f3974a45
6a75a795-2595-4710-95ce-a069b0bb3546
edd6b289-0b55-44c1-9cac-bdc543d23e21
f2081f59-f092-4f2c-80fa-6c2105cfe070
9b139b95-4c82-4574-a575-805325525c25
79fbc2b1-c910-4ff9-9d68-69cbff1658bc
23aeb441-8914-3497-b5f5-3d834a0d45d2
8aa70e28-bbd8-4754-9148-e1b4bb59b7a8
106b5555-7e93-4733-8994-fcb55eb2fdae
18b5b81f-7860-449f-87fb-5552e3a96fb9
9db6bc21-cded-4599-860c-b2eb1af20e2e
c744f59f-6133-4131-a131-88209820de61
de70cf83-b6ea-41ea-9a32-5be8bf74d4dc
e6cea7d6-0701-417d-b52d-9759ec66e1bd
4c54b216-fa90-4f66-8a03-ea59ee2be6ae
a3fbcddf-b550-4d48-9709-34962ae0b426
52c5b1ef-cded-486f-a8b5-1c734da3c9af
1d44fed8-1f0a-34c4-877c-882d306f37ac
91eb00d3-114c-4b0d-a2ff-09742e54de8b
7ad02302-4237-3ce6-81a7-26a7a871905c
280e7e5e-4128-4696-abb8-72744becce48
6942e2c2-de23-4ffc-95cc-6c41b64df530
08de8223-b53c-467e-a5e2-368946d0ab29
07b75cfa-1b61-4b7a-8a32-223ad4c18409
1cef5e59-b64f-4de6-a54d-a7b38832bfa4
65e6859e-b3f9-332b-bcc8-c712feb808c0
e7047394-9c2f-4456-8eb6-1d5531b1910e
bf0282e9-c36a-4dbe-a6fe-0967746a4cdc
cdc08c31-2585-43f7-ad99-e47c819d7ba7
5770dc8f-00bb-4f60-9d6a-477e8d494ac4
c1ee0255-52ba-4cfd-b3bf-c20906fac5b0
47e57130-9be3-3b91-9dbf-725ae8dad08e
5e29e54c-5215-497c-a9a6-a1162d0ce5f1
67edc3fa-0342-46fa-b7bc-73c4b64bc004
9c587f60-5d5c-4e8b-893a-232728564717
52223d6f-5f03-4b70-9a49-92805098c2b4
d2c57616-c6f0-4e4a-984a-5de4985589df
06ee06af-0444-42ff-ad6a-b89ef8db07a3
5218ba75-e330-475a-b574-bc2b5f4a3855
1b1e5e3d-a83f-3c6d-b7be-80cc6a82b493
11c67a28-db9d-31f8-9876-a55e3df0efd4
0ed083fa-fab0-494e-a36c-8ff630b676c7
216e2aa6-cf42-3fdb-a955-0b18ca2802dc
8c08edb3-513d-497c-8380-43e75f0e7ac3
09a2c965-5c42-4040-892a-758c1f224d15
a5835152-20a1-48c4-8104-3e9b924f1729
aa1cdc3e-5dee-47df-8d14-1f76a4967cf9
0bd81869-830e-4673-bfeb-e4d1e5c60302
7b75ebff-09c0-4fe5-9145-8a80f6853e0a
fb36c548-557f-41d8-aee2-dc9ccf1be264
299151cb-7097-48b9-a285-1dd2008721a1
1e0e0370-5307-4cc4-8765-7394f10ffe78
3573eba4-734b-452f-acd3-bc71a7e23b4a
7d72b38d-e5df-3c58-b7c7-3c494c00eeca
6e5e0d45-da25-4d79-ac67-894e0f0c4343
1460b4ef-2317-347a-82d9-ae24ea0083be
72d524a0-4ea5-36bf-9965-2b0ef48aefda
3d26ca0a-f32b-4899-8eda-b320f60958c1
8a8df733-93f5-40ca-9442-d58b5c59e7a3
618ecb15-5c4a-4a0b-b896-9934c72b2431
2f4f4b29-851d-3fed-bfb9-292ae748c5fc
ed2fb23c-d84d-4bde-bfef-b852d6c84223
4331d6ff-401c-4188-acf8-bd44b96d5529
7c358cdd-5a8e-33be-a949-b288eb5ca080
fad585b9-df56-4b87-8a82-5130d5273c9b
8634ce95-386e-328b-9f08-dbc03452d6f8
2fb6e466-5020-36b4-825a-7c11d1a2ff90
79f8eeb4-9d8d-47aa-91ad-9ffb3860d29f
b3451fff-be8c-4c0a-b653-0d767ffccedc
3ff714e8-29f7-303b-9609-8eea7c144741
d99dd05c-b477-45b1-a822-eed679f5ca28
71603562-b3ac-4bfc-b3f9-00e4df228eb5
d38c90bc-6f15-42f3-b0c7-c90f0278d2cc
4305d959-6146-3639-8697-a45e5043b5bc
6ccc1bae-e04d-496c-b9a7-2a832b6ca100
cb49baee-2782-4f5d-b5e3-437d46043f7a
108d44d9-1ce0-4dcd-86f3-5f6e69c4c879
a6740956-d396-4a32-8339-60d811de1a53
75c78b8d-040d-4fb0-bd5e-49062e314853
a23a7ca4-41fd-45b9-afb2-e40f76434047
5e7c487b-1d01-3020-86b6-d776a24c87cd
793cee7e-d486-492e-a067-7732334af065
8f437209-8cee-44af-861e-db81f489a70b
8c832312-91b7-4034-a8a3-72a664fa6bb3
79282835-d265-347e-a050-b777e7962150
2c98bcbe-0286-4264-8ae7-4a4d33d00dfc
767fc66f-506b-4472-addc-d9d9aefd9999
4ec045ba-18f3-4d25-978d-36fea5a83a85
252b7771-54c8-4e82-ae60-f5cd28ae2432
8365ddd3-3838-3b9b-8f7d-a1b41bfc6a46
7444ccb3-989a-485f-a0ac-f9702fcb79f3
81959338-1781-3b3c-93f6-ff1e43a13e06
59a2caab-d3bb-4c43-af3c-bfec74282c85
32bc0f2c-959f-44e1-888a-ff928185592c
49be972d-8cd9-3b6f-b3b5-6dce58777e2c
f652f763-c734-4a28-8dab-721138dbf08b
0c070001-a390-4cd6-809a-31345475e930
44f07dce-c460-4b4e-b8b0-aaeab02b46cd
777d4706-f9bb-4d30-b1af-3be93ed9f5e5
8358b15a-1a44-3670-a93f-02d45ed2a5c1
24ced1ae-9fa9-4e1a-8c42-5520f2f9e791
2fda5902-a10b-4d1a-b6a2-41bb0f219d66
45d865a4-455c-40be-9946-04d83c422e4c
5ec8be8f-f953-40e1-9a1e-9710b83c176c
85d9b81c-978b-4fdb-a3ee-9506dce77056
0cd722cb-4cf5-4026-9906-187e51d78c67
138024d2-847c-45fd-b173-7ce070d4b2de
632e22e5-a8b6-4416-ab87-61dcef00cd4d
82dd1526-b4bd-4002-98db-40d4ef2f0d24
b76dcb44-579d-4f37-8ca4-8259ba37d6b8
3992f9cf-b6ab-4f2f-b678-c980391f2689
7d0541d6-2d4b-4635-a09e-0747e9898514
3fb272ad-8d57-3632-b82b-4da71a5350f6
8262ca41-97f9-4aa5-9ce1-aeefbb2e2973
817807b8-4628-312f-98ed-3b9792cdde15
43e87cfa-50da-4ffa-835c-bb39a7d05cb5
79351ba8-9898-38e2-ba0f-a62296ea9c2e
4dad37c9-8260-34bd-90e0-30badeb18b98
8898eefc-9a5b-447a-9129-4cc464bcd0a2
5fd76c43-8738-4938-9c27-3f7dddd1ac96
0f1df848-cf22-4e47-80b7-ae15534bd420
3e36f8bc-83aa-497b-8179-92c76f2d7d56
77982295-79e6-4fe9-ae1d-7a38b54fbc81
00883cfc-9ec8-4494-bc40-6c768d4ed9d9
d11619c4-4477-465d-bb03-1f07dc51acfb
6f31bde3-88c3-4353-ab38-a6518f2518bc
4e13b15c-29fe-4fb7-85e4-4aaa1b5513ec
44aba579-04a7-4f54-832a-108775a28ff4
e6f0fc32-aa55-427f-a014-f265af3fbcd6
060df42f-d188-490a-988a-19439a7b6127
e343cdaa-094d-476f-a51c-ac10e4aaa071
510389ef-a72b-4009-8e68-7107469187be
8fe8d1f6-4daa-451b-9db7-e2b7df2c36a3
0da0ff5e-6562-42cd-9260-a14660b9421b
134f6cdf-e482-40dc-a4cd-78a89e3dc619
506d43c6-854f-45ae-aa86-809e0512fa2a
767fb808-cc4d-43ab-aadb-54a324570ecd
9fdeef9f-307f-40ae-b546-dea15ebe1bea
1d9f5493-9722-3e65-b82e-445148100577
1c648cfd-6eca-4a84-af58-b62a3a4d173a
7c44e19f-1afd-4645-9a5c-9e15a25f3c31
143368b6-f9c6-4013-b24b-ef638dcb8f30
55fc377c-1a14-46f2-988e-4ea2a8763421
21d2f6b8-2990-4da0-8114-8f0050b80027
5966f568-02fe-460b-92ec-a2d178d7f357
81b888c5-1b37-4ed3-abec-e67cc3b03156
9f728104-5dbb-4444-8542-8d50b001ed57
dde8dc65-731a-4c19-bf7e-f4ffdd6ae7ba
4d82ea89-c529-4b3c-940c-4acb045844de
a10aab5c-04a6-494c-937c-9666cd7eccba
6a382528-55b6-4da5-9afd-6c166460642b
0512aee9-b2e3-41c8-8db6-b93247318c97
5e093f91-25c1-3185-afc2-f63093a88948
4811feb8-3e44-43ad-ab37-5a82e47a2ae2
141021f7-0e6f-4b5c-80e4-cb0d4b3b7b99
7f223319-02ea-4c39-a54c-7b7fc039e356
4bef95bd-6393-3a83-8168-ccf37034bf4f
c5229882-e742-40c6-98eb-43071ba3cad9
382972eb-96cd-36e3-a0ab-62e73981ba89
5e74793b-1a0d-3d51-91ee-6179a204c07b
240bdf42-3221-41b7-8da9-b751031b772f
2898bef7-662d-4363-bdbe-06aee12d14ea
c0965a35-9ab9-45da-8034-f1dce40c961f
91556d79-0e25-4f90-ac61-3d5ad91be689
297a6458-cfda-40cd-a626-6e400865e88f
efaeabac-2ede-4050-a9e7-c6a926bfbb11
719e550a-d7e7-4a73-b6b4-97218ed5e6c5
83af51b1-b177-4316-9d14-a3e44bb0b4e2
754a45df-a7d6-4cf3-89f4-750841b3868c
f42fe2e9-8911-44e2-896a-4cc69bd64849
fd0e3b8d-965e-4ae3-8a40-d0979ec9ff3c
c3b2dd0f-33e8-45d6-afb6-6e603151b626
c34dcaba-e2b4-4e5d-b6a5-07bab0a960c6
76305e86-69b8-4986-a2f7-65b1e8c43ca0
ccfcf103-9409-47c7-9b4d-e5cfc6a6d36a
aa5d6f54-98dd-4204-8350-a80b6f218df8
22a28449-cef2-4929-a18c-15f8c82d678c
a7397c65-a066-46de-b9fa-49a7f2d45a13
dd9149c4-b7d3-4a51-839a-d3cbef8a0864
2c482955-6a67-39f8-bd39-dd129f9869a9
41dab4af-402a-42ee-a8db-44620405ee1b
ccef35fa-da4e-4a78-a1b3-1528283d9fdd
8f87fc7a-dcc1-4b9c-b109-411877fc6514
7c746b37-65f2-3b8b-83a8-c627a499ed84
00a91a81-fc73-4625-8298-06ecd55b6aaa
fb50d640-2b54-4e5c-b9c5-05d881164464
8b2f34cb-d9cd-4522-aa77-5534c70f7d00
764667ee-31af-4446-892b-eaa3adbf764b
62da127b-5543-4a5b-a5f9-582ddcb3d029
2a348a3d-1675-4030-92cb-4a73bcd42a19
7e4d8f59-4e46-441a-ae94-259f0d61d04b
d241f2cb-c38e-4d11-b9bf-afe32c6bb674
f486d690-f81d-4ba7-a96f-569c5cb44eef
782f69e7-5988-37a0-95cc-36de0b2e43a6
0fdbc33f-7c4e-33ef-8349-284361e6cf93
92e0dccd-1b13-4d1e-a96d-e3166ac4bebd
9bb49d16-9ac1-4cea-9334-64a789a5e11f
25df26c7-e799-45fd-91bb-fd208d6bdf0d
52630675-9772-469c-b368-01b96270a6a6
8d47cb7b-eff9-46e1-924c-2e33eed6f20c
22b6a9a3-4b18-34a8-87aa-ebf44e79a249
8a0ae2f8-8074-42f9-8783-d9c898178705
4825638c-8af0-4449-b307-99d174e81e3a
447bbfc6-8987-48c2-8c0f-19e222f14704
7609f402-54ca-4d06-9551-93e16da368e2
29b870d3-cd51-3ca9-a377-1e5875cc34e0
9b42d6ed-1749-4fc6-b1a5-9086a9cea6b4
67670bc8-feca-4d83-aed7-a04714f02902
7356e24d-df61-4f4e-aec6-c3d10ad0384b
297ae078-c07a-4181-8a8d-a680f5691d5e
202635a7-5908-45ab-9cb8-737508efe9ca
09c19175-7135-4bda-ac94-2fe6b4b80279
014813da-7bfb-438f-93e6-dad1ab34ae55
03aef343-b8a7-4beb-a2a5-d58a07761d3f
cb62c10c-ccf5-41fb-a165-45f62d8e08df
bd480c30-db5e-4361-983b-a8373f8441ef
34aa9159-f80f-4bcb-bba6-9467bcb9a03d
436dc837-ccec-4d21-a779-8a4a8323c3fc
67f46837-0488-3782-8832-4c27c1bea65e
428825d5-0253-4c71-9fe7-5ff834c8264d
3be47089-9943-42d1-a9e3-b31569e927bb
0da850e4-3dac-469c-b3c2-dee8713c3e5b
8525c14f-b34c-3499-b48b-4aa79689dadd
13c62b58-7cc4-4bf7-80d1-3d5f05080f54
9fd6826e-413f-4e0a-be90-7486cee637d9
49103a22-7e99-475e-8e8b-53bbd180f437
c77abd27-6278-4472-b4ab-1464c7644307
17ee5e4a-e0b4-4c6d-9029-9aec312576c1
71eca80e-ba2f-40bc-baf0-f3a1de58a375
801e10dd-f1ba-4e75-8d22-d5766ab90147
1176d6ce-69ea-4b87-8cae-1a2b9848c207
22890a64-ec71-32a8-bec1-6ca045052c36
fb81032a-9509-49da-a443-c58846129372
85c5d5f9-3461-37ba-afa1-b0799dce0139
4b37687a-88ac-4f37-99bd-b087de7a3101
d8780565-65d5-4c08-bf91-12a7a3c33dfe
1e42b6f1-4ae3-4a03-8318-917d65e29ee4
582aa35b-9184-3fac-98d7-b4abd3f2e985
c7c9b32e-3c7e-483f-86c6-acd310b1970c
5474896c-d215-486b-8c86-5344072c7c38
4e102c32-c3e9-4806-b92c-84e5e2ce556f
3f699705-981b-4915-b217-91ab7b31eeac
27a808c6-af2b-4f1b-b9f0-c22ccd8dadda
4cee1e8f-b159-3f73-a9b2-a5683eddabd1
c80a836b-0d8b-4453-8cd3-a8be645a6e2c
0a46f1ea-56e6-4504-9ba4-70e6ce886faf
65850f85-f51c-4ee3-b2f5-64ba41d749fc
194aa7f6-0754-4fd6-ae65-a2a3ec0e27aa
8a737f44-4f63-4fcb-ab50-ea429b04deae
63356afb-0976-43a3-aa98-8ce26dfbd193
a6b44420-4e2a-40f9-ba1f-9f5f51919e89
02c605ad-1969-4193-ba95-5e770133ab4b
9ae42665-f0aa-44c9-9664-9de965f1f0d3
7ac4043c-003f-4589-a01f-6f2e7cfece4b
20f62b0c-17b9-4672-82f5-fa39612fd3b2
6f044c3e-6228-420f-97d1-4c1781b195f6
40db4732-2f69-3b1a-ab17-63cb5fd2f099
a39d7239-82db-4058-8f06-6b9cc9933ee7
2b9d4792-ba7f-4b5c-80f2-e0893786a203
8695506b-8460-421b-a386-0a44e4298981
53cabf7c-7121-4c80-b33d-b7cfe9aac430
cba81032-ee3f-4a05-aa4a-75549719ee14
053c51f2-e007-4ea7-8a0b-50f5ef90f89e
9f427dba-5bd9-4f56-8231-83b9a6b09d95
baa3522b-8136-47e2-b401-b413906edeb0
4b064dbd-3cb5-3f5a-a32d-15e0fb5adc4f
4a76c521-b125-405e-850d-9a185e8cc6a2
a4bccfbd-bddc-4ef5-94b7-8fcf17024206
875394aa-b493-43a0-a53b-d09e9162ec1c
fac93d54-80af-44a6-b8e1-d1df4343f6e1
f11804e6-3330-442a-baba-82930184c922
f1b67052-0967-43b5-b7c7-b2e17d2222fc
fc21d53d-30db-4a3c-a717-82359d2170e6
054692bc-e025-4cae-8661-b9eab6e9ccfd
59ef6b36-2771-43b0-829e-03543f1e339b
d642ea79-7c41-4862-9d10-39b2b2fb1eab
0acc134e-65bc-4b68-b836-c591935bdec6
5a02164f-8fa8-4b7d-b654-aaf0afd9823b
e11b5f53-d9d3-4358-a54a-db8d8e1c906d
2846a9c0-4d47-42c8-9cd4-53a64d86a65e
1615d361-3d25-47cc-89d8-7dbd928bda32
b29d6634-1afe-4198-8588-4caf825010f9
f7b9d8f5-1458-4a0d-a753-0a2a4f377e31
0fed7413-8c24-4877-9f44-deb7f7987905
8ce53b55-e134-4a6a-950c-99ac6e14e6bc
12123d1b-b5d0-4448-a61b-92ead240a229
1c07be82-8936-433c-abb5-ecbab233f3cd
1eb04317-d624-4d0e-aaa5-9c9becb609ea
1bbfca9c-44d4-46c3-9dfa-0aa6d385ba24
4db840f7-28d2-420c-94cb-9d11bd81bf65
6264afe4-444a-4574-a302-e5fbf86a2969
b14fe1f0-f408-47f2-918e-1716703fe03c
9fd58502-e7f8-4d8d-aa3b-c7eb513648bf
eeb58e8b-e086-437b-b537-8e2004be24fd
0590988e-aad9-39e2-b613-b9787ecdfa52
ec064a37-13a7-49ef-89f6-7ccedbc9123a
7709ab33-f1ed-4f82-ad5c-5a25183e8123
fbef7b09-261a-4128-b5a0-1be21baee76e
2714d969-1c6c-4bc6-b5e8-c5f1f1cafec7
5233e052-8117-31bf-ad63-2958c88cf348
e536ff89-c363-4c5d-886d-25777ed2e66c
d4e2514e-e492-45c5-b5c3-0b327892d4fd
82cac480-e17f-4287-9bba-4479b78e3d10
598886c5-12d3-4ae2-80bd-1ca34c194815
6a20799e-8031-4184-9dd8-ae17ca36effc
020aa1aa-426d-4b52-85cf-fe05cc0b53ab
97e2052a-497a-4df6-8a82-9daa39ac7fc5
d65453b6-f73d-4955-9ba1-9af686788571
020186ad-8a54-3b21-9fca-ac8e5cd18b67
a09a3d94-fa64-4745-9637-ee8729ca4b04
7a8f0e9c-1c18-3cb8-a260-f748c793c2b1
0dd4707a-459c-3947-a95a-77043abd7a01
8506ba9c-acd3-3da5-be94-1eb701246c46
3336af2e-3b1f-4ac6-9f77-5531f7a4a761
44ba4588-9692-308c-bffa-b559e874f8e5
0f92470c-b703-49fb-b317-fb3e570363aa
1b42f74d-6456-4ddd-87cb-80e8b4eec53a
04a5173b-47a3-311c-80fa-925bc924b296
e9c758c0-a9f2-4f0a-861d-287a6f34fdbd
5a13e2af-8719-3c76-aade-07b20b2ff7fe
83227860-e5d5-4da1-9a00-1521b2bffa5e
d2eb5c8d-aa68-4706-9be3-62475c85f6a2
669e0b67-826b-3b86-b34f-8a3f9f2fb564
31fc0baf-3bbc-360f-aaa2-e21d4b26eca4
aa93c992-d55b-4107-9077-3ed1c094427a
778e16b9-d807-374d-b7bf-d4312a62764d
0da2a2ff-fd2d-3cd3-8dc9-9303c7a80814
288e2106-be64-482a-a10a-da7f50fee14f
6f09d6a0-dcd6-472a-9793-bafc17a8486f
bd736985-025a-4d60-865f-d8cab731280b
0d6bd7d6-31b5-498a-b555-4893f3d56191
d77c5091-17da-4932-aa39-a470ee244678
736991a1-1b1f-45a7-b185-4a7227695403
6c95f458-b1c1-37f5-ba84-bf96ddcf6656
11eb5631-12be-45e6-9428-dd65e897d733
78504e19-ad46-4e9e-8d53-a5cc90d8e2f2
d4d52a3f-aac0-4ecb-b68d-625e3337318b
08ef7379-aa9c-3f4a-988b-e4834c4a3ae9
5a829b8d-4fea-361b-93de-5af6fbd16481
b44a422f-c26b-4428-9e24-0544d3659254
058581dc-2c4f-46b6-8648-7637dec10d07
e48e3031-fa60-4c3e-9e65-d0d5631cae06
120bf7b0-2088-4b2d-9318-35928271afcb
810a0a22-4282-3538-a687-470dd3c4fd91
df17cbc5-4cbd-46aa-8366-5fb3e0ba9735
e24b02cb-019c-4e35-8784-710437764448
e83af393-bd82-4ae9-9183-3956389718fd
0a7b3206-a69d-467a-964b-ecf970f9777c
2c67153e-947c-4ff4-9b36-0b2c00f1cd3e
65577db9-83b0-4693-90c8-24c4522d071d
c2100a72-accc-485e-ac9e-3b8998392121
a470a34e-5b39-41ea-8155-cc76275a89b4
1e877dfb-d2c9-4cee-81fa-9fec903be9a0
0bfee146-32dc-4288-a80b-f25738dc419d
4ecf890a-5154-442a-b388-cf75cbee5b21
6fe5453c-1831-4cb2-99f7-14f78df71985
01e2dd49-dbbd-3bc4-84f2-ebeef1447f55
f5e24797-5765-44a3-b4ed-3856e396b5cb
c92ca200-09d6-4490-88e0-5c29be82a01a
4846be13-d6b0-44ea-a65a-b6d58f7ba3be
d52bdd98-ee0c-45aa-8af9-647a9ac37faa
bfd523e0-01af-4ee8-9572-cd3dbd704a47
32716b62-a261-424a-b2b2-167c92d59fc7
6d518ae9-c407-3782-b245-3ff053feddc8
cf793297-5683-4968-b3d8-81b6c33c2d32
ec527f87-44b7-4f2a-9176-9d07576fe204
bf5a12c3-549b-42cb-9ce3-f9af050c6d9e
5be080b9-c58c-3162-a2b2-43bd1a9713ca
99d91e62-f914-4a58-8036-9293316b3bf0
63770650-a553-37a5-be08-99960d7d6ee5
56441da5-3a13-47b8-ad95-50df8613d6dd
22f35f0f-59d4-4636-9753-8682a7312097
d1c36ec7-90df-4b54-917a-6ec1782dfe9d
44b8dd59-8e5c-4fb3-a3ca-dba9b7419cd2
b22c7e90-7dc5-4e4a-82ce-469f8343413e
1c33b2e8-6c02-3a72-905a-5bea4ae713d0
03a8f97d-84f7-3f92-9511-cbe4fa4afbed
52368432-6240-4269-8237-4dd464b4a23d
10242084-1eda-4e21-a12e-16649a5c2ac3
6d68928b-d9a7-4ef7-83ed-e863a194d5cf
50282c8f-43c3-31ff-9cd5-bd7c8b11677d
e2426242-8d18-4950-8662-fe0f25f3f6b2
6e331032-ba44-3adf-9019-3342950441c5
69c55fe7-a103-4381-9c8d-8747f5b34765
2f38d8c5-bc41-4e08-a5f5-461821bd0d51
205c1d74-d507-4a4a-9a58-5a026f2e2931
5d297a14-19cd-4952-8804-22fdd8b09ae2
1d3db9f7-0a1b-487b-b6d3-a70db74e1349
24ce56dd-6d29-4e0b-bcdd-a8fd28e6d7e1
57a048b0-eea3-4c8f-8681-b4fe938e0185
41e6e6c4-892b-47b4-b74b-672736f078e4
15b782cb-1974-4692-a388-920831890d65
10346cd9-46b2-334d-88d4-a45e7abf35b6
67100539-9668-4ad0-8445-641bd40b8ae3
579e331c-f5a0-308f-9c70-af9da3dd37ac
f07659e7-cb2e-4a07-9fbd-397b33b9360b
27847521-2303-43c0-bc6c-8a9ea13ade95
def8a5c3-a783-49b0-a79f-1e7e07d34737
a150c90f-554e-486f-8b0e-dcec99196a37
24a57333-9334-42f6-8ab3-51257244a098
985feed0-86fc-466b-865d-00f3be72b68a
786f57be-dc9f-4ffe-a5fd-4b061e0deb54
c1348b2f-f1ee-4df4-8c8a-a64e02ddbb62
43e21b57-c207-426e-b7d1-10442437d2e8
6fde7263-f1dc-424c-a9d1-45364df35ec0
1dad86b2-b916-45cf-8c43-4bedd5469c40
3f49fec0-eafb-3470-972a-400468a42ed7
11789dc3-bcf2-4d2a-90aa-ecd0e9a55cf1
0ddf813d-223a-3cd9-88eb-a97bf6a0b796
cc35c88e-ab38-477a-bce6-32e7d4c838a8
e476d639-209f-46fe-b90a-1a04eed8409f
600bfa92-f56a-35b2-ac90-2634dee248f3
eb418319-2dfa-4472-ac14-13b09352c3bc
15400ca8-82c8-4637-9102-c789e7ced021
81e24ee8-39e1-3831-97a4-a389679e3a0e
74c2352a-23e4-4789-b060-7d07a0446007
e5ff3f38-b4f1-4329-9d77-228f971113a1
da78a50b-d6d2-4973-ba76-c316a7b1b873
8e9783b3-2885-45bf-b926-07587fa1833f
2bbb91bf-8a89-4287-9f85-73d16252d108
eb50c5c6-ead9-4f6f-8592-be9d573b026f
70f6ab3d-7f2c-4c20-b28a-43c9402996dc
cbd57558-3a48-4dde-b5e8-4f0c670be72f
0ddbf1cf-12a0-474c-bdba-cc5d9c8d1439
3a50fffe-7602-4151-b476-bb9e163175ed
0d8e22dc-5ea9-48ad-863e-8dba0f7483e9
33f0a952-d161-45b4-8ffc-1de9f097eb9d
50033605-c925-4572-a44d-db05a8b08f85
e56a77ac-b956-482e-a489-147b933ab7b1
18306d26-ed26-4b58-9e29-40257519686b
6962e1e3-f7d1-4419-b114-a0b2ac91e195
724a8ba8-4ca7-48f9-8f27-c8c30585aea2
014ab495-1a3d-38ab-92a3-e56480d2bc69
43f07dc0-4e62-4f75-a632-c715ffc9a421
208d701e-50c0-4651-9dc9-d7bf7c28b851
7e81d364-98bc-4e82-80d1-04c3b651d98a
2c3f7110-59e6-4915-86f2-7b7e89cce084
9de7f1bf-4a65-464b-85dd-d8452615ee67
1ac4e478-601c-49d7-9cb5-122a8916cb58
5b767119-7fa8-48b0-a646-28af049330fc
7c96c733-9328-4e6e-8936-0c7dde686968
4c9e5d2b-9976-337c-94cb-bb1d7597885d
07ce6712-4b46-36ea-b991-b3876f08d904
1a3e0459-1d1f-43b9-9c9a-ae074c422e21
7aecc515-4898-4fbd-9694-dd28845ad8aa
2399c8cb-b40b-3800-9c2b-58cf368d2cd5
ed0d189e-6b72-4bb9-92a8-b96781c22e51
8b348c4a-7c31-4196-8b26-5e083f2cd2be
4ae3d689-98c4-468a-a36d-2096e173b8c1
d4739072-c1a6-49d1-85c4-289940d5b7d9
088f5988-b113-47fb-b2a3-48897de957d9
8a43b8a9-2146-4ca9-958f-4e560173c04e
858443f6-7cec-4de7-a061-97c7c7880475
28822bac-780b-4505-bb68-a071c356ce46
4cd0fb8c-80b6-4a8d-a38f-dee8119461a1
6a9a400d-10eb-450b-a120-37b5eb1dd19a
04bb0dd5-b86a-42bf-93c9-b5710faa9e57
4bb51eec-1131-490d-a3be-c8da00bd57a0
4fede596-4be5-43ef-ab9d-a9ead572907b
26ca941d-fb40-4f85-87a3-3a4094ead91c
563b2eb0-b3a8-473c-b6a5-7ec3abb41317
97a912c8-cd86-4faf-83dd-65d467da2edc
0bb543c5-8b17-3fd2-a1e7-76b65a2ae317
04141930-307c-4949-8d2e-8da3c2c6f5f4
5d404b9a-aabc-3202-aa45-342c79b88647
21bcda68-4ed9-4d4f-9c38-37819fc7e3f6
867c6d87-2a8b-433d-a84a-ef17a9cf379d
189b4c48-c93e-31ac-be11-087e861f5b86
482a093c-bce5-4d5f-a293-a9deb9a95892
d1d7c5a9-ca4a-4ee6-ad41-7fd5202547b6
5e36ae96-f772-4d2b-8146-c7861527c2ae
3fc32677-0bf0-4519-965c-8165eb15e0af
23ad5b5a-ecde-343d-a266-0faaf1ddec2c
9795adc3-fbd2-4571-a461-8c848e3aef46
3f409efd-8c48-41c0-b930-b0e915ffbeec
d1f20bb4-fadc-4a0e-b30d-dee918288935
691b49fe-42a4-40cd-a784-c38df5ea9d15
420d3333-253b-3794-be1f-fc8e257ef4dc
b5cf27e4-f8b2-4a0d-ac50-27ad98502078
0f0ea94a-9321-40f3-9a82-ff41c8839488
4ed03b9a-a3e3-4b47-88a1-b6118f5e830f
bbe291a9-0a24-497f-b4e2-7b543b916d72
f9bc5ca8-180a-4a0c-8cf1-e85b20864fa3
a653beec-e5d5-4390-8463-bf3940006bd3
6da3e5b6-8cc9-4c22-a930-cbfc5429a98f
4483a0f8-e95b-4dc3-8796-03e2a55d5fcf
746f9f7e-b54a-4607-a3bf-07c91a397eb2
ecf6d756-e5f7-4e54-86ff-5595f77ccb01
521b52b9-5024-4ecf-8fae-3a448c205686
1b2d3e96-9ec4-4ca8-be79-ac2f4aa9ff74
5971d612-77a6-475a-9d4b-8e942a3d3b7a
1e8a4238-79cd-4fec-ad64-4fa144ac15c6
f2e08623-4743-47d7-91b7-4c015aa1fdc0
8d6c47e8-e41a-405b-8a3d-7ed86acbd76a
2727b486-d703-4be5-9cc9-fcdc66d7309c
8f8573b0-0306-409f-8185-159805733ff3
474fa09a-647b-4828-9ab2-6f5894f966df
77f25ff8-e3d1-3557-b056-24c2a7c5d17f
adc6550b-67ea-49f3-80a9-e7f93fa45c18
77fa7962-fbf8-4840-8d39-e0b4a454707b
cd37e47a-3c5e-466b-b084-83da99a8cd90
e6157ec0-3a08-44c9-bfb4-0fd3d19ca60c
ab137ec8-a68c-491a-9609-e07688cf62d1
768c0f66-5062-4bbc-9140-d8fbd2346c63
59f24c07-96da-3402-8947-65f5a1fc48f3
efe1857b-d46a-47bd-b92f-0dc81a4eb620
8a7ad4d1-7f2e-46d5-b0a5-8debd800e222
ba11c941-0a5d-4ee2-9761-f03385d5254a
7599c6c3-3472-4237-8ee5-7b77f3934fa4
5f25bc9d-3a6e-45e7-8c8c-e40b1d39e2a8
dab0275f-2576-42ca-b661-3bf2dbffbc15
ae2e7698-feb1-4ff5-afc0-1f09727005f0
698c5f06-44f4-41bb-9000-52b3d9cc7d4a
56b60334-ea1f-33da-af12-467c40f09de1
27a67198-1d19-424c-ad83-623386e48fbb
785f9058-1099-4f33-a0a8-0846ca95b536
dc82b2cf-008c-4055-baec-efff0040f3ae
6dffef54-d5d1-33e1-ae5b-6cf8883056ca
ca5bf760-7a4a-4452-a69c-21a2f48bdc81
5e0b6ac4-1465-3e95-a275-b92c4447bc18
1555ff47-5b66-4808-af99-232f3dad61c7
431f10e9-12ee-43df-98af-7d5b0f280e07
27e7b15e-4823-370c-acf3-e3260a16c00f
63887ac7-711f-4dec-82f2-1aca98aac980
06a02e7c-af9d-42b9-a112-b0c7357c1bd7
6b5c22de-2646-4909-8a57-f7ce38ac17bc
839333ef-96a2-406f-95bc-14564d340d5d
aa6e1b50-7ee9-4427-a11d-ec9e0f2fd02e
c3862c91-29b3-49a8-a125-13564b84fb4f
7b4611bf-d658-4e0d-963b-a71db15a45df
6e98b8e8-6feb-479a-a122-5523b9620819
7e121ae7-c1ec-3aca-a497-70879061a219
578a50ef-9ce8-4847-ab68-35ed3a1a5b17
3813c093-3f2c-437a-a831-dac02787f2ba
53fbc88a-2ad9-42ce-a78f-568cca0f8ce8
aaeac2ff-f527-4b75-afa8-692c1c2053f3
e18d1cce-4d1a-4a30-b3df-378703195df9
1f163505-239b-4791-9d8d-83f756a74d61
02250622-9b86-436d-9709-e27542a7bd66
77dcc4f8-98ae-43aa-994b-c1874f9a00b7
0e3b3a1a-c008-4860-8d12-efab51f1546e
6d5abfe5-e8e6-46e4-a59a-77e4c8230c21
24bb8530-2012-4c89-8c6c-b89eb993b072
2ab65a52-51ca-3e2f-b1ac-315e93f40773
9d31d167-ce29-4d02-87df-033d7510c4c6
38537074-3040-35ae-9908-0a729d498eec
eb95db5a-76f3-49af-957c-b82056cff8f5
18593675-46e1-43e9-bd4b-1a6a7c7a0d9b
dd89f847-b508-4a2a-a014-8d8dbd885726
293a53e3-09ac-4041-881c-49f0f751ddf4
5e30f430-68e2-454a-a7a1-e1e9f838a1e4
547bd93e-18e2-4f22-9399-37ffc466d9bf
c2a52d98-de6d-4a53-91f5-2394d1987836
bf73d24d-8c1e-4717-b26d-a01e43dea1a3
64dd3025-263a-3535-b70d-fe0c8da3d37a
4e527a02-c289-3a12-b4ae-308ed5dc150b
19f47b83-3a3e-4f63-b9c3-a421468dbd7f
2c647c28-8f73-4c55-a543-8e489acab98a
9a209540-f72f-4bed-8197-f748000e6e43
a521de03-ea95-4865-85ed-9b041eba1702
9a2ed185-ec90-44ea-a7f3-0d1a0fcd83db
28092c40-271a-40ab-9cfb-b96f1ce214fb
644cde47-1978-305c-8d28-2073afcecda3
5da643e8-60fc-40e0-8278-198e53ba4bfd
d3f8ce1f-23ad-45a3-9c5f-dc2f5dad6a4e
781acb2f-94f7-413e-83e2-6c18382533e1
b383098b-3379-4216-9883-24ddc0bbf73c
11818c8f-82b6-4f07-854d-bbe1a0a26ef0
246d8131-b3df-468d-84bf-60d1405b59d7
dddc3e53-d038-439a-bb3d-644945f20a1b
5ff8fcb6-f2d2-4d7a-88ba-5667bba7e836
553c84cd-98c7-41ff-99ad-31e6687cd57d
5609970c-6ee7-39a6-9f76-95c4d7a28650
91b73113-0301-4662-9f69-eebe9e053724
9d09f888-dcd9-4d9f-b144-7418fc1ec350
ded5116c-2c7d-4041-b780-f1fb720a46ba
08c37d84-bbff-4589-8467-98a0e206a177
ccf0a512-ac8c-4547-bc87-f5e6d4e58a97
a6f9adf0-6bf7-4e54-9867-6201fa0858f1
9f7d8df8-5f33-4a45-95b2-03c8692847c2
511856d4-8231-3b72-a6a9-0500ee4e5c4d
4b600aed-51ed-445c-8c08-283ea0d5b53a
3a431666-c294-41c8-85ca-2247a19e3671
0161bdab-2cb7-451f-ab1d-2e046c7229fd
ea552054-6599-47ba-84a7-a9c5416a764f
0f010d09-cd9b-3ec4-be50-93299471651e
cfbba458-c28c-43d4-8678-3c54eff3ff04
97eed20f-0627-4efc-8664-f30385649d5c
0ee31b4d-48d9-4d32-841b-315ee6fcdc23
93aee14b-8910-4094-9608-b97763334abe
11c1a971-b8ae-4fa0-b939-fabe5d7e33d7
7bff0ce0-c1aa-4604-b7e2-cdd4d1fdd80f
594a44b8-da84-45b3-b448-8ad6d355290f
c3ac986a-2372-4f18-ac2d-1e9c070a74fd
42220d5b-dc49-47ae-9620-43f91a99a530
1c9f4cca-38f6-3237-bb75-5be336f9881a
aa3bc9f7-0f39-4a9f-a4d1-c255da20dd89
fef6e5a0-aa68-4cff-af7b-6413ba9c59bb
2cbbf03e-c688-465c-91fc-4352600fe485
e691108d-1c22-4cfd-bacd-272de4302d1e
b0729f86-70c2-45bd-85c4-2f32914835d5
94252ad2-b35d-4f81-97ee-27829a98d1dd
1b2c2528-9456-3717-8fa3-8a46e97f74d3
32206e97-960f-42fb-bf0f-c20c243e5f78
7badddc0-8005-3fda-99f3-1d36316c9df8
1800ff3b-46e1-44bb-be1b-7922d59a160e
572680b5-2a79-46e6-ab8d-baeff14b4cfb
0d831b81-3ec1-4f8c-bb27-e9ebd83ec3b4
dba6dba4-03b2-46a2-bc6d-9f115473210a
