3f12b1c4-1723-349e-8a9f-bb946768d6d9
fd9e7915-339d-4ad9-9071-d55c9631764a
938f5c3e-9c15-4239-86a6-de32b323b21f
64cec723-95f0-44ea-97c4-a77146147f07
1b90c04d-6f39-3ad6-a557-c0819ba30f81
1c9e0c4d-a792-42e2-a7f2-4127666cc148
7ea1ab97-a7e1-40d2-894b-4ea10e46c26b
4b1b7c1e-3762-498c-aecd-b5eef1cea2b3
5af7dda1-dd1b-3318-a3f9-6a4f70190ad6
2fd20e33-b8c7-44f3-b2b1-de1877503ea7
1456d6b1-e19f-485a-be95-a0f79ecf2051
73705b42-5148-48f0-89ae-085a02d13339
664c64ea-765e-4be2-bc16-9713e6ba276c
2974f5a3-ab9d-3de4-a7cb-37896f20e959
0b9f51f9-93c6-307a-9fe0-8d03f7eff4b8
79b16006-afa9-49d4-b921-25edaac4123c
ce6be30d-2b99-4813-9257-b7c9803b62ce
2708c786-c710-4230-a351-77b7234a89a9
f5896bce-47ba-4e28-b12d-9791e90812ed
126908c4-e8aa-456b-b459-7b3b0527de6f
81e4fc44-062b-427f-affe-6339a7289307
40e06c21-1f26-343c-b419-ec677f6c4d8c
1b2bf67d-8d28-488d-9550-2e61d050a2de
39746360-ea3a-43b9-869a-a774313b710d
0050f47f-0d3e-46c7-8a0d-47a16b524e96
f615b69a-6791-408c-85e3-8ac19e33dda0
06cf2c51-14c7-4d67-9ae3-f86f9738e52b
704c2394-c7f5-3c5a-bd4c-bc0cbd1d718e
51f2b957-074e-34a6-80a5-a2d1ff3f8ad5
fccfcc49-a64f-476b-a5c2-5438885f54a7
279e224b-8295-481b-89b7-7e6e5981e586
62aeb6c8-f523-3b23-8b02-1689a716567d
8afeccbc-b4e7-40b5-aaee-e89ac7eb49f3
25f7c218-6167-4610-ba99-12b01910f2fb
4d079123-d24f-41f0-822c-b2140ea44fac
67df8de8-fe77-35e0-a7d4-b54552e0e36b
95d5b031-2662-45be-85e3-a70822f5fae9
81e08055-04c3-40f2-b0f6-611b637b55de
017e5119-b882-45b6-8d38-c412c441c328
77fa7d27-8977-49c3-9b25-c43dc3f02460
45015f90-242f-3ce0-a78b-37b3fee5df9c
4da220f3-080c-4ed7-801e-12c264f90c6b
6527c16d-6089-4c3b-8642-a01e9dee93fa
03324866-9cfd-4b45-8142-f009f2c0b4c2
18005d32-1e3f-49b0-88eb-dd3081433cf3
bb680c95-33b8-4376-8f29-c4678c8bbcd8
b543d82f-3924-48ba-b954-cd915b0cd193
1719f842-c149-4b49-8044-42dd3c61c9d4
10afddc0-0b42-335d-8459-c8c6442aac7a
55587d42-76ba-417f-8c5b-522ca167b231
77708b87-0f98-4481-b09f-f9f49c57cb40
d2e2c46f-9624-4071-bde3-f02c7696bdc5
f2f19a8b-743d-4796-b630-7999af80fc82
29cff787-58ac-4d20-b1ae-20fca436d301
68cdef2f-2b73-4a17-af99-2e8ca53e65a2
4ece2602-60c5-43c3-b3fc-ca811d844d2b
1cdf3496-9cd1-437c-b127-1208c00932ad
7de1987b-c150-489b-baa7-0cf57f0dcf3f
e2cbfe92-fd20-42e6-898a-dce967b17a96
7db135d1-496d-4bae-924c-54e6e6d945ac
7540d720-2d60-4ad1-a0f8-69b006f2e9e8
71174257-5189-4bf6-b9ae-f9633c357fe4
9aa1b919-9de4-48f7-bcf4-e781f0722865
980489f8-f1eb-4466-ab48-57dc011fe2e8
4a92848f-5ea2-4b55-9107-c4efd9909ec1
7b0dee9b-06ef-3032-8c07-53fe471aa410
e0010317-e54b-4310-9d9c-81c7d0383789
53f68f1f-4bcd-3cc9-a2c6-9c47aeccc09e
56b8baf2-ced5-4780-9d2a-40689073f053
c159a208-6146-410d-afcd-3558f491e235
df67f0bf-1b5d-4413-96d3-b90ec572ba26
efee4898-cecb-4ed5-938f-239931c5886c
9f95afb0-aaf3-47be-8251-b5baaf4841ee
da7a073d-0e36-493b-9b86-7e96af2b3e3a
bfd5697e-47f8-45aa-bb32-530b8ac263b2
61b6ce96-325d-456e-b9ad-1256896d9676
22c6b203-3c28-4716-8d62-e15004acd8cd
3dc72ce1-1c86-325d-9192-5ec0eb7d6979
6914e291-6567-3b2d-b451-1ff145aa58dc
3aee585e-f108-4129-9144-ecd24f62a568
88fdd335-d975-4c77-bf41-722973bc0f4b
2634aa6d-fa1a-4440-b2e2-0f19c0fff124
10a4329d-93a7-43e5-879e-facdfc5146f1
552ea208-2c8a-4586-9666-c9e8244f88c5
68f5f5b2-6d6f-438f-9f3d-661881db6ceb
903fbd71-c8d1-4994-bd77-c7ab3384c10f
9556a5c9-6d6a-4500-851f-571a5a0494aa
145a4323-43c0-35c5-9f1c-95ad5c7398e5
0b822ba2-e904-45d2-9fd0-cce9811ebafa
b6dde913-9dec-46a4-9f4b-bddf42247439
9380844a-d895-4772-9780-57c918e2872d
72ef43f5-ea82-43b4-81c9-11f713843d8e
e39beb94-ce4e-4775-b30d-9faaa6e9b058
4d0d25d1-8d56-4ab1-8d05-02aad0a6d985
2c6e2df7-2279-3902-a444-e0245190dce7
229a9614-f7bd-4e78-ae14-5b36c827cf88
57cb58f7-2362-4141-b971-d084b8775a7e
953f40b6-a29d-4570-8460-5af885856816
76c55e1b-71ca-3af4-9eaf-4c040567ce02
750424d0-0811-45f0-b2c0-151151cb043e
cfa158a1-24a3-4f00-a999-ef7c64aa4f44
0902b5ae-6c89-4ad5-bff9-637f35c2fd85
becff4be-21e4-4e56-9e84-c0974488d21b
ddfe16cb-5a06-4f03-8476-2a1c07665c64
1ead30d0-b899-4318-b72e-9aedfaffe9f7
91779ad4-7831-4265-9848-9ad57ad797dd
a0e060ee-ae43-4111-9b1b-dba6e53a1def
0b5d98e2-c1e8-48e5-949d-a0cd8f54ac3c
7fa81206-efd0-47d6-a546-607524b81e66
361d8d34-5dae-4e60-b153-d6580ec7373a
1ea2f89f-dc41-4e6d-b46b-e8cbba85e5d0
dee3f212-4b3c-4ed1-acc0-2f7a4d19b116
5cd22dcd-7294-4ce9-b150-2200d017691e
50dabcf3-56e2-4b5d-af13-e25e7af0325f
5e45fbb8-da62-4d69-a204-0a6821cec957
ea2ac5b8-2175-4fd2-bf15-98065d926f96
b5ad1a22-ae77-4ef5-b4ca-877e4eafbe48
742fc623-9841-304d-abde-52bc600a0311
ff60b5c2-bdd0-464e-828f-34f22761bc74
ce089065-acb5-4bd8-ab7b-c12d82dae26b
db6f6739-0a6e-436b-b6b6-9c470d21ee87
2810c800-206d-39fa-9ff3-664dccb70e4a
6888f3ae-7c31-48d9-8e4e-0609d9b13534
8ec17e3d-7ece-47c5-a3fc-0760409be0d4
76ceda99-95d4-4e9d-9ad2-54708629149f
1189d1b7-81f3-469c-8e1d-fe1db897ed04
65c816d5-139a-45d2-ba30-03742acb3842
9ec3b578-c1f6-46c3-8fc4-08aeb8749fac
f6d66105-5fa3-4bf6-b634-6429476a5b29
11f6b8b4-2209-4e77-9817-5634adaf3651
a251ff66-c63b-4685-a8cb-1a1cb38442a1
49731dab-829e-4ea4-8181-e893ce757cba
2023ab55-4098-3849-9879-ea3f9f451223
f9ed40f0-ee1a-4f71-a41b-ad79e76cdff0
cc00eba9-17d5-4b1c-ba26-04036b471f8c
f8cf8ab1-7d50-4cd3-8120-0d130bc27d14
6edd8810-b49a-433b-bfa2-c63bbe0c30d8
eb1589a6-9137-4c9b-bc13-6d4db395bec2
165e5253-b504-462b-b044-577dfa49fad6
26686cf5-cd50-488f-a3f1-cfae29c2b30c
84f37a36-618b-40f0-8f36-3bceace03fc1
6898badc-cf55-3bbf-a498-cbfd128c698c
c0ef109f-3a7a-4d45-a327-8aebc8285a78
fecd2ca0-c1a0-4029-b8b1-48cd4857dc72
51deae78-e860-4aee-a9a7-0f5c8bfddb5d
34f01ca5-b30c-4273-84c8-1a9d4a71980e
7ee44414-cf80-4c1b-8359-488810e15c70
bb7d33c1-b375-405d-856d-f2c29beb2464
2d49b92c-b732-4f71-9f07-57b29c7f30c4
a3139d67-6b94-4749-a8dc-8630d1c9b523
b03115f0-8e50-4527-8f1f-42c3bc99e0bc
149654d1-a4e3-4be5-9084-94d6ac4c87bc
d5a0346c-6098-4567-94f2-ba84eb0109ff
4a3c1778-0e62-4071-9edc-f5b52f0c7293
6a1b87d1-9be4-456e-aeb5-5005614cdc6b
0f12ba0c-50dc-4fb5-b620-d90e9cc0e3bc
1848ca4a-cfff-48e7-9d8f-092cbcce7a8d
563ab134-a24f-4b12-85cc-1cba68b1d9fa
a18d65b3-1273-48da-a4a1-2a2f3c24cf8a
0e259558-e927-4c08-8372-9b19688957d1
e274da8d-d814-43e6-bb8d-d5f6bfd950fb
ae2afb0b-9911-41cf-8786-4493546c3185
3b785705-2aeb-476d-b90b-f070e0aeeafe
48b6a0f4-8455-4c28-9144-2d90b08711b2
46005c45-ba17-4233-949b-d55e6c8374bd
65af4bae-9bdc-42aa-8128-63147895a6af
b0c041ad-2cc9-4b5a-8683-a5de89006ef4
a8f8397d-0fdb-4ccd-985f-54771dbeb186
90f5a052-8c55-4005-94c3-16f4b65f773b
7e71549a-0591-4491-8a05-8e03487a0de0
f190ec93-ac80-4951-bd51-f5d4fb4f5101
608751a3-c396-44d2-b44e-a3148b724c4b
d5c89b86-6e6e-4cb8-b546-b2f8db706f0e
4c5cd07e-b323-4eaf-a12c-367a19a58079
5fd25280-aba1-3b3b-b8b6-3caf08d22ee2
63082f75-e273-4a2a-b361-e19b3215d20e
f843d3af-efe2-4ae6-bbdd-44cb05e14e16
11eb3a31-340f-4b54-9b18-97185b87b27e
79a1abbf-bae1-4914-83b5-c713394751dd
defc6191-1764-4503-9f0a-1e903af490d8
a8e024de-b387-4301-8b54-f415954d8d99
4d248477-dd05-4a7f-955d-fed197d334cd
8a22f44d-725f-48e4-a921-8a5dcd020d6a
1d2b4af2-df25-3d90-8672-2084950c5caf
712b4d3c-cabb-4c5c-90d2-6222563786e8
a9d3ec05-09b2-47da-93de-d9fb6104387f
78fd469e-dd0c-40d3-8272-41b4e5468615
41e46b9d-b459-4a29-ad2f-2ca8c1fced9a
d52a9e3c-2456-4a3b-b383-aad130813332
5aaf6042-8b9e-427b-bc87-8aa6302f7961
aaed4979-2195-43bd-8c59-7ccb7c931526
ba952631-d266-36af-8036-ac2e8bd638ca
dcee87ab-c41e-4b9e-896a-1fed45acb3ea
831c923e-be5f-470b-9ff8-cdec87c7ec99
3c27378d-f6cb-40f1-9fc6-380620f9b2f3
1178ea81-13a5-4ac7-a315-bd66c4874668
7f46b3b8-53a0-4f49-bb8f-599df2f2bf2e
0da0ecf6-7c20-38e0-afb2-8917852e4ff2
1cd52ada-14af-4897-83dc-7ddf5a7a6cd9
5e64ff8a-11de-3abd-9bd6-b00c1a675231
3be0179e-3ee7-43e8-bd40-4e1acc77fecb
e9b6f54f-1d29-47bf-ba38-db51856d3aa5
50d79fad-d6c7-4412-aa53-0873412bbb79
59dfc740-6fd3-4aa0-bf10-8d1a57a2bc32
18afce61-55cd-4e73-91a4-38f502ec4cc9
85639811-624d-4b98-8f08-b43bf43aeb80
485fa040-ac8e-4396-a3d1-36de9eefef8f
38a842db-048b-4c9c-82dc-25ec5ae04072
8695ef32-4cab-4bfb-9812-b3cfa4ee6cca
74345089-2a96-44e0-9da1-b640fb6f7f5d
1d4497dc-d858-4ef9-a807-3fa7b10a23b7
3c719903-f9ce-4451-a955-2c4031301b08
96820802-e4d4-427a-bda4-a267d7c2fbc3
7fde7e39-f5a4-4311-a2b4-015cc2e7be09
63312500-4559-4afb-ac52-53e06ca52b57
ea8b9200-f360-4c1d-b9d0-1a9fc7ee7515
a38a5aef-c889-4690-af9a-77f40f6547f8
daeed374-84ed-4a16-ba18-71c5c79b6034
6345a6c6-be9e-46f2-a1ce-d44f8f80894b
e1e408a3-7668-40fb-a008-776cefdc30ef
0eb3a2f2-f3d9-4d99-a22f-44929f0419ee
e421b292-8808-49e6-9dbb-3f60519de9b4
16bee8d2-7d9f-48c7-9f2c-4b71c4d7081a
0435932f-1354-3393-9ad2-5ad495a5ab7c
2217e43f-b40f-40d9-9c08-84ccfb4c2c0a
96cd12ca-df00-4569-ada5-9147c16a00e9
94b412c3-6cbe-4dc3-848a-08b1be142d45
a669f545-aac7-428a-b1c7-91a13b29a2cc
e10bfc7b-0297-4296-adae-68e2b3bbfb56
827a7bf0-21fe-342d-ba2a-a29246d30d43
b8ec02f4-094c-4adc-b5db-c28166048a1f
8632ffc6-59a7-3c91-a29d-5eee927bf335
f278510b-6089-4f61-a9c0-2a80c66bccb7
03802a6e-f815-4eb7-b494-3cc108ffbbfe
c1a7aecd-a5a1-44a5-9d00-340f5b0d235e
1cd6e42d-5ab6-3b3a-b009-40e91404d44f
2804d5ab-87ac-4aa7-b13f-e6e85bb7f7f6
d2205965-3804-42b8-ba33-3cbd73c1478f
3033d1ec-83cb-4f17-8fb2-be703bd9922d
8132d666-3252-44f9-9cc5-c0c5bf3377ad
8d1df02c-9ab3-4d88-94a7-597a51acb30f
5fc8fb35-60d0-4e73-a68e-be5181f22af7
550cdbbd-72d9-4269-b5db-4574f58c565d
dcd12165-add5-4fac-997c-64d13ccdf2dc
d67f36a9-eb5a-4980-a8d7-a94f470de352
c83adaa6-3842-4a61-94b2-3e9841166c40
1ff36fb5-8aca-3bf7-8683-44606e1e2142
0ce6a44d-0f0d-439e-913a-94ede34471ca
8d88a0e7-c261-4ac0-93cb-39b3264bf7b5
ba73997d-4675-47c0-b362-6209334d6a02
c310e06b-d6b0-4bbe-b5e4-ca28dbf4c491
a97c79e2-8e09-4670-ad86-c5f6e2a5610c
87bf4db6-7346-4891-99a4-d72b2252ec20
c005077b-afd8-3a6d-a4d1-f2781a7ded93
b97af9d1-8f6b-47bd-bfff-71245aa1b72f
7a276f3a-d7a6-4af6-9505-5c108d59e84e
48837580-2014-4595-ae78-e655724d88d9
002740ba-6fca-4258-b631-cf031c2adbdc
4deb2b70-fd9e-4c5a-b179-fabf29d90f59
7204b5f7-8e5c-3109-b2d7-3ab9ad647463
0c7d295e-f2a1-488f-ba3c-2e7350f46b5e
73254188-802f-44ad-b62d-683bbe0b10b2
3e11a8f4-5d82-4bfe-9ded-9c89dedb1462
5d12b4c1-0978-4b57-a6ba-0f9fbe168810
07fdcaa4-2167-4629-a27e-710f4bec5f11
8ef6e2f5-23ed-4b9f-9e82-5b9272a50c66
8f7519b8-9e6f-4712-a3c0-659866828ca8
fab54b8d-ee9c-4169-97ce-597a0c9ebdfa
26da7267-a307-4c87-bc59-3c0fda5ba3f6
ee44f81c-7f0a-442e-ab98-ba579b52e325
38b27b79-f6e6-4ef7-b525-e3c6b6de2619
ed449dfd-d9fe-4653-91f5-0431f1a2aa5e
6cc4aef0-7f78-4e2a-a5d7-4b5fbded7a2e
109d25db-c803-4619-aca9-5a8e8f122591
83252a37-c29e-445e-9a38-bf99e54d472e
9c44b2a5-908b-4fda-ba37-0428a02df90b
022e3919-207c-437a-b4ae-e56359c0ea5a
34defcbe-6f8a-43a1-a385-cdb6755f295f
841b9161-60a5-4d3c-8840-65edc9ab9c3d
75ce72e3-f18e-453f-ba5c-35993f3f5a3d
5ef07e46-a04c-4c68-a7b0-0fe373068a0e
a8db2878-a32f-41b0-8971-9ae1d0f478e5
9fdb3fb1-2582-4922-bcbb-1f9fd75dff4c
bb2a7096-97dc-4182-887a-d1fc7a2e3e52
bfc7c2ac-df66-441c-8d6d-b3e90c016bac
630555c7-4b0e-3718-993b-24796d0fc0cd
54bdc70d-0304-3e7d-a159-ff86cfa54871
7e101ef3-7722-4af8-90d5-7c562834fabd
666060f9-39fa-4b69-bac3-ebeeb30f566b
b0684db5-1247-4ddb-ab8e-e411f0cdbd41
9bab8067-6b18-4b4c-b980-92b690005387
c56b454e-5c55-4dcb-bccd-3c67357bc9ec
6346eb3b-8049-44c0-9706-1161fa480542
67d97e73-4eac-4ae9-9ff2-db1127dd5d03
1896401a-7220-4d1f-8b87-74149564783a
2ce68f62-b78c-348d-a267-a090468db8af
70422f58-1355-4827-8371-f86306629900
4b9a3d8f-ae66-4698-abd2-010ede3efe49
7d8ced19-95e9-472e-a556-e7c325dca7c6
03e769ca-8083-4bc3-bd90-f0f793b5aff8
5bb57949-607f-4410-a89b-fdd99b94b758
bc88e360-595d-4e88-8ab0-d8b2b1560406
f3536723-c32e-4d7e-b901-c5ef2f017aa8
bf7c6d54-127c-426f-8e66-3ecc2325f7bb
3dc8b61d-d325-3e75-95fe-11d53c60386b
a069656b-b0b3-4355-b6da-27580df5bfb8
6754730c-4b90-34e2-9705-ea406543a88c
d3d5c68f-5151-43ac-894d-9e1b511be372
e2014150-9fa8-4af3-a152-d52446e3f05a
5a94927e-6e62-4ecf-b7d4-bb05a6e49881
aaea6776-7dd7-45fd-aa85-41b9b40da6fc
26ec6b73-48a6-441c-b005-61a2fba2e4eb
1791e0c9-15fc-4fa9-80df-e73332ed6ce0
5ae0d9c7-b509-458c-ac58-8a91322deb8b
acba7700-1268-461d-ba5a-1efce7297af4
7e05411c-6d0c-4067-be31-75e2567527f1
3631efbf-3c73-4eab-bf83-e7faff47be3a
05866acd-800e-4ec0-83b1-e0243a54bfe3
ba1a52e3-32fe-495f-a350-e8ad8e57b07d
528e3bc2-6589-46cf-99c7-8bc8731d69a4
f6b31c8f-c0fa-34db-b9d1-4594003e28bf
de33297f-0b12-46d2-bc62-b0497dadf52d
1072a3d9-aff2-4030-9148-7f1e4aaf15f6
20eec04a-a4c8-40b6-94cc-bd4d9387f966
24932564-a73e-4c26-bbaf-b4c15894bbaf
446a0ea0-4801-4f40-9530-a6f7b7729646
4eac74dd-6c66-3667-b465-0ce546be2dfc
5e07415c-f8f3-4c15-b30b-cf8fd34312f0
a5a0158a-75bc-4579-ad95-29620bda8387
2f57db3c-f773-4ce8-b914-17a891294ae3
f51d3b6f-534e-410e-a930-93f86fcd5ada
aa05f047-56dd-4ba9-95ae-07a81909845c
4e253fd5-321b-41cb-9574-06507f8f5595
790ae6a2-37c4-49e4-a510-0537920a3e18
c6cb7406-f11a-401c-9010-4ceb76dd889f
f483495b-4800-4333-8bae-39d63fcb5ce9
32876af3-46b4-490a-9524-1f5ce34800db
6d873b73-6eee-40eb-b505-7ad9168c5ecc
2cdb1983-d663-4e10-b1e4-b3bc0cea9748
fe874f58-09db-40c3-9704-1ece17a479d3
d78703d4-1a76-4b2a-8247-466c1218caf6
c65033bc-8b5b-4608-b6f3-2c2853e8e670
467663a0-3056-46c2-bcde-237c4324db8d
b03b704b-e26c-49e2-84ee-3f0ac98e70b1
35d7c3c9-574f-4ea3-87e0-0119451dff2e
5f167060-de78-4a9a-bd89-9f9fac511460
bc1f3e61-ba4e-433a-8b64-67beba838fd6
a3665057-4fc7-42cd-af68-33231c7604aa
974fc1ed-31c7-4457-9a22-f540024dee25
ce2ff684-6d76-409d-82fc-75a204afe64c
d7a0babb-ac2b-4c7d-b14e-ce4d5ba68ed7
63cb7a6a-c4b4-47fb-9360-3f9b04622b37
021a2836-75da-4cee-8496-4f5d82317be9
17f50c83-0a33-45c5-befc-6360ab6bf7ab
1abe6277-1847-457b-a3fd-5e7d3c1dc031
438f15af-473a-47c0-8574-f98b7e60eca9
68821855-6e75-4711-b2fa-b461f8a0635f
cac6fe2d-1ce5-431b-abd3-68317007808b
a939be24-9c3d-44f9-b713-e74ddee892df
d0bd5d85-611f-46e5-9de4-fa57fa1d2021
972e848c-97fe-43ce-8626-88dccf4af688
9375c7b1-d702-44b6-a605-af1c33350a00
35efde3c-1a0a-40f8-95b3-eca2362bfc2f
7b71bd22-b80b-40aa-835f-564a814d68f3
af93e490-fcca-4484-b64b-c7abeffb6b48
10463a6d-13aa-49d1-8cc6-cca5fb7b6b1d
3fac47c3-18a1-46c7-aaf1-d6d1af0ae715
fab1da51-e341-41d5-9f7c-453a80e9daa4
aa12068b-9f9a-4fb3-8fcd-b70f22249e9d
483ba163-67d1-4ca5-ae9b-eaeda91a5b5b
7019359b-8402-3c92-8256-f9c2e68edd9e
653f2baa-60de-4d5a-b0f4-c3f1b5461e92
5750a4bd-a18f-4818-8b74-d9c7760364c3
8bab8956-55d5-4680-bf82-4080c89eea61
3f344705-6b64-4725-ba82-f498b9e44f1e
9290f528-c4eb-4cc9-8af7-797a55543bc9
a4835871-d4e8-42d9-8aae-bd503a4a2148
3b9c922c-2257-3a04-a382-ae23b4fdec13
5b1ecc1e-41db-4212-92d0-acc52af7392c
5b85e8ec-9aea-344d-8766-32f741f170a1
ba739dcb-8087-42bf-8626-38aae78a1697
d8f18019-7b99-492e-88aa-2be0613dc92b
4bc0b1d1-ce6a-4b7b-8eeb-4da336ea53a7
e4accb44-ea51-425a-ae27-3dac83db46b4
70b85202-1ead-30c9-a687-1013a0f0e452
28f0e67f-2a28-4921-a8c0-5c0b8654a61b
2f53b54a-45f9-4f74-9705-dcc9718244d7
c3eed6f9-5a72-4d96-b3c6-7b1555884e7f
5c44e152-f4f8-44c7-ad22-d06819cbda23
2c1870e2-abcf-4b92-895c-e9df41964a16
94be444e-8f84-4621-9106-72b273f9b0dd
98db53f6-cd94-47c4-9501-cbda43a5cee5
1b894965-d122-4b30-b8ad-237a67560a66
7fd33157-255f-4dc0-afa9-4e1c2b001126
72831d93-f316-48c1-8d26-da7ed890cc50
feef7fa8-de52-4fd9-9bce-38c9750378d2
ccb08979-0219-49fc-9b4c-8cb4f5770647
55f743c5-d774-353a-9432-67a8bb172772
608bf1ea-8d72-3421-a837-0c10b9194ac4
1e373ae7-e911-49f2-a5ee-a77594854a3f
ce26b666-e786-417d-8261-cd5b1b6dbb15
2f54b9a1-58da-4f48-b4c7-9043ca7c5464
808c5f39-733b-3eca-a3e6-8b19df8abfc1
df04b3c5-fd45-42f3-9290-7bc290d7743f
cb8ef374-1462-4eb5-ae5e-689da0abec7d
e7209d28-7804-49e5-897d-7d5d015429b8
9cf80e99-fb50-4cd3-b05d-a6919f0a320d
9d841ea8-c3d2-494d-a7d9-ebbc5076869c
5c2e88bd-98ff-4cde-841c-6387a349c009
57045540-b9c6-419c-b3af-0adaa9c026d8
c13078c1-d6e9-4ddb-ba2c-6d3bf3919d3e
d8371745-ad07-4c1c-8292-d5a32717d275
0125c477-4efc-3cbc-8422-0f80b7de9eb0
12be73a6-5b9e-4211-bbad-c713b72abc4b
6e937d33-357b-49d3-83f2-dd92ba11162a
559ff846-1bbc-45e4-88a5-c2b973653d56
11a0113b-3bf2-4333-b2f1-f882179a8844
6a4e1071-4421-44ad-8e16-f9c059c8a2eb
013b91c9-b8d8-3ba2-9663-1912fbb240c3
616e7447-d3aa-3919-aba0-d4a6809fcee8
81b63911-a15d-421d-b400-bea2e1e094c0
ee8f6086-64d6-4da4-bcd5-945490ec8b57
4d36ad1a-1766-333d-b930-190a3ae5ea67
909fdaa0-59b0-4bc0-955a-7d2e6a514946
28936363-4670-4add-8ce8-2bbb98d5c844
b0047c11-4664-491a-adec-f4e87c5791b1
1dc4a19a-eb17-434a-a116-327e14ef5b5c
13b7575f-7643-49ab-b529-202efd2ba7b0
f8aafa4d-3791-495c-820c-7e6981a67732
df7026b9-9ffb-438f-8dd6-d40c8d54225c
4cf7c692-d5bf-326e-8e75-47d726b1c865
f3fcb83e-c887-4638-954a-48f8761fef9a
68501be9-0dcb-44b6-988b-ac1677cb2a35
863adc8f-6382-4c91-a1e9-e5ff8ab6c343
919025e6-660c-4583-a892-ec3709bee55e
ed42a4ca-48c6-44b4-a9e0-0fde2501e66e
a72d6366-7304-4c91-bdb9-41a9db29971d
1170314b-4908-33b1-adf5-73a2a39a2309
763759f2-5537-4ea5-9f54-27cc2d9708e4
2138ef44-a995-43ae-a69e-89c68b79c10d
40eb7172-370e-36d8-a79d-5485e3df0da0
d12f6286-fab3-4c86-9abd-f6bb96005f74
b4893515-0bdc-4033-b93f-adbcfb9b249a
03061344-a456-45b8-995a-123bacfbeb33
1b98b0ec-0397-4241-99cf-b342bc319359
260e7d55-7f8c-46e1-98a3-0aea15aa5295
61f02230-5dbf-4ce0-93b7-eabf014fd6a2
74f05545-5f31-40d2-ac4f-975d7cdf6106
131a515f-b042-47f2-87d8-172614306394
cb2dd77f-9201-4f7d-a264-2079a733c199
6b53784d-151d-4b34-abfd-753e8d128dc4
cc1b4d75-ff9a-3149-8f0c-f797933d29c1
714aa1d0-fda6-38fe-8971-2bf341bd9481
59216c51-16fc-4b42-a60f-0ccbbb163b91
722a8383-3ad7-4344-b2be-ebf1dd12f451
8962bdd6-ad30-4d05-aeef-9878951c6c5e
fec2a457-251b-40ad-94b8-ee4760e78153
5248bb82-aece-4429-9b83-3940578043e1
15b94a23-059b-4c12-98f8-bd651083d20f
b4ba028e-1dc8-4bfd-a64b-abe0538ac9b6
529187f3-43cf-427f-93a1-84712defcfe7
a15bb391-15c5-4206-8f6c-712568970721
09fab2ad-8561-3fa8-a512-d1737f573b3d
1f99f669-6844-4e5b-8a21-1b10b4f154c0
d9595bce-2715-4965-85cc-5956b1169dbd
4e27ad31-e1a1-4130-83b9-d87aa9bdc4fa
1acfd47d-2f67-4a44-a72f-673f34c5f236
1018f771-ba38-41ef-aaf9-368f2376cf7c
faccf9d4-7ac7-4aa7-9215-e30c2a269676
133b3428-3227-46e7-8a5e-b58e44edddee
8650549b-8b7b-3195-b85e-d6f104935dff
05d446ef-69a8-4f85-a8fa-a43cf426c551
8aa5d694-f1ad-3af7-811c-7341c44c1928
72a46f53-f5aa-48e6-8ba8-0ad7a3beb890
46fd79fc-9522-4381-9049-e54f61b211fb
3dbe6fbe-7993-4eee-a8e3-34b69bf94299
338c64d0-57d1-4580-8e09-07ef8a97e002
26fcbc81-34c4-4d12-a89d-25fb0df9c8ad
d7768e49-b2ff-4821-9e21-8e94b2575c68
aa475c22-455e-40f5-ad69-d296bc50a9d7
1044e34b-2c6c-4a16-8599-b83fbd2509e7
4e7c13bd-1179-47f4-984c-26dcb4aaefab
38116357-4110-4b9a-91c5-3df8ed225d9d
f91f6539-4cc0-42a0-ab17-751b26e5b886
3804111f-592c-4b84-aa3c-5e1f47ee4ff9
06bbaf72-56e7-4f9e-8be4-cb028c7b73de
57d1f73e-9c0d-4055-80d6-560176805434
7cd0b5a3-741c-4f9b-ad5e-8d43122e3591
4516c059-8701-4a74-af10-c9056073eae3
fe98de65-9939-4488-af3f-a6c6de4e471c
7fabb243-e90c-4dbb-bca1-03a94462bde9
49f3868f-f14f-45d9-8882-3e96ede0ff8a
0eda6797-989e-426e-8f96-4e1c6c85aff5
2a2b8004-6d05-47ed-8a4e-ba51c58b93c6
162e1aed-6e96-4503-ba3c-adfe8b07b429
3d197829-e428-415d-b29c-e288547b81e7
de5e7450-969f-4ce7-82ae-063b0ef1e103
7e741478-236a-4e64-add8-7584d0a597ea
32bac62d-d3dc-4e53-aa41-80abb3c5aa03
52f2b488-ac2a-4273-9ee8-4b8c17537536
9088a23a-0ab5-45a3-9207-1c81550b5d68
4baafa04-a9f3-453b-8c8b-5633de41435e
43011bff-ea0d-4285-9d31-fc8c3a028f3f
3decf748-5de4-43a5-b349-c8c849e66cca
f6064579-851f-4840-8736-e39b26b64d14
ac662d59-d3ab-4eda-9ad0-69110d683d2c
84bf5c56-1451-451e-a1ec-c0d131d7391d
6f083a06-9651-4353-a72a-690b26356964
3738505e-b1f9-4004-8f9c-97b4671a5109
132ad7c5-30ec-47db-a5b4-fcb8bc7c2c36
7c0b386f-67c3-4188-9303-ac96f4debb99
56067f71-a8f6-3b86-a473-f3ebc13947a2
a3e97293-0ba0-4446-90a5-952c96b15ad0
e46792a0-8a74-4c53-a5bf-98ce52a3f203
914826ae-326b-3240-b7cf-cd6062d05486
700e09db-0606-3f27-a61d-acdd563cb2f2
77205ba9-96e1-4e89-99e5-b1a10b32309b
cbc59999-9843-4512-a318-2466cbfea39b
1d6ad40a-6de1-41d1-bb0c-a4eb42063e88
84e1d37e-4eff-4865-8fe2-03cb948ec222
8989cb66-be86-477f-a522-b6f4627a5ea8
bd9f1fd4-ab4f-468b-973a-d1bf9dd496ae
26514721-8967-4ae2-ab37-b70bfede2873
c67d9fb8-acc4-4dd7-a7d1-5f77207a43c0
3853e55a-8057-4db9-a704-573e05710dc5
f3ad0290-c182-4316-a727-07be002ad838
98f587c0-37d0-4d5c-9116-68e8bc6a2ea9
60b09d35-461c-4cdc-a640-3ce738a5f81d
e1301c77-6d67-4711-a140-2102de46970f
1554aa88-7468-470f-ae08-f2b7f4678f54
8cbdfebe-ff0e-474c-9f11-ee5ad803c90a
ab4b01dc-1078-49af-a7a2-9ff6e7bc7193
99fb9d05-ccb2-4e13-ab73-371419ba3f89
8161a64e-d421-4cfa-8f17-e8b42c2969af
a6f5eca0-23a9-4741-9db1-07591845b24b
cce55407-6086-4443-b36c-c19a4465fb70
1400a495-87a7-4f53-ab56-add02b5e2fd6
f5d74060-ae91-44d2-8435-f587692b6b4d
87f91808-54b5-481b-b0f3-6a2f919b8cd5
2f007b9a-8358-4bc3-9f9b-c9af8bf5eb4f
565c1660-66a9-40b3-836f-69247918a221
2d623d6b-03f6-4cf9-8daa-5d7d399d9716
7ce4c47b-1839-4e85-a803-c11403de14aa
460930b6-c505-4e36-86a4-03aaacd48946
621858df-a521-47c5-b7db-0e7dd9e4d331
e022f9db-f123-43d5-9ba7-60b9eed70965
aad4424d-e7f3-4559-a380-27eabcda4112
ce0e20d8-d288-455d-9229-9a3c6af99e2b
1853111b-fec7-445e-b834-ae4997e1685b
de58f8d3-d58c-44a4-9d5c-44597cdd7c50
e6bd28ec-d39d-4cea-ab9d-de1a1354a658
c9d3bdca-3682-48dd-8901-69fc6b8cba74
cf9831ad-c48b-40bb-b33d-270de895b389
dd972d97-3568-4b33-a716-f4bc753b2f70
5ada8c95-42cf-44c3-9542-4e4fa27b4c96
606a8949-a346-4f85-bd06-9d31b0fe2de2
05a66fb7-1c09-468e-9187-6ff395364045
d1ea81df-39ff-4d50-b2af-f9141239c16b
62a36b7d-17f6-4b2e-a528-b1a6e8d40083
100f8655-1af5-48b6-86bf-e8453a780abe
9090ae7e-815a-412c-8610-0233ae8b4db5
8379257b-6c81-4de9-a7e3-c03560bed3c3
6652b96a-6894-4cdb-8a8a-543ddb2110a7
1bac3fe5-bd4c-415f-8944-e43b8ddfd219
08dcb9d0-8a66-3edc-874b-3f437cc45742
a3eb7b39-5b02-4321-b3b0-f42d551675dd
177002fd-1796-432a-9324-18d83c1e5d41
72a0311c-8b84-48ee-96d8-8e8d3a125c3b
4ba82cdf-553e-4548-9763-9e0e24d4105f
876a92e6-4b00-4943-99ce-e253502ce230
a8ae90b2-02a0-4bd9-9dd0-724fca3dce07
02184d48-ffc2-400b-9a97-dcfd3461dee5
b50f317e-90f0-4c62-81fb-d41f426b94e5
3dd71ead-91dd-4b8e-80e1-35e676c5255e
1b872790-c442-47d7-9cfb-f7ac71468a9e
a3931a19-7b43-4dc3-a90b-3ece4aa76a6e
777f8588-323b-46f8-80bb-6a579fb3bc99
0158dc1f-f6f4-49eb-98db-ceee9c737a74
48db9ffc-306b-4a41-b040-dec707e6f2ba
609f94aa-9743-47dc-bace-bf9b52e88ada
2f6fe58e-8246-4cda-aebe-c9d57cd165ea
01244633-0eab-43c7-af22-aab45596262c
362671bf-ebc0-49cd-a3d6-a91b5d62ecb3
739fb8ae-e4ed-4d30-a049-44c835a6d49f
ac1eeb0a-8c9f-4fae-8788-24a112d74a27
5832b048-c416-443b-81ad-8a55465e60cc
c845bde2-ca27-4ea9-acdb-a97e448f7680
247c449d-4acc-451f-b0dc-515165ea6a62
af132cf6-232e-4772-96ac-a75a18a21382
1ea0b04a-5c1d-4fbc-b4f8-b60e327bec6f
819a7ad3-3945-3848-b380-9be5ad6a420e
1573812c-d11d-33e0-bfa5-2ba29b32f55f
117722b6-5301-433d-a4ab-9855fd64a7eb
e935ce41-f467-42f4-bb8d-361a55cde063
368e3186-3174-4fec-844a-cf46a23cd306
86205f15-d65f-4dd7-af0f-08b77a32097c
2ac26da2-fa72-4e83-8c1c-542792d997c0
0e152d0c-5720-4889-ba89-8091492ff398
c698ff8e-f936-40dd-a4c7-cd20e7ea70e0
edf99ee4-303e-41a0-88dd-7ed70d88fe42
fc92a67b-2e33-4a34-b4f3-b8b4c7e9ac9d
5c6edb70-b212-4579-abbb-04540151a0bc
d9c33cdc-5999-4d47-87cc-93255e35188e
e1ffad37-d420-4a79-a034-0a8e2ac787cd
c255e58f-427f-40a3-ac56-b2469c5322b5
c25a8a68-cb4b-46f4-b8bb-93564dbb4168
660681f2-625f-46bd-b261-caa306cc5968
611470af-c770-4146-8269-458e69f3c08c
bc16ac37-00f0-4646-8e47-56de6044ac1e
23d376d3-407e-3a9a-99c3-52ba88a76767
b54091dc-1bb5-49bc-856f-d61ecdeeb813
3e545b9b-5d2e-476b-934c-7e7e58b8e3ae
273a4a99-13c0-41d2-806e-a3a6559d8c4f
0ece6933-46f0-3ad2-a9c5-8daac15e5ad3
6843ec0b-dec1-46c1-9d15-f84b308252f2
94228a02-6e5a-41a9-b151-8245758b67ef
719c921d-a006-3c51-abe7-cead867a78c9
e1c4aa37-d4aa-4996-b4a2-5f0f0e45d12a
4ba17651-93d0-4b32-bb3a-d6de5b761da9
155ad0eb-18c7-4e3d-8b9c-afd63cf5e9c3
39057a21-0a68-3494-8522-2e473dd6a38f
47a11128-1de8-4624-aa37-226979c7a248
9fb1f9ad-1375-431a-a65c-8cf467dfa968
12e261a1-a25f-4fe2-8f8e-f885a937acf2
ff453a14-c904-48bc-8b79-410a55694cbd
0f78b360-17e1-4812-9710-6a53a486de16
bf118403-1550-42a8-af6d-0fd727798086
562b0076-3ea9-4ad3-ba04-35e41d2bf8a2
24ed8c8d-11e0-48ba-afe6-d0619025772c
32264be7-2811-412a-8daf-7054d05389ce
f394d524-89b1-4acf-a21a-7eae82390fb5
553d4b43-1517-346b-9ba0-14efa2c68d14
7ed2f3dc-a473-491a-8bbc-161b95ff1df5
7543483f-9170-4901-b1c1-68e276b2671a
12c01371-0ab7-4bf1-939a-461982b78e83
1eeab3c8-8437-4218-aafe-44e7728d6f1b
3ee0376a-5f95-4076-8ef5-e81a8eeb4e32
8114c27f-5daa-322a-8a49-dee253a81e60
5cca6f5a-1a5f-4c49-b578-c5bd5d6d875d
ec8d68a4-391f-4e5d-a693-4db2ceca0b08
99e7cd5a-e9d9-42cd-aefd-9ed7ad80c3a1
4851ae45-045c-3918-afa9-3bc1387423e7
198f2b99-a7f7-3971-a40c-1f61aa7b7588
3eb4751d-19c5-3b2a-9354-10aa6a2c186e
13c5076c-4745-4cdd-ae9d-d3fe2477cbf3
e8b2fe03-ced1-4592-ba0e-dfcb78a50304
c935e532-8237-451b-885a-68cb11218a1e
8b81d36d-a0cf-40a9-b858-01af3113bf18
d673e433-609f-4f69-8a08-780a89795757
9c8f17d1-6051-3122-8c64-dff9ec99726f
fc923002-f37d-4181-a50e-2ec3e54f4ac0
e363968d-4177-425d-9fc5-fc572a1f394d
5949e07c-612d-4f06-826f-5150b5435890
b2110fad-744b-4297-90b9-093fe5482d7c
fcea3d53-cd40-4f18-a516-41f57e3738ca
a0c6f147-7080-4734-9c52-ad0579662d3f
c8b017e7-7890-4e8b-af7a-b764f611cc10
49a97a90-4584-4e80-a5de-4e4c8e05a795
4303ee22-8dba-3801-8cae-7d5530062ab1
74ef85cc-ea52-4877-978a-752b3568bf7d
1ddad3b5-789d-44a5-a4ed-fc7f7a0950db
43fb7042-02d0-401c-9957-ef93b4d8d027
100e3cb4-999d-4152-a6ea-18ef7166073e
206d272e-e0ce-3339-b7b7-a459ce2ada73
108bbb43-5203-44b9-b61d-18c8d9f965f1
a7136ff8-93af-498c-b8ed-7d3035f612b9
b5b6736a-641f-4b15-908c-5cf06cdec40c
929a132c-ed08-4d0b-ac63-35a6732b30a9
69334c06-3dd4-494d-ba78-f14dba39912f
c566f84c-b77c-4f90-9573-f5b464abff6d
653a4c63-522a-4fb0-af54-89f4f7178e85
b0537ad1-162e-4887-b638-c0c2302035ae
b0e354eb-f420-4830-b6a6-146786d253a9
fdefdf63-7080-4508-8d64-9fab39b39b17
7827d6e4-e2fc-3afb-8c70-57439972cb0c
72c0dd85-07f6-4e72-b215-ba47cea35c1d
97cb250a-51db-473d-afbe-dc2dc8c49081
ae05af07-134c-4628-9fc9-9854952961ab
09379704-5da1-36b4-9eff-3a68424e2d91
c921d3bd-0674-4632-be66-52e5639a030f
112faa66-051e-360e-9d2e-4f7b09c74b67
7fb52d24-368d-4597-86df-902cf60fa10a
87779242-ec6f-4a22-9b1f-831270695c9c
0e90ef50-aced-4b4c-97b1-cd7ced5724f5
7dce7d7b-1243-44cc-94a6-aaf3ab155f0f
ff70832a-09a6-4319-9d5f-9a2af03495b4
e8f72bee-2108-49c0-867d-f448de559589
843c83c5-1c17-4d51-a4e3-7a44e933321b
6697b428-2d47-3340-9ac1-340343afb571
b44ed9b8-1dd3-407b-ae5f-930270312e28
841d4712-38d9-450b-8d58-7a93a9045a3b
89d84113-afe0-49b1-b28b-d7f3b7daabb3
b560803f-3cd9-40b5-b972-add3667d8ee3
7fe87256-e9b8-4599-982b-61e732d9226c
d1d091e1-69eb-4610-a62b-5179c70ed525
fe76837c-7750-32e2-881f-037298bb327a
12579879-7c06-48e3-8018-c8a038984c66
77298766-32e5-3e79-970a-35fbed132ccd
fc60da6f-4c81-4fd3-b1b8-ef0044fc3c5c
d3cdf932-8e63-462c-bd12-cf58c075b0b2
4cdc1a3b-b49b-3402-b468-53c6c11d4357
6e3f4735-16d4-469c-bfe2-f37dfe776aba
ff3c38d4-f2b1-4a7a-9216-7caf091d75c1
4e4b3a9c-5df4-4d0d-970c-7b80b2d3af16
de339f05-f202-3267-a2c8-2804d97abb24
ae4e0a25-92df-4729-a546-051217fd9164
7118044d-9e08-4d01-b30d-d25a624c4b1f
79364352-1dd7-34c9-8af5-6b17f69b9b02
52455a35-9520-4fec-a47a-720f51093465
da9f0219-cbd7-4acf-8886-4189c2aa13a5
61e55d19-0535-3a12-82b5-5b03434a3b33
8c5a9dbb-0063-4218-a22c-902610e97611
ac605485-baa7-4f0e-a988-8712daf16959
069c9c06-cec6-456b-b07d-d668ba08e7ea
620b0c30-77f4-3362-8a72-c02be814ba4f
e7f03e51-14aa-4e57-855d-1cb8a780d299
0c26f980-9c40-4bcf-969d-d315c9715ab8
b373fd80-0681-4bee-941d-7b937c25f4e8
69df22f5-783f-4694-b911-dcaba9f630bf
97b1a6a1-ed59-408e-8062-26eaa45718ec
df95ad28-aa55-4529-a62d-66d04e654fd9
52eaf45c-77a5-40b3-8d96-321164fe7d5b
5ce0286c-a161-4473-82c0-febd82bc2233
3ed36334-a9a5-4ca8-9a4c-d75ae4ef9dfe
055f37b8-af39-4baa-8c31-ea11a449be94
932b63be-979c-476d-b8c5-ca78268b31bd
9a097def-16ae-4d73-af04-5d9e9268913a
f4ae7dee-d6a3-44a8-86f6-d62c5be7bda9
c958b55b-14eb-41db-a044-46e38d5e9594
44c5b528-6d98-4af4-aa22-753f58a1db0f
c82a33c2-0925-462c-a6d6-1a1ab4b50611
1f1c7d80-bf39-4abe-ad27-ea9c1ee4e620
e5c54f22-0f9e-4625-baf4-d580144e2945
884e1c3a-da2a-4351-b607-321c66c52961
f0f37b4a-dc08-4539-9adc-4e4e1e54f667
32bc0998-c218-34a1-8954-f608c47fa7b8
0d759977-35da-3037-b200-cdf9746e63fc
318f6349-44bb-487e-aa44-4c2649e9e348
8dd198b6-02ed-4445-9755-b9690f93454c
05e875a4-a420-4c81-bcb3-e985eb856f22
ffd71c3f-5625-4090-a8d7-a3caba1af504
e0601178-765a-4bad-8ad8-4dc593ae155a
d937c950-882c-4f27-b121-31be6c759864
05952587-9eff-4236-a1e5-5f5c4034abc8
db597b90-0780-4340-8708-71db3f4b55f9
e00349c0-02d1-4d62-9299-1b32299dcc35
d24ee8bf-5748-498b-8acd-d5dec116c921
e05daace-772c-485d-8773-f350ce8bf79b
61fe95b1-4049-4279-b235-6d9f659959ac
47ef6062-e3dc-4eb5-8aaa-350e857eae40
d998cae4-d194-4ef7-baaa-fe49c614a950
68a7c773-d7ad-41d8-a6d5-a1e7c1858e7f
817b6415-41d1-4692-89b1-5d56d5a5924c
800ec5af-1053-4cec-a4f5-04193cfd7e2e
28767aeb-3410-4741-a1e7-82a872b8ae0f
8ee760c1-7955-4a84-9002-cbfe92e64207
f5383416-0d83-45bb-b4ae-35787cdc2ca8
0d46061f-d479-4575-9f31-c48589cc9d39
82c5ca74-aeff-46da-b2ee-7c40ce158625
caf96e86-bd6d-4cf7-a51f-38f1970a04c9
f3f2b1f4-1aab-4142-80ce-8ae78a399e58
5e691f52-4b8d-4cb2-a43c-e19de0c72542
a4dd345d-c602-4f76-acf2-8977c4691565
6940c2c0-6685-4a46-a941-d8e9bfe160d4
9db8228b-c117-43b5-a586-36bb587d547f
b607bd93-ae36-40ae-b56f-bf6617698092
a74596c5-05ae-41ec-be41-3da6eddad0ef
1ca9ff35-404f-4276-a4a0-ac2800f7aab2
ab7b6d2e-f0bc-4920-90d4-9f972a6e6db8
6e8a38f2-26cb-3397-95e9-8ec3be0e7640
2d60ca8e-19c3-4a11-a397-53609c3eed67
6306efa2-de18-4bae-921c-ddb0e9823cad
b5953b58-6c42-41a8-a696-134b02534eb2
f9eccd66-4546-4537-a40d-0e8204829000
2e7f559f-24f7-4e60-9fb7-b7a1665dd10a
b4063660-1d52-4fd4-8763-b7c065631590
03b5368e-9fec-30f5-941f-14906c0eb532
957eeddc-24c0-4d57-b8e4-7a5ab3d7bd85
3a63c65d-8dbd-41ad-9674-22c8c188cfea
b71413ff-2169-47b7-9a72-48add2708bf5
79b3f406-e0cd-4dac-9aec-cc8a836453aa
0737c1e0-1376-4a7c-867b-d2cc813922fd
cdb53cce-9109-4b96-94f9-155fdafc489d
45bb8a3c-4935-414e-8204-94631efefb9c
7cf60eb8-36f2-4543-a125-8e98f29a6500
c85e6c9e-1655-4538-99c4-bb582724c386
343dad12-3fba-4f75-8fa3-19f7aa3d5871
aa110b41-9ca9-46cf-8442-8852d5b4e96d
e1e8fb58-c8d2-40fe-8686-b669bc013059
3b98997c-021e-4840-994d-81512494b4cc
6427c8d1-9c9e-4674-8613-aa9b5b985138
50ccc44b-eaf3-3dd1-819f-a9de5d8be620
d7088ddc-d85b-476f-87df-498801fc8e64
fb20a549-7799-4202-ac8d-00940b0491bc
72738488-ee91-37af-aab1-39f9caee2993
d25ae0e3-963c-4ae9-a9e6-b0218e32b8a6
23b9a85f-8b12-4a5e-b764-6188b9052c66
06d73a72-69bf-483d-919f-8e7084968b8c
8ebe5aa1-8750-42ba-abe9-1cafa226126f
211361fc-1db9-4d5e-8a0c-f79751519a1a
d3822e74-0975-40e8-afcd-941b36163c1c
f6f0c00b-6254-4185-9d8f-6a16edb07150
e992ef62-178f-4a42-89f2-d5aff3a3ebc3
fd67e3f0-cead-47e4-b402-8449afa1764f
bf3bfcf4-ff5b-468e-8270-b66966cc1fbd
50489565-e613-4b1c-8697-80e3e6db39b0
29b11ecf-e069-4f82-a09e-ffca1c9137b1
076491e8-2208-4c5a-ac25-53b4c423da93
c3f1d0a6-b75a-4125-83f5-b211f2de1e16
410fb928-49ab-49c8-b1a8-db6356ef80b0
4416c798-ba4d-4a36-86d6-409c9638783f
942c7733-25a9-4b08-8768-b4972609b0a5
cb348cbd-462b-403d-877f-b62cf2d1d8f1
2a9d64f4-5ec9-4bab-8e99-0d50bf648451
c6977084-5f7b-4560-90ca-8caf45f04db1
2046863b-b103-395e-bc9b-91cf5ad009c9
cd28ae44-582d-4687-b464-dd889be7af37
1338705a-26de-4b89-808e-687e243b46b2
faa8986c-d632-4b7c-9a25-659e48c42d0a
52471580-07f9-4ed6-b6ae-7e3030f9b3ad
cf7d1e9b-0ffd-4be9-bc76-70989369d0dc
409b7c91-ccab-4131-bd99-2da5320c2ce5
a816872f-79cb-4c4c-bc79-e316d9e0a032
8d614eca-66ac-4835-868f-5b5371c3cda4
4fa07778-81ac-4522-9a9d-8ca9f2f55cc6
006cb2b3-e9e3-34e3-9a0e-f93fa04f344b
04340c6b-aa4d-4840-a570-9d2a81ebc1b0
4e7d021f-2d88-3c67-83b6-81592780bef6
15694ac0-e537-3cb2-b372-53793868d198
70d86152-44cd-4498-803e-077dcc75ca93
dc405632-d64d-43ef-9b34-0e79a3ab7189
d39ae154-797b-4e05-9054-037d7c64bc10
f7cba2ea-bb9d-480f-87ec-d46692225918
3d002fec-67b6-427d-a442-3734aed858d9
4e796b2d-ccc7-442e-b482-eab901f3bf0b
f9f94564-94f5-483c-8879-981613070970
24131b69-5206-4722-a8e6-b6fc2e6785f9
7088299b-c3fc-452d-83ca-f5690d5e0a5b
76fb0a4d-eb99-4c88-ad5b-b2f40a72426e
e6807698-c57c-45e8-a2b8-7ee12fa8345a
9fe4fe85-f411-4744-b2a0-306e62db038f
083a7a9e-641a-4c8a-a684-a353d10ccfc2
afef5e43-818f-4f4c-9bae-9f22d56d094f
35132022-1599-458e-9c89-8418ffcdc64d
272cd115-4eee-37ac-9591-19defec3bbe7
40e73255-41b0-4920-87b5-55d07675b61d
15f76e07-8716-40a8-8d34-01f2158b95bc
75d0ab70-5624-31ef-b86a-7e6a58e58ca5
a572b679-65a0-4cfc-842b-b4c7f33f944d
49fb1036-6a63-46fd-bfad-cac821a33457
5d89ddc0-4963-4570-b26f-fe4618cf597b
6d865182-4747-470e-811e-de741b7d077b
9dfffea5-4373-47a8-8a96-76bbbd61608f
878f7eb2-b0c6-4e56-9610-75af19099346
9499546c-d072-4fea-9d6a-db34445fba7a
732f3a72-7536-446d-b765-e96d99ac8e94
fa2b084d-40ed-4aad-b385-e92f5c63c5dd
521a7213-d5b0-4f44-9146-756505970501
007a52b4-27db-4430-b754-4fc5f254e917
3e923a32-8ec9-338e-9699-fd7ea37777f8
0d17ea4f-3851-4243-95ac-bd151d8ad79f
ec9190d1-cc42-4a85-bb1e-730ed7642f51
3f6ba2ee-005d-40a5-8e47-3968a508023c
59b95376-f918-4700-a253-5d6243f1fd0e
2324e861-bac5-411d-9c27-d16063b1c516
d1f465cb-ca8d-406a-a948-4fe63a88e24c
0d309488-bbbf-4ba1-8e2c-7e6fcfb26cb3
bdbc13f3-cf04-47e1-a122-15b14bc30ec6
a6cea57e-9105-4c89-b34a-883d02dffc11
e99c472c-8895-4ba4-812c-64ddd27fd334
321ae24c-7dbf-49cd-a771-a6ceeff98950
368126ad-e669-3651-b160-d01180b3a422
dfa6a36a-7e44-4c93-a66e-de54e005ef56
8eaddda9-b186-4f68-8655-bb7a6e152a9c
932d44f7-8cbe-4377-8737-9a89e857e191
650ee22d-6dd8-4505-8e1a-77e7968c94b6
459a2ea4-6c35-4a2d-b0df-bc4aa237b957
08f8b55d-deb5-3163-8d28-d1a0cde2be6d
78a2af22-f954-4868-a3e9-c0311e5cb5c9
937e614a-58a2-42fa-aace-802ca23d7b67
9ff76d8d-af20-493d-a17c-a4aaaa94114a
88a9f000-eec9-427f-ba58-18628a1c80f3
b130163c-7c15-4f9b-9294-5c81fd23e968
3ee919ad-3774-4d02-9cc0-9f687808eda9
feaa9ad2-c72c-4bb6-8291-f5024d2d9954
4b3361d8-5759-4433-9784-04af559dc33c
dd75f4ed-53e0-463b-8861-5c6206bdb847
b0f50473-fa44-3a42-b398-597cba88f3fa
696f3d50-ed3e-4dbc-80e1-0e6f2f15515f
2ca37f42-1da9-4906-9862-8cfcfbc114eb
c0152d79-427c-46d9-b7c2-97d44a7e871f
168bd7d7-9244-38ad-90ea-bdedad9f6e97
6d56a359-9585-475c-929d-6c482106ccee
5f75f67e-b806-48c8-b324-27703dbb013e
c1945e48-2eaa-4691-a77a-89eaf1179df7
eec3bb12-dbb8-47d9-b8d3-f9e91c32e96c
6952d5d7-d3f2-4607-8013-59dd3821c711
ae59d818-7fea-48aa-becd-2e74aa348c26
10297250-34ce-37b0-897b-e588570b3adf
f33cf33b-ab28-41b7-95fc-c05d527c32b3
7de13f22-abff-35e4-b9fa-f00577dbafaa
ad54eb72-682d-4c51-bb95-d02a543d648c
32dc414a-37a6-4fb2-9f4b-0c1d13dd4da3
c54f825b-9305-30bb-b6bb-5bd2efde4038
713e6d30-caf2-451c-b4eb-8edc4486d27f
0b6d6dfe-8e30-3259-87f3-bd2f2181f780
630bddfc-cf2d-4a0f-8921-ad566ccca677
4d597dc2-b07a-39ee-a775-2bd021887902
7496d387-d436-341a-9f14-eee699ad10ba
e009febd-9660-4f86-91a5-74b27ae78382
18d1248c-f19c-49e6-a0c2-99a306733b56
692bf4d9-dee4-4bf1-9e6b-7377cc37434b
2d22eef5-ddbd-47f9-9125-69d4678bfeb5
4cf9b3e2-0717-4cfe-a9d5-1a50c8865703
08bd9700-ae85-4722-8a3c-bf394a31799f
6ec8a921-13c3-4240-a817-efbf3a671ffd
a656aa43-9e43-4199-9c60-08573c159106
3728a732-bbd6-4c3c-b49a-dbe7a8158466
5ed1c458-4bf8-4210-8720-878041ae8c2a
1aef5e72-a67c-4d87-8204-45439beabed9
337833f1-b021-492e-9518-6e0e4db8cf2e
210e365e-f949-4075-a7c4-4a7cc43178bc
a2ac585a-4a8e-442a-8824-bf759e6ccdbb
d970a248-c475-4af9-b98a-15b998580b56
e26c147c-e231-4351-96ac-d73eaeebf873
5e88e02b-1f13-45c1-b927-f32d204c9fa5
f628bf7a-7101-4002-b13f-cb92e9ed4566
51f88f6e-27b1-4cff-94a0-1d64dfac3172
cfa45fc2-9dd3-41f4-ae34-8b16f03d96cc
f8f56dfa-dcef-4022-9a68-79c6650bec4b
48d707fa-87fb-42c1-9609-20eb7bdd48dd
602042be-a5ea-47e8-93bc-9a8a9270aa45
265dffc8-1dd9-4486-89cc-d8de12c4d028
37ae78b3-e2bb-4bc9-96be-68bce5131b68
d0878591-8519-4769-a9c3-f6517dd83a70
b63725db-7394-48f4-bb99-5707bd346d88
9e935d88-bb0e-4427-aaf8-b277e97d4a79
65660d98-3afb-33f5-afbb-41899bf888b4
34a5b5b4-b2fd-3bc6-8637-561616a163a6
6a0c7b88-98b3-4d9c-b40b-f951731e7c21
cf561425-d738-404e-a5d4-32b7b0df4099
5ef10029-a87b-4fc5-8b53-99f05731fc00
4a435ea6-6a96-4a45-8000-5602f0732e41
0c5273c1-3bb5-4e1b-9145-03931ec12545
f62a2ad7-99a6-46cf-bef9-27eb7deec2fc
688acc5a-522c-4e59-bd28-b9bfb9809698
1880728b-94b7-4cf6-86da-24b2ca1a7ab0
3952e506-2c9d-425b-8b15-5355931301e3
3ed8b0f2-68be-402f-a320-4996be9abeb4
7fc7c085-8f15-4ee3-96b5-152b3eb00df7
523ab5cf-85dc-4964-b60f-e9b0daad290b
2d529a92-bbac-4b3c-a506-51ed907edadd
fc93abbf-984c-432a-abb7-7f1ce951955f
a4876bad-812f-492c-9c0e-35293918aa31
de1b45a9-899a-4757-8142-bf5425b32cfc
80150a25-7847-3f36-b852-d45924c5de8a
6d22fcb0-05a2-46db-954a-ff5f206b4785
50bf5448-ada0-4b97-972a-7f0c883094e1
fe603f73-e3e3-406b-9e2f-c7c946a6bd07
3089e88e-7fdc-4b23-86ea-41c8844a46d7
f1a57686-c24d-450c-a758-23e5d2e805cc
92d08eb7-a023-45b8-90c7-fc9c84c656b2
0b7c37e1-b98f-4ebe-9d04-ac4e93251e37
6e462789-c81a-4da7-aad8-62aef2bd3ea4
9093138f-8cb8-40b7-8c94-aedc9506d904
cecbfc82-19fb-4272-a055-c3fd1d04c9b0
8e1d0985-a787-43c7-8d93-fc8687f765b6
6d8b1aae-c4f8-3b6e-93e5-d5df230ab180
0e4e2ae8-2960-4e0d-9990-afefdc5a82f4
9c4d0605-b42f-455b-84f3-6aa859eaa664
8b29de6d-5436-497a-9d89-7f441c397f95
0ddf811b-7cc6-420b-aee4-90b335012f4f
81bfea92-9a56-38eb-8bb2-ffa5b572fbc1
57621dfe-6be2-3055-9131-df8c062bfaee
6dc37164-72e3-43a1-a721-c0ec3ecfeeb6
069c12a1-f8a1-4bd2-aedd-4a052348b3e4
aef18858-1e3f-49f4-9ef0-427b098bc1d7
d8390cb2-fc67-40a1-864b-fd3bafe8ebae
887b77fe-65db-4e9e-b8e9-363d7867a82c
843c5437-480a-30a5-a059-c643fa9375c7
5d70443b-93c6-413e-9e8f-c6288646992e
