8744664e-80c0-4d24-8417-48e999b73dfb
6be6f94b-80d2-4699-83c3-7084c60b12fc
5ad0332f-46e0-40dc-8904-db10869f5c2c
57f08c70-969f-4320-9fc4-fb83447094e8
2503a513-954d-458b-9714-4744ba64cccc
4309c121-3bce-4a55-8dca-7dd5a54513df
82e03ea5-48b3-410f-bf76-6b9129c2f215
1f6d1921-414a-48bb-b69e-20ff6d8066e5
59842058-dcbd-49c6-b572-96bdd36004fd
7ce0d1c5-7cd9-4404-9e1f-7c8811314ddb
42aed001-5c5f-4a41-b731-1d3dfa58cbb7
6c0a0d04-4b54-4bc9-b710-0865550c4cb6
0ab8bade-d500-4b65-ae65-020136a85d1e
5ce26ffd-0868-445a-b5b0-23ecfaaed8f8
98e10094-bd8d-49b7-a01f-c5050f7ddf4d
220b5f5e-a3b6-439f-a7e7-e8f58132870a
e5843568-194c-44bd-b757-b282a6bb8451
41905139-7ced-4868-bdc5-2320eb3cf9d7
434e4279-64df-488b-ba7e-c9398fd7633e
90e743f4-9ce0-4785-bff5-321984762ed7
30c91dda-6485-4980-8490-27541bd6710c
4b8f438d-47ef-4bd1-aa8e-b9b13e1c53c7
d84dcb47-f671-4538-96cb-0cbac9ab1a65
734b2469-ff27-4288-8bde-f9561bae1370
14143c76-a561-4d76-82fe-a152cd24efd7
5d0f5f8f-333f-49fe-91f8-26748c1419a9
743d8e1d-69b5-4b6a-9fd6-03a1352f5e51
69d407b8-a0d6-42ff-9e89-5593eeadf394
00acb313-c507-4372-addf-508755c6e98b
a3113e0e-432c-4635-9951-3b07dcca4941
7210071b-c7e0-4d28-b920-fc6f1631c97e
9e8c0111-b23b-4e8e-98a6-9f2f53ed3a8e
4948b9f9-bc22-4682-99f1-5703fbc9b458
d0f44fa3-1cf1-4cbe-ae92-1feadb36258b
06ccac96-3ca8-4bd0-aee2-64f1b495f485
25c924ef-cd89-4e88-88da-2f379e67c717
43e00824-21bd-45c1-a0bc-458da0df8981
c8851c3a-dd16-425d-a580-ba2fdbe6b7a1
cbe506ed-ba64-49c8-90ad-3d09edc06e05
782c10fe-dec8-442e-bc32-4f13993aaa00
cf403497-3544-46f9-8f12-541bfa69dfdf
0075c272-7659-4f43-89f5-8589d2036930
0bcccd3e-2f61-49ec-8b00-ded62b84d31c
aa02a1ea-984d-4c53-a1d9-feff7820f41f
2f7b4bc0-2293-4f31-9812-472c0486a300
28dcdaa1-7388-4157-afbe-9ab5fe16ef61
064b7591-f01f-4520-8690-ead009ce8b7d
3ebc47f7-2d1b-446f-8a08-849562610bac
ba7e3713-06c6-46f5-aae3-c182cdcfebb5
466fd05c-415d-4ff8-8539-9062d0b88ae9
3c01c6cd-b9e9-4555-8392-2e75b4303435
64227952-d60d-4c1d-8f08-745914b95954
7d8c51c1-8ce4-4c6d-8451-db5255a46703
55235cc0-4d6b-4d69-8145-d0018023dabb
df473f4d-a693-4ccd-af03-5c1cdeab00de
31ad9109-d64b-45c0-b906-e5a78a588992
6217e2ce-c016-4f05-bf2d-430a1108ccd9
8afe5eda-388d-4853-abde-4d86d0ec3fa3
ad1fc8bc-27f1-499d-9a43-ef3c1fc53a3a
c809d436-7bb7-42f7-999c-d0b414891ec3
47466fe3-2588-407b-a387-781df7bade38
025a63d5-0600-4101-8252-b6318f938695
a459dc09-a9ff-41eb-ab70-47f364526ff5
83c55c72-174e-481e-bf89-d5497477ec18
4f5f4392-8808-438e-84fc-517f12f50d2e
2daef631-fd65-43fb-91be-4524742a7dc5
05bdab52-1b44-4183-929f-eafba68391f0
80a2a2a7-bf33-40c6-a4ea-10636436e704
6bfde0dc-f3dd-407c-9237-bf9cb42d5c6b
5fe741d1-be2e-494d-b2ae-7127f84a50e0
4338d080-4cb8-424f-a30e-119638706f76
e3560eb3-d4e1-4add-8b51-b3dd5ec6943b
7774aa12-47e5-4b60-89c3-b1b3779afff1
6f7efa83-660f-4132-a6c0-0aff0c204f9f
6c5ead8c-e88c-49dd-bb19-53b5ac4e6f5b
61203351-d5cd-4c2d-946d-b331a552136e
b9a8ea4a-99be-4fb4-80ac-3247729d9da5
6f2cc2ba-6d8d-4a20-8707-4b2d12edf23c
1e64fb2e-8995-45a3-b69f-d55d53ae8f38
862dfaf1-0b67-42d8-a8fc-ef8c978a9195
b9b48fcc-c242-470e-92d4-79ef7e412f1a
64a5a791-bcca-4a49-9abf-1a1d5d854a64
fc42d7ed-66e7-4022-9564-cb8bf052c74c
62a3ffef-5a0d-427b-8885-a151656dca2e
3727f54c-3936-4cfe-ba18-13995e0aec5c
ee837fa2-dacd-4b6b-a312-c3c0576ecda1
48b31960-ad7e-4a99-b890-f1ffe19d48a8
5d0106a3-9759-4d7e-8682-9ac96b210779
76a4e349-e557-4568-a4b3-b9af6467b3e3
c7947b48-4d66-4e28-b120-a2db2304b614
e37c33f8-068c-47ea-9df3-fe257c8a93db
9d497fb3-e6a0-4c37-aa00-fd71f879004c
cca277c5-6a69-42d1-9e28-3bcec3a78ff5
f9d7691a-e8d5-45fa-a279-ec7224afa8d0
bf06cd52-27b8-498d-b8c1-563ab1d43993
0e2693d3-9009-48eb-ab59-f2b2f239f00f
52cdb70e-5cb3-41ce-9d39-b8d7dc8a4513
5c974638-7af2-431f-aa1c-57044deacf96
87c09551-15ff-4cd6-984d-0a399984a591
5b93fca9-e11d-45e0-af11-e6b884f7fd3c
61de8e4b-63c7-4854-805c-c8c652b248ca
08c0e449-6678-48bb-b508-fdcec173f893
80b3c1bd-cd8b-4866-845f-e44b767fd92c
95625d50-3350-480b-add8-dd1001fdd612
473a97ec-e818-4b43-8510-88a00eccc52b
e9c69651-0fc4-4a29-a586-1baf745617f3
1a44b604-fd57-4736-809b-744950970253
2d727755-2c8d-44f1-8912-3bce1b2d8862
12b2dd21-c308-46e1-a375-471f67c2af77
74ab6d93-2184-4365-bcef-c54ad1201a2b
2cb574ad-03e7-44bd-a796-eccd50e6e9a5
ed774069-db61-42f4-a06c-b1c819178ab2
6d2b4039-8a5e-42f7-94c5-2600d6e2925b
6395bdba-e5f5-4975-899e-57f3a1687414
22b56773-8cd2-4da9-94bc-baeda184a00f
4ca6e261-d6c9-4bc8-aba7-570a7c5c477c
107ff42a-9f66-448f-bac8-a66978764504
0f57a6d3-b79d-4005-b67f-3818637e8c0f
631d1d00-4ce9-44f5-8394-7f5e74fdc54d
fffd4028-7f01-46c7-96d2-36c3f51b5ba6
7c109d9b-921b-49ba-9c59-742193cccbf0
802a538a-247e-4404-a015-54552d25372f
75140bce-2f13-4c9e-8d76-1747163d7232
602022db-9c17-43fa-97d2-111ba3438c38
76d1b15e-667e-4b7a-b6dc-74bf7626350c
71cc5c99-c363-4782-b7ff-2faf45de6af8
588037d1-e7af-4fd4-bede-98ffdab78b23
8f283aca-6ab6-4257-bca5-d229ef1ced62
ea92f9b0-cb40-4f19-bc79-369d8e6520dc
a8cf8908-156c-4d18-8992-5bed20d453df
6687199f-1e37-4eb7-bd46-35aa03c37795
0d826263-1fce-4f30-9031-7dfc250c7a6e
281d33db-4e43-42ea-ba76-ee0890042e85
d6467f06-ee74-4d5b-bc29-82dd531e2549
7a4df5f7-1c73-46c3-ae6a-c0aade5d6767
fda4e8f2-5b16-4306-b821-1a8a70200f19
854b1e42-7c3f-492f-97ea-83553ed76609
7eb290b5-fc48-4981-bfe9-84ee0b34b988
53e1bf77-8ff1-49ce-98fa-ec9d0eed78a5
105529c9-a81d-4050-a0f9-a7963bcd886f
02dabe94-29fe-4f44-a7b0-8d12b6281806
068bc916-69aa-4153-ac1f-8cb0a00e4cde
3f59d8b2-c84d-4be3-8dac-902aae6f9fb6
5f99048f-66bb-428a-9495-1150881b62ae
ecb104a0-8d7e-4877-a050-dccd15c3bb67
75532394-98ff-4727-b030-4ed24099e593
0d345c26-fedc-4f03-bdc2-80b9f27db831
84ed4a5a-516a-4294-bde2-9042c05c6394
427ec02c-54b7-4ec0-a0c4-570512d1b186
ab9df4f6-dab2-4b7a-9658-bde553f48e69
79ce0923-04a5-478a-bb56-0d6e10468baa
7ec57ec0-f033-43af-9713-0be6943843e3
0e8540a3-85cc-4717-9d64-a4069e67a76d
7974e6ec-65d7-401c-bad2-ed9fb20fe367
1c7c14b7-9483-4265-bb74-67954641d8d2
665a4a3d-8694-4c84-8ef2-14cab3a333ab
62ce5421-bc66-46ef-b797-a809ca70d250
41ff0656-d9c7-42cc-a431-e6d2b23081ae
155f41cd-8704-44de-9d8a-423ca954ac23
a853066b-33b5-473f-b08a-288751ae0439
3882182e-1382-4d4b-b280-ca9d76d990de
a9926762-1690-441c-b11d-c47181f309df
3dbea0a7-97e4-4350-a22a-58e4bc422823
506cf979-ba31-4671-b8fd-9b9b1d50b319
64e15b3e-dc58-40cd-81fb-9c1804efba9d
c6620544-0533-49aa-b690-1bd7f6161e37
431f43ba-a46b-499a-a764-6755b6f90634
dc00cba1-46bd-4a16-963f-bb82ad8c0fb5
9a8e76d5-f7b3-4ab4-8648-7639ac5ef6d7
76ea1494-a5ad-46a8-ad29-fbde851b263e
0aab9dbc-ada7-439f-8ebe-742d076ce617
6cb10f32-1a3d-4356-be5a-6ac50d1e268b
bf815fd1-942b-4cdf-aaa4-b9ca5b5405e9
fdcd925e-8bc8-409c-b247-155a397d8dfc
dfaaccd6-4e53-4a2d-beb0-43ad30ea8f41
af92ede3-f20e-4b40-a09f-111dfc847660
b19fef51-badd-44e9-9e13-be3be96768bb
a0a475d9-474a-4733-aef8-3d592adf489b
49270dd7-7db1-496f-a619-1124e638d37f
38549bd8-8b13-4ba9-bd07-ccc282b10e83
f1fb6ca6-98b3-4e96-9387-51f0f98c1dcc
201226d3-7b96-46ff-b4a3-9051f28f4817
1ed56a08-924c-4d20-9633-12cbcd5dc4e3
71685264-4807-49f5-9108-1d5a5e2bacec
7ce3cd02-6734-456b-b13f-88a4a553252b
7a9e335b-ff78-4965-88a1-9c2c78bed199
6d2fc776-acfe-4c1b-b6ce-f4df0925ce49
5e69eb59-f840-4a37-8413-5e72a8eb6a6d
39a386e1-029e-4dfb-af6d-af19ae1e198f
21b7c9d6-c768-465f-a3f9-900f06d5fbc4
b79765e4-219f-404e-93cb-06f055cdfa4d
fb528597-3682-4f72-bd38-b1bec744a037
ad019f8c-2c85-48ae-90b8-4287ec72e9df
d9de4102-4c74-4ee1-b6ac-c8f315acad2d
95f6b33b-5271-4336-835e-e621a3c38dbe
139e7bfc-1d9f-45e5-accf-795e4a2c2af8
6a143d55-67b0-4d1e-8fdc-63df7b749e5b
75bf62b4-3a67-44ca-aa9c-72944e3817a0
5947220f-bdc4-446a-acac-0b01821527a3
5756e055-7ba6-4db6-91f9-35a208d8ff5e
fa4ecefa-496a-44a9-b28f-cceff4d8484c
3da90446-a1e7-4f5c-b4cf-372fea72e9bd
788e3060-1ec6-4b92-aefa-b8a645728156
02133f42-f8b1-4b10-9fe2-dec9a0bd1325
2364f982-e6ae-4752-bd43-d683b666975b
2a7ad7b0-dc8b-4e72-b58d-fabb41a48cc7
3ac1b587-777b-445a-bfac-fbf21b0d0053
23c641e7-189e-4dd4-a211-1d8dd731450d
0362358f-6fe9-4afa-9b4d-d067eacb67ff
51434359-427d-4f35-b2f2-f2ad9b875b2e
6c110998-56b8-4ea2-9b52-0813e42da661
ab73afdb-984f-4fba-b1ce-5c06f4bfc850
0bb806d9-0f7a-49f4-9cf6-495559349461
4cf8178c-7c07-41f3-aa07-9b64458b6ae4
f08e6d50-fdb1-47db-a243-e05a308a3d92
b84ecd71-d3a3-4693-8b67-b29dc33eaf07
ce962157-8182-4d60-9d4e-5b6a35324d36
62dbfe30-7b17-45d8-b761-e46951475dc5
4382d39b-30a7-49b9-addc-ffa64f93e02b
15795b72-071c-4965-b374-8699477523b9
bcb9884d-d032-40df-b2e1-c2bb467a02e8
3f6764c2-a9d4-4cf0-9be7-0ceb1689ca4d
8f8163db-b8d7-404b-afd0-9d8d87077a16
433123cb-172e-49ed-be20-24ca9159b0e4
8f5ae431-d285-40bb-a70f-c85267533578
81f45f40-f24a-4973-aac5-6a91e0799c89
1fe97184-a26a-42ee-b5ca-2ac16ef6530a
89a2577f-6fdc-4c2d-9ad0-d8515a684680
106b01bb-95ec-417f-bb82-e0225f518853
5ee43159-6e09-412c-b300-032c119e651f
804048bf-b55a-4c6b-9387-a35d00a55dc1
783d1153-f3cc-44f2-ac55-87f91edad828
2103697b-b1b4-4277-8bf8-b0c9da18b3e4
72873f4b-0cb4-41d4-9700-062ff52f545e
1698be23-70f9-4e8c-b333-a679b2db4681
f9fa5e2d-ff21-40a2-addc-f07cea632e1b
4048fcf9-1937-4a23-af7d-6982626ec2f1
193b7a5f-6c0d-4605-afda-19bcfb341ece
48180489-7bc0-4f98-b51d-f047f8b5f7ee
6ba4e3f7-1756-42c1-a8f9-496eb11cb522
dcbd2296-e304-4519-b36f-523d75bbce44
77edb23b-2a5f-4a4c-b6ed-8f96f5531a8e
0ab0164f-ae57-4896-886d-b44e0976c33a
606c7d0c-75f9-4969-a524-b2dd9f71e2ba
1de8a611-5024-4367-90b5-550302d09043
bc3a9226-7734-40ae-817a-0ebb54a78a50
b9b68b7a-3045-4d2d-838d-f5cc17f8358c
0570edf6-aa2a-47d2-922a-fb5ae29fdd99
02190a8e-1841-4b11-80b0-c9c5e6e6ca01
83db09d8-0c4c-4b13-8909-404bdf4ea3ec
5fb6e1f0-d9f0-4fd6-b277-fbadeec74a40
f6c9e9aa-1984-4f7c-b1a1-7d2c0ff5a66b
fdbbb920-ce14-4932-8265-f3da4bb289da
b5af17cf-cde9-4f33-946c-a82825256a61
df336b15-1a37-401f-84b3-2df1cced112f
4fa9fd58-999c-4b46-a0a8-d43719916c41
ed074e20-0d25-430b-b6bf-17a2eed66976
4e85e2a2-fbdd-4cf2-b72e-ecd4f25d26e6
6fc88555-621a-4163-ba73-1207b5f6dad0
2cdddd47-c27e-4059-ac82-47649c890217
6cd134aa-6eda-403c-b02d-7f9d7efcdb63
c2fecd9b-c61e-423a-a48d-08c63931cd1f
619a822d-dd10-49d2-8ede-94aaa700984c
58577da3-9cb8-41ae-8d3e-ed7e7cf0e306
f43310eb-270b-49ec-aef9-11103921b224
9895d12b-73c2-4e83-94c3-0ef84d540918
6d7f6215-768a-431e-9e2a-29a66bcceee8
1d3ddeb3-afd4-48bf-ac67-146637c70422
06dfd96e-44c4-402b-896a-c895cd537929
6fdd09dd-4767-4820-a879-9683dadd1879
5fa958c9-2026-4366-aff4-db59257d0427
79e1f797-c5a9-48d2-84fa-c8abc35643cf
09dacb7b-65e9-43c7-9642-d36673a126cc
81a16c65-26ec-454b-8822-a13fedd4272a
b3e73de5-e531-42e9-9883-fa9daabc0de7
55b617c1-72e9-43c6-8781-2f2589be6de3
a3f6781b-630a-4326-b176-f666cc2eecdb
3c5f7f30-b24a-4805-b487-72de19086370
f5a73dec-1509-4240-832d-907c5287320c
4d0e2ae4-4ff5-45db-a651-4f376890b6c0
aef907c4-fff9-4101-a633-8f834f6f55cb
6c185b06-6b95-45d0-bad2-fea9895e1e5a
4b8f03ed-5a96-4d50-8c44-20d3e5a399b1
e1652165-713d-431b-b045-ba227e2f1611
7bfab3be-a34a-4d17-9d57-641e0a7f8108
1f44b15a-8c3d-409d-80f1-20dc77cb9778
db007a3a-3298-412f-8eff-eac2dac7270f
5bebb1eb-9efe-46f1-a995-fb381e4a7a62
10a41aea-5a1f-4780-9699-5aed914a904e
5c12bb5b-3ae0-4e07-acba-059ac03f0850
b65f7547-046f-4b38-a3cc-5c670505882c
5241f446-d3b2-43c3-91d3-9ad5a433ddcb
780bc20d-e0d5-4207-bc1d-0c025677c5aa
414f989c-d6d9-43ee-be70-dde9e68398a8
fe3a4a96-4a45-457c-b758-be4e16642f9f
80f00afd-2296-441d-9fe0-87670ea02a1f
40c2b1f8-58c8-4ae5-8ec7-b07ffe2cf899
c94c3b8b-acf9-402e-8a78-71d2d45011ab
5e581549-655e-4e3d-841a-ead19cb0f482
ba810144-5a50-4463-b6ef-b32c8b442107
8d4810de-1c7b-4ace-b9b3-edf23619b063
68ea46f4-8229-45c2-bdfe-3b42a1100f90
7f3277c2-9e5c-40c2-8b45-c4436fc147e6
56d90ed2-7488-4a58-9464-5731b74e7d64
454e0bb1-53fd-4548-b87f-379a3d669d51
b72500eb-2320-45cd-841c-1a9ecc674f1d
795632a8-a440-4c80-9f97-68f856697c81
5e3ec2e9-d0c2-4e19-80c9-594aca914135
71eb55bb-b50f-436e-aba5-a25504574d49
cc99a063-4a12-4471-b714-d8f05d2719d6
17e28885-225b-4e7b-9acc-0e49d88544fc
bbf04fb4-642f-47e7-b4bb-4d0a33b9362f
097dcce8-78a6-4dc8-90c9-ef8395e75ec1
eb9d6f25-ba4a-4033-aba1-3ae300cb9825
14330155-30eb-460b-ab15-58fe6fca5d5b
8f74ad61-bf7e-4b53-917b-78750fe4b99f
53b342b7-f56b-405d-a261-0cad489479cd
407b59df-eabe-49d1-9952-8747e405711e
7f78a965-20cb-4bf8-9993-a94083ed21ad
c099511e-0bd7-4e06-8b66-0c38a627bf04
b568faf4-3150-449a-88f2-3c2a7f4bfc17
4be8304c-78fe-42a1-8815-024c6b93efe7
0bc5bcb0-0bbf-4fe1-a38e-16e20434f8b0
35edfd15-475e-4258-a9ff-6efb88c2ac4b
c41efea1-9cab-4ce0-9189-c784f19a4da7
1a6d3e5c-8fe3-44e5-a233-2582a556d414
220dde51-10eb-48f5-a49a-02454da9f4fd
60b344dd-28f6-4e19-9ac2-468d687af639
da696e88-ffee-425f-aa60-d84c7f0e84ec
3eade32b-1859-4ecb-a38a-885d7f6d33ce
8c9586a4-6dce-49c7-a3f8-415e3eebf113
c681bf3b-8279-4548-a509-83801dd79d3b
08ca9934-55a8-4d6e-ba0e-6d2c4fe64c67
66e4e6f3-a058-4043-8838-8b1b25ef1d03
189a8d02-410b-4c15-898b-cbe706235c60
3a87f43b-bc7e-4722-8694-0e31e3709e6e
12ebe333-23d5-4c8b-b704-d22f82491577
74859a50-43a7-4e9b-8050-4d8cb7292dd5
5177c343-8247-4db1-a0d9-40347ffc5102
38b5bc9a-5c59-4cef-87e0-aba437acbdd2
dfb24fa9-8ca1-4e22-bf56-286e6b4d4f1a
007498dc-954a-4ddc-b318-164b7e4dfefc
748ef8d9-1b29-4bde-b8bb-41ec47ee38d4
b256ca34-cf53-49d5-a6cf-27952a9c4f89
1079ffc4-4203-42cd-a881-9c36137d6e9b
4f3fd5e8-a423-4d7c-8d55-ccb67b1ed230
8bce5a0f-7695-4b4e-9cd1-98529f41c16a
4b4439a1-8875-4d93-97ed-8762a2fb4ec8
20f1c7ab-008a-4240-b35d-d8c4bdbe2304
e7cb7659-1935-41eb-9e5f-c2d269bd3369
7f77ac09-9e9f-4754-9ce0-72fcdc9b54fc
436dca96-2efc-467a-b04e-485a835adcfc
e7173cfd-6168-41e6-b031-c05d40e3bd98
d0c417e8-61ee-42b1-9c77-9d171d6470b9
f7c476b3-9886-4005-8d0a-1ae450fa8ca9
5cecef46-561b-4a67-9f1b-87ca3d049cb1
807a5aab-58e3-43f8-a6af-d335e8f3323f
4cc3c6c1-5fd3-4d24-8630-1bd5ec4a10f9
718d3c86-4d20-4376-ae91-c497e482c722
485394cb-8e71-4e46-b4c3-41d4366b7b19
6d254375-63cd-4610-93ef-ea801fc30934
fce2055a-0c59-4a90-b2ba-c30acdfd4d66
6fb3b21a-2804-4ae3-bd58-54b90cde264a
619806b8-4edb-41cb-89d5-c00a24faecf5
830d2fb2-3b5a-4581-b8d4-15509bb4c21c
5c13170b-119a-4b1c-8b35-ff5a14a8403f
ed26c82d-abad-4b7d-85ac-13aa5d333d20
3f6c7e54-6cb6-4179-8a59-4a37dfb6fae8
6d7b7e56-7e0d-4a5f-b755-df0e117ac1e9
45b7b2cb-1efb-4039-a817-ac884273bdc1
792e7db4-96c3-46a6-adb8-27fd40036740
30e95a54-631d-4e8f-a083-4b1e77782031
e5a42f97-dee7-4289-9ad4-96f463a8b4c2
109cd2aa-dd11-451b-90fd-5ee1b5911b05
4e347050-97fb-42e5-aa10-7d43bb151446
6bf4fdb4-8457-43d7-9a81-41b24675c22f
04ba615e-ee8d-49f2-96f0-52a16f8993ca
47660e99-46b6-4d97-9f59-76f59dd36618
1447283d-caeb-45c9-a1c2-89f3b0f8c3f4
44c0a3cc-5274-400b-b89c-1c7028c43b0e
27aaa3c4-1650-4c38-8875-140cd587b1c7
6b59000a-6589-478f-ad1c-ac4814479953
6b4eb72e-14ae-454b-a916-4b94f8cc11d4
3fd9b6da-072b-4f65-9015-4cd07b15e137
adee3762-100c-42d5-87db-4a5f8540e27e
64b0d4c5-2df1-4138-b091-83af5821cbce
660f0928-c45a-4be2-9ce6-b0813293a905
2cb1497c-ace1-4c70-a098-abb80aeace79
42de7d8c-69e1-48b3-8fca-f9f3f1c40337
22caee27-9cb3-47ba-90c2-ba17560d039c
55bfa2e4-8231-4808-b517-5148b14540ba
bcea2130-344c-43f5-9235-3097f1da584d
2b8843f6-a232-4e01-9514-1929e1a0073e
d4c0ea3d-f9bf-4fe1-9db0-ba35803080fc
7a23f714-0bce-4123-8054-dc7b517e6415
531dd9b7-10fd-4b1a-be88-904e89a560bb
b282ec08-873f-4761-ad2e-6423d1231570
28c251d0-b745-405f-a477-47e0a62071d6
7ecdc7a6-6153-4a17-80e8-080c6055d7a0
3bc0a874-d995-4a69-996c-fa465aac3640
a61d62b3-f40c-4099-b55f-0ca94c30e1aa
b63d2ebf-36b4-4a0f-8c80-3cb2fa8516ff
46e1956b-5f00-4064-a41a-b7dd01aac830
5b7b9fa3-2e64-47a2-b418-250f114cd2e2
2d24bed3-d8e0-4f5e-908e-fead12f26138
56b1b9fd-78a1-40d7-b20b-97b5c70f289e
fb2edd3d-63ff-4dd4-b477-f63e6731d299
8233c9cc-28af-4693-a41b-b647f7785f79
77ec0491-2716-412f-8bc8-42c617b533f2
67c8dcfe-c9fe-45f7-ad2c-d7c913626614
43d85f7d-19d1-4a0c-90b9-ff054351a284
5da5ca38-55f9-4818-90ee-20bc04a9cf2f
1c2a2b53-fed2-49f7-b0ae-f40028fd1c44
55e423bd-8cbf-4a22-9bc3-7135bd92be7d
b7c49c53-72e3-47ef-b0a8-7f54e806151e
0b6897e9-3f39-4141-8c16-8bd639bd8a56
e8589f71-1385-48a9-86cd-441ea442364a
05bd9b39-5166-4730-8707-038fbc78c986
5ef74c88-1042-4b3c-b8ae-8e7bdb0735a3
3feda997-0e98-427f-8f0e-897b36dabdab
79c78d51-1192-4f7d-ba37-9d7f7e949cbd
1c56ac9b-0c64-4ee6-a735-1899f97854e1
0ff29889-665c-4b9f-93a3-3b1a9ad0c688
3fb65cf5-f329-46f5-b12b-31ee1cccdada
71665aa7-5aae-4f25-bb3d-1fecd0cebc84
4491b8d3-23ad-4f4b-97d8-1a17f76cc682
43d5fb02-7854-4f94-9145-cd87685c2147
d9af7006-46ce-4fb1-a1e6-0e200937a8ac
45295e19-b9fe-48e7-b819-70a393fd4818
71823f22-9b53-49c2-8708-fa7c89dde14f
3fd00270-5536-4b3d-be5a-3a1e298cbd91
5e3ffccf-f26c-4396-b15e-1c23134e4021
39cffdb6-c2c5-49f3-b987-6d4d09718bfc
0e5ef578-6056-4b90-b62c-2f17c807b2c7
8366363e-ed57-47c2-9362-f4dc82c11b69
0e34359c-ce52-449e-98da-216b3d344dd3
f467e918-afe5-45af-b778-2dfcd88680c5
aaca783f-2512-48b5-bb9b-ae642c52f901
a40dd042-2882-46a7-a5f5-86ecfb9a6a70
4f9b3021-87c1-4754-97bc-ffdae9278fda
42e10d41-2ad8-4e0a-9616-b879cece0f3f
51956bfa-1b71-441a-8c7a-5ab3fae94fcc
cf63dd0a-bb90-4f92-b593-6afb62043015
76820ac7-7003-438b-b449-77dafe208332
6a03ef54-1d5f-4bd3-866c-acfe68646264
4486a0c5-0c5c-4788-a77f-3c9bdc3204a7
6eb5add9-47f0-43e4-9397-a64861cb5783
2046ba7f-06bc-4183-88ed-e0b1b35fd1fb
5d0e2d10-8378-4c09-9b7c-36b0a3332808
5279c5f2-dd43-48e8-a4d2-b8d90770c961
13527984-eff9-4dc5-b53c-3a0d615d0c78
65c3f5e9-fb92-4e27-921c-cc44d711d61e
d7d12035-4747-4d6a-add4-2fc07f944792
080b92e9-ec14-43ec-81d7-835f4b1ebb40
f0b346ac-4c07-4fde-8eff-9c3537304525
83fa7bd3-074c-4697-b5f7-155775e86f3f
c858eacf-bbf4-43f6-8b58-feef4ba26b3f
fad76641-9a2f-4d00-8e2d-832c48bbc173
93fde667-507c-4c6d-81ce-946bd1b7cb36
b420cdd1-cdc3-4e18-83cd-b22b4a1cad39
803d34b5-0502-408a-8e23-67042ad90548
51dba727-99f1-4a05-81a6-8276e3e1be6c
afb44044-bbe4-48f0-b4c8-32b02339000a
18b090b8-fe57-4765-9162-b121055adc21
85f87c09-9f44-4dc2-9157-3615ca5cece7
40fae1a9-7f1e-49f6-99f1-49a29809228e
d1bb19aa-7dd0-49f7-9560-30fa738bc889
13e76b19-025c-4909-a65a-1055e2f62471
09f20429-202f-4d3a-8f50-17ad010305e2
2755cd11-37b7-4dec-abd1-c6efa2dcd921
561516af-3d72-4bfe-b73c-882ddf9dc95d
660ba44e-3831-49ae-915a-6d9ae3d52a10
84414228-bebd-42d9-a5c3-2f1707bf1f12
9c202e86-37dc-46c2-8c30-81cbac856a5e
42bbbf89-145b-4b03-ae28-b9e0c5335b33
27498740-3ec5-425a-aaa3-9f4703765e5f
ee8450d7-199a-4cb2-88ac-f00628367738
449c28c5-9a78-4c1a-a56c-c01b129b7b1d
241c55e2-7ca1-469f-9996-99374f1c03a5
70a7ba8f-0dfb-4690-8915-efb66271c776
41e88177-e831-4173-8987-0e00840eb89d
41d9f67d-7064-4a54-9181-83ea2403dc63
ffdf6256-24ac-437c-b940-6b44263f4068
111de8a4-5f31-4b68-87d5-28e4e8879648
42676343-11d0-4f4c-bdab-c59770135088
645a27ec-5dc3-46d6-bbe6-be6d8cd53c85
1daf21ae-dcd0-4c8c-b657-521574440b4e
ee2a6e90-9394-4288-86b2-df14f1de86d0
4e797c9e-3b19-4ecd-af03-50b04806d079
731f0c77-d586-48bc-bd80-562fd7bf2840
5f0619b5-e72b-4a99-a70c-ed05e93fbb27
46efcafc-0622-4a48-880e-451e28e15008
1dedd172-9399-4d74-8df0-72a6c0d98c4b
651cabe6-a8c6-419c-9930-abfbe7334e3b
08696a08-1d74-4332-90ef-9cfe312ad281
07c11f6f-76ff-4237-b38e-ea55a81ec939
451061b5-1bc4-4089-812b-324844375801
12c0a7d0-958f-411f-a122-95e4ccf8aadf
f350c1ba-8040-4750-9e6e-f45cfbf916a4
418e5712-8bb5-487d-b0cd-2e23d29b8e83
29bf1199-060a-427f-9d85-d76ba4322c40
44b4655d-55ac-41b9-857d-a51255447f70
05e1a765-ab62-49c0-a40e-adf7ede590c4
d87992df-e08c-436c-a206-f0d27a45f2cf
2094694b-d636-4cf5-9242-332a67020a98
27c28ae1-d885-4018-81a3-f3c033cd8f47
1ca44b26-d4c9-4358-845a-b51b73547e5d
05f6eb5a-60a8-462b-ad0e-cfdd7f526e9c
87f207ec-261f-474f-bdc3-b656bb1b61a6
82b18962-dfc2-404b-bed0-3dbc98812750
07e050f2-15a2-4c83-b484-b3a022b2ba02
64fbe801-fc54-42c9-ad09-bcf7756c4677
65f43a86-d6e9-4a70-8272-ae49feb3abdb
266b2811-09f5-4eea-a552-bcf65375b755
858870cd-37da-4834-9cc4-fe6ab812bb97
0c807cf1-8e2b-45df-8200-a5aa35f030f7
8d8304db-d0fe-4d11-8fba-031df0007dee
0f7e4030-64a6-4cc8-9d10-e0fbf6136596
6db0b801-cb63-4490-b937-0d94825fe7e7
5deb7ce0-95e5-4a4c-b9ab-e5051f9e21a8
74a0a8c3-02ae-40e9-93dc-9cef94a5d034
125ec7af-a266-4893-a31f-ddde87ac6f65
5dd30134-a823-4250-ab37-85b66bf4f598
469905c1-4977-4700-9e7e-bd931f8cfecd
311e1207-e616-4a31-b58b-24f834b75c56
0c71a9d6-a637-4f1a-aff1-83940165a85e
1fbe850a-8237-428a-86e0-c9a903c67364
6e441326-6f24-41f2-b3f0-add6576fc4ab
69a2550c-ec04-44d9-a621-e601330a9cb6
59c20fb1-33bb-4b8f-9f73-0ee53a79264f
65a01d8d-dcc5-45ea-9d41-55a34e3623e2
315e89f4-775f-44b0-88c7-3ff00cd42320
7a1b1331-1c83-4a8f-b431-1a765f76fe17
7d0a3b31-7d66-4d09-9761-647938bf43a6
a36f91cd-8bfa-4b5f-80a6-eda0a50324d6
0847625f-4895-4290-a1cb-a9c795c4b53e
6148201b-cd56-48e6-84c4-c08eee58b898
7c29eef5-3651-40dd-a677-535bf5e7d6ea
f51798b3-a494-4739-bc56-d2ed45edd4ac
21f34649-749e-4481-aef4-abf73263c950
2c5e2e87-080f-47e6-872a-701278ad629e
06cead8d-3a07-466f-a141-4cc4c792d3fd
47685d2b-ec8d-49b2-a61c-18b6d735642a
cb29aeb6-e3ad-417b-b1d7-07dfa8a6c412
0bd344fb-3f7c-4d7b-89c8-0307c8f1ec31
3f3e9fe3-3db0-407b-9956-57025c5b7e6d
25e4c2af-eeac-4b43-833a-ffe17c770801
68bd1ed3-c256-4d0b-9fd9-b46370b41df0
a7ec3e75-6508-4d4d-a467-1db6bbf6410a
db157e6b-e5ff-4968-a4d1-bdb19dff54a3
12da781d-21d7-4f02-964b-23d5b47497e2
0fc358f1-924a-41b9-9c09-5b9ec0f71029
d0ae16e7-df12-4cad-bf41-d1b06e501ef8
04af14c9-26b4-4356-b179-cd3fa4ef11dd
11b006e5-9697-4146-808f-e1e73aa76fc4
174babad-38f3-4d8e-b331-1dec6c20d06f
e8172cc1-fa04-49c8-aaf6-50874a0bc0f6
825d5591-8b48-4f21-9edc-98c0f33d6e0c
d2cb3de3-e1da-49e1-b674-972392e2ea8a
e5e1eac3-2633-4fde-b94f-6f3c5ead021f
52b81c7d-a623-4c6b-9d18-01ed00dc4885
3f341df8-c46e-4d07-8f3c-d3bb2daa6410
e3d33704-98af-4bb2-afde-fa8079694aff
5935de3b-36df-4797-a022-e53ff4703095
4d46ad3a-750a-4f8f-afff-534a0fe3eec8
7b2a8853-5434-4ede-ba20-aa3f8375497d
4cd4b03e-f857-4576-ae81-68d42d4f6500
42ad6632-98b0-46d8-9969-ed8d67bfb2ed
43a92e5c-88da-407b-8c29-c5b4938f7e7f
02f82ac8-f8a3-4220-831e-f6d231cd3dfb
678e885a-5c6e-4b67-9199-7af839c8ef20
58e1a4f2-2285-4124-ae08-00e68d4df70c
780d5b90-9cd4-4ccb-9b91-90d333a01a60
4675ffbf-5c9c-4458-8ea7-a715fdf642b7
4d31fa05-a83d-4654-ae6a-2f97d6eb15bd
52773855-35bf-486a-86e1-8da6f2b0f949
842b6114-9b09-4cdd-bbc6-dd99cdc36a66
727a59d9-8a55-4f5e-ae3c-55ef1f7adc79
0a5ad243-5246-4ee4-ac11-4db44797e97e
78d5fbd8-4882-49aa-8828-169db4e936f2
5dea092e-2aea-4345-b745-0246825f3aa5
df4cc201-17da-43bb-8346-b020da57e6ce
8304f2a2-e191-4987-9af7-bdf6384495bf
7cd595b9-9f90-477b-b2a6-3bca846609fc
4ff29d21-1fd1-4afc-bdc2-ff2bf3a8ed0d
6854c811-e417-47fd-8329-9eeccefa9c24
5bc98dcc-616f-428c-9e01-f3cdfd559b74
2b44bb02-b77f-490f-acbe-7fe4ecb7dcc1
cd6e60e3-3c28-4b27-af8e-17736f642fdb
6432f86e-837f-4f1e-a42e-ef59f34e491f
48d2dfa5-55dd-408f-a33b-4a085742e055
639d5abd-8307-44b1-b054-885caa95c256
7e99e811-6a00-47e8-935c-a2ae1d12348c
81c18b1e-9503-457d-958b-123c0607f588
1f3392c9-be69-48f5-8f8e-c0af53ee7a9c
788783c2-df6b-4356-ab9d-6dc059711c00
efd57f9b-c5e6-43c2-b6ce-be8b3ad405ff
5314eb25-9c92-49ad-905e-79ca90ef8747
4779b09d-b40b-4c97-9bdd-a743e3bdc66a
92ce4988-7ee2-43ae-bbf0-14ca93b8aceb
009dc710-856c-4d59-b6bf-38a32a6241b5
420c89cd-767f-4620-80a3-11628403c539
5b2d8863-28d3-401d-a1bf-55fc1b20b104
662f2103-0631-4618-8aa1-8afbce4968ca
2352f6ec-4d3a-4850-9bc9-dd10a67fefa5
5b9df1d3-7bf8-4edf-ab16-8139e5e2c11f
827ed0b7-67ef-41fe-b8c4-91e8a36abcba
1a5eb624-b082-4bde-b8ff-40fcf0c3f538
e11a4196-5f0f-4131-8a58-b2f151bd49e0
7a1be132-84dc-44f6-9768-8eed5e562ae0
7b10ec70-d032-4c75-a1bc-8fa6ea7f8ca3
70a8fbee-b7d5-4ccf-85fb-5cc24f72bd0b
21e0b94d-aaf3-4ef8-a004-f446e9c0dec9
4c95658c-d590-4e4a-8605-bd422615de68
863eecdd-fefa-45cc-9a3b-467b4bd81d3d
1d1d342c-71b9-4598-8fbb-d1b1d4c6caf7
1feb0ade-8650-4ffc-829c-511f8b8eb215
20316a10-7760-403b-a9eb-6dd72c936d39
be480b42-f738-4c9a-9e48-d64daf2c4fc4
1471b8e8-b619-469d-8fb4-4cf167f7f90a
2c554469-f5d2-4ae2-859d-48a6f172502e
4b3beea9-a1a6-4a4e-9350-5f4b729bc531
159a35f3-5a01-467b-a08c-2597bab7c3d6
6bbd394d-1962-4df5-9208-7c7703303e90
11c76a5d-e124-4bb9-b2d7-50c93e65f724
04345dcd-9495-46bf-951f-3c055bdf185e
7e0db7d4-cbf1-4c7f-9787-048cccf32d8e
9acca3b7-2e72-4308-a359-3a6704fc5ff3
5f0baa1f-c6d6-46ad-98ec-18a50abb2572
02abb1b9-9644-4881-979d-98db21733616
5259596d-6451-45e1-ae62-fc2b5d883101
2bba3e93-a195-4af7-949d-ab8b3e9c64c9
eb66d773-8315-4d43-9485-0727b319cc50
00777e3d-1a47-4193-ad13-43e8881ca6b8
1cfe1c8d-271a-46cd-b982-9bc91beb0c62
563dfa58-4257-4ada-a3d1-c7f07d746af9
acc103d9-c3e7-4325-99fe-326d6780a0f7
81aec6cd-34d7-4619-81e6-56bd1cdc1265
4318d141-3af0-4e4a-a3a2-4151ec41a6b6
e3108749-98b8-45f7-8abf-e92677575e51
40c746f7-2f0b-4dab-9463-73c259a8f3a3
fd16c2da-db07-46f7-aabb-ccbce491c41d
f2fdae96-ce29-4d4d-bf17-5ade2d057be5
3fd5671a-9ba0-43c1-84a3-a7082b486a57
4e0aa203-cbb2-487e-a302-999e835740fc
1901a175-76a3-48af-b13a-821765c746b0
f75c4d80-762b-4792-9014-86e8f01592fc
d1f3b2a4-cfef-4bd0-8132-82527b15aef5
4bed045a-9569-4ede-b2fd-ad616108b6d7
ce1c12a6-1f39-48e4-8396-b20efd7b4f1b
46ad8149-1257-4119-ac32-8d3068e90b60
62a4bcd0-a0c9-4ded-ab61-62c06063cef7
0d3745eb-68c4-4252-802d-0c91c2e7b2f3
43781675-a00c-427a-a7aa-255f4225e69c
75854d95-c69f-4dde-a6be-d332d47ae2be
fbd0cfc0-1dca-436b-b021-e6cac8689f31
caff180c-455a-4c73-b122-d4f960406340
4588ab7a-492e-456b-b8aa-5e48b412aebe
d92bae2a-c228-4336-a662-78c78f2bb941
4584676b-862d-4372-928a-a62579b72d03
7f352274-2488-4fec-a1d4-a157191c1ccd
0c669d87-9e77-41ff-81c4-d7abcb4207e7
78ac1670-52b4-4ae4-bf9d-16bab4295fb6
1a1c11a4-9c90-403c-b7cf-70ee73b58cdd
4cda739c-8456-4437-ba83-e0b70c1f91c6
19356d45-e02b-4597-9493-fcf990392566
41016d4f-eb82-461a-b2e8-97e569d05b39
5776312e-c047-4b7b-a7e5-8b3b1b881736
ce8e11e9-b0c2-4076-9585-29e2b1ddd87d
720e59cc-7787-4b35-a6cd-deb78a73cc99
e4e48307-8a78-46f7-9632-dc01f5ab0f5b
00ac04ff-59b1-40f1-a95a-f1f6e61a6de6
8550427a-0812-4064-a864-9dfb6e07b43b
090d63d2-0d46-42b9-8e0e-8f3c54a4b9c2
fde6ef15-7c23-4cce-98c7-b5213ce55cd3
e6f49a2f-b414-40a0-a998-d5eaaa790734
3f790857-3677-41f3-bec0-88425a12095a
4fa42038-9ef5-4910-ad4b-2cd474bdcba5
24f7d921-f36e-4182-8853-39d54b82ab16
84ed9b28-95fe-4e00-b4b3-e4f16ad6def9
174028c9-cb07-4406-95ed-b2aa60a75f34
9486a91b-c306-40fd-9ea8-5aaf950d21cf
60758d1d-68d8-43e7-8523-f085fc9ebbf4
6c936c38-a3a4-4363-ace4-d61eba858d7e
5364b5cb-fa9d-4d2a-a65e-699d5c5342c7
8672958d-cd54-44cb-a4cb-133c50eb9f00
47aa7da4-f017-46ce-96a2-fcff918bc334
5be3a969-b044-4c4c-ac85-561247dac9d0
f79084b3-f1da-4109-a525-b723f14caea0
224835f3-556e-46f7-94b0-5cecec1cedc1
0a9746e7-e3d6-439d-a8b1-9800effe330b
7d5e6141-88b6-422d-b6b9-1246ec8ed54e
e1e9fb4b-ec01-49c6-8b90-570cd03f948a
f65434b4-b939-4e48-8780-8bee03ba616a
343238a1-646d-45cc-93e8-37d10e49d8e9
77a87475-7ea9-48cc-9dbd-6ddeea06364c
52dd96c9-570b-4d08-9ff7-896e4798d7c0
2623d1b0-2250-4199-8d6d-493e34bc5fa3
3c52cc2f-a786-438d-bea6-92cdafacefbc
72c699a6-53c6-4b0d-b430-e14f2e15ff91
51495151-f01a-4e69-8d06-b62b3cc5ef00
91465db3-6792-45c8-99bd-f101c8c769cd
98dd838f-18b6-46db-8292-6f4d0cb44271
73990f52-832d-4551-9188-3954ff3704a8
a5ed5558-99b2-4acb-962c-a95702dfc044
9a967b96-b40c-486a-ba68-e6183fd07575
a5469a24-df6f-4ec1-a2b6-593fd12f0dc3
5972b934-343c-4428-917b-e7f6524c4d89
213f605a-eec9-4832-85b6-8a4cde08c4cd
8b16c3e8-2613-4ba6-ad12-816d47379b64
c2d0bceb-84a6-4fcc-9d24-ef7e34a6666d
36385430-467c-4923-8d03-73f833865eeb
4efa29ba-9633-4dfa-bae3-76dde466850c
c09855a6-d98e-42fc-9cf9-eaad703a511b
572e6ad5-062a-4044-be27-aaf5956e16bd
56871eb5-f79b-4765-b3ef-661f11082a13
137b2dda-9f69-4e1a-a576-ea00e62ed75e
6e561c94-34ff-4e32-a893-e20a22be3754
22da2ff5-6dd3-4c99-b179-b075a35eb3eb
f6f1a043-b6be-4ecf-9784-7b294e3c6d9a
2bf29b69-4835-4a5f-a994-871fd7327628
161bf0ab-0960-4a64-9190-f52e7c3713f1
67da2b33-aa93-4df6-921a-d26e42feb1d7
2b6d628b-8615-405d-aa45-46124cae7213
edf5ef96-fbd9-47a8-83d2-da0ba680cf8d
7c58c5a2-ca12-4b62-a4f0-012ffb0aaa55
eea39a50-0b8c-4d23-9154-c942c94cb1c5
0115036f-8abc-4cc5-99a3-d8607500d213
66be8e9c-8fec-41e1-b851-336e8389e65e
9e20f13a-a388-460c-a73c-ec52b4eaaa12
afc53d20-f500-41ab-9c72-594588cf8a1d
574d68a2-9a3a-43c9-af9c-84509012db13
3e43785c-f09e-4325-97a1-440287025360
8b9d1612-1cef-4514-b1a8-01920beb9961
57bc4eec-bff8-48f7-b034-f9611a3cfa37
dac96271-6931-46cd-9817-b3291c41a1fb
ec0b5448-65f8-45f0-bc7f-53b41df66019
4ee9bfc1-e31a-4958-b855-17b744cbdcdc
7c433797-2547-4150-8e34-850a7f581f3a
003eea79-6ec0-4731-b5fb-acc09dc59898
2a1d6ff4-f273-4bfd-be38-077294f17415
76d0d420-8127-4ac8-9917-a75923cc5ee9
bff6e7b4-4e17-401d-b684-dc768def3869
c9a6c043-b4ed-4589-b46a-e2f6cbe1e260
a71f2e72-d737-40d8-8c1b-2d41bf4ab1bc
73f747d5-d635-4d0b-a098-03ce859c54ce
0fc59610-c9d1-42b3-a536-c2b9e05c366e
72f5dd06-06c1-4b7f-8d4b-ad557641b619
5f85aced-613c-4e20-9455-10aa845fdd09
3e47bbd6-1e7b-47cf-88e3-80d2735119cf
6c217555-bab3-4a04-99e0-694e48ec7339
5e4e9a80-2bc9-4212-ad61-dee93d3332f5
66694225-b430-42f5-b977-aa94af9836ba
18e2be8c-ecb1-4a9d-a177-3b543f5c3c0c
fc0b44db-abea-496e-861b-4f9fa049580e
21dd8290-cbec-456a-b881-fe327a9b7c63
3e402a11-d765-4691-848f-ab3f96f85f0f
41eaa956-e829-4852-88a5-313232ee75dc
30fc3df2-cdc5-419e-84e1-fc4026d1afc6
29079d9c-88dc-4b71-98ff-8cbfdd8fbc75
5a384fd8-747b-4eab-84a7-3f4bf1f9180b
73f40afe-b449-43b6-9428-9af7fdc6b466
2bdb1631-3521-4a00-9d7e-2c34b06da2a9
9670b9b7-8743-421e-9a11-7360bbd595c9
4a1bca02-fbe1-4d5a-8ab8-73cf01b50396
965eab6a-5e44-4082-8898-b4d7130ad4e7
60962502-e93a-41ba-a395-3f5a42ec1e6e
19b3e15d-168b-4a6d-a368-0af3963699fa
7f4a635f-ac2d-403e-bf22-6b8f8d7e0dbe
f846faa9-017d-4f8a-81fe-e326b7e8b537
e9624c56-3916-4a15-96d3-5fda56cf0cb9
34c387e7-626b-4b6b-9ccd-21f50ab1e1b6
9d8a0fd8-93c5-4368-9741-9ccd6501960c
4a6ceef6-5e1a-4305-8d56-aaed0ac39ee6
3b7c1c98-0626-4e1f-9917-0c53a682d287
40d203c0-5ea0-46ab-9213-a073aafb192b
c090171e-3aa4-404f-b4a0-f45d93474112
63e1fded-17ff-4fb7-97f8-61b864086246
48fe0ce1-ca3d-42fa-8f15-e92e93ce37b4
8173ca3a-e7f6-48ff-90f1-3b4237205dca
0809c20d-3204-448d-92e8-4ad9165c23dd
688c6ac8-d255-428e-84b9-ae98179f56ec
75eceabc-943e-4a75-aaab-83d6fbf65397
c19e1a69-5674-4883-ba96-fc4ee9e7ba85
5d20f0b7-b24d-4d1a-894b-0c3899a3ba23
9d049eb8-b546-4f46-a9b0-76a4af29e331
7889e751-e61a-4527-89e7-dc3eec39c738
1b5dc129-a339-42ce-a25c-3c114d09da04
2027ffde-a7af-419a-8421-224c03e656d6
42ea9018-cefd-485d-a09d-90898cba02e6
6bdcb84a-76d5-40f0-96a7-21e4552c585c
aed3c591-eadb-4e06-b8a5-a990c1ba0a0c
455dad1b-183e-4329-a743-e9fc81ebf6e4
073e761b-b9c4-4e9b-af2c-4e65f7f1a9bf
f80d2849-b104-42e5-b86e-d930ef6d3645
46fc8baf-b028-4069-80bf-3de526309963
6530b06e-6ad2-4033-b061-f127f1460953
8e67a62d-5b88-45c2-9c5f-9c262f5b5c97
4391f854-89ed-41a5-aa3d-c77447b63b9b
0b148b31-c178-4da1-898d-a38cbd4e2754
aec95ed9-ce4a-4459-992c-06240bce5898
0b5d4f2c-e5c9-4844-bde6-d11f41cb6df6
551401cb-b56e-4be3-89f6-9a8b3dfe48f3
f1c54ccf-8329-4b97-8d31-4eedb2ac73f2
6321e604-9437-4090-ba2c-af5567201483
60bd4423-bbe8-4595-9f57-15783f43cfde
03d5f978-339f-43a2-9cf4-890f8d8f8530
f445cb59-0f98-43af-b143-420adc58ffd5
083e402c-d38f-4bdd-822f-e06465d46457
bda07d67-c874-4197-8b48-307da753fa4b
4c8943cc-85a2-4bfb-a485-24bb37887b39
639d65ed-a275-4f06-94e0-ebaaa3bd5d86
a2ecb0dc-10ce-4322-bcf2-94eddedbe340
cb28cdd8-4cf5-4e69-b919-1d5f672e8d84
814056ef-5c62-4274-8dab-8523a82493a9
64670c56-5fc7-4202-a5a8-bac6ba7f3d10
2201315e-a0ec-481e-8de0-20a0d75286db
e8de4a84-a6cd-4a3d-97ff-a474502b7c60
482d8cae-ecae-46fa-8a9d-4524734c233e
113b1fbf-cc94-48a2-b387-9d82c30442c6
54888c26-b8c1-4c6c-b4d9-1f8b081c7202
84e912d9-105c-43d3-b0ae-be0e754cd486
725ce92d-a851-48b9-964b-f1bad8fc8307
7a7aee1a-5865-4048-bd88-b878cfbeaa92
452a269a-8731-4498-aa51-106e03b841a6
642ad370-bbb4-4543-b0ed-882b6797c974
247b6396-9e9e-44df-a9fa-ce1b16676a4f
31849d82-27a1-4857-84d8-2de2a313a4a6
6f90c6a9-f37c-431a-85b5-a74f48149e90
efdb0067-0e99-4db1-802b-8f4694fa3cb9
1ff4f2ae-8a16-4230-9d14-43731c1d3fb6
018bc154-9b1d-4095-b59a-3748266f54d7
7a658b68-6752-490c-a9ad-2941ce1fb504
6ba7a3f6-cc18-4ad5-ba69-9e21692b89fd
24ca1642-27a8-4725-9611-a00f6d3dd347
b5c59dda-9fae-42a8-abe6-ab5857f00ad3
460d3c30-f894-4098-8df8-7f750b8fee6d
297588ce-9fcc-4909-bfcc-1aebe79126ce
73056f69-1900-4ca5-923b-d617ba47a927
6a56063e-f594-44bf-ae95-8d5956d4f220
d7bd7424-8cfe-4b11-837a-5cbec0aeb70b
1c52c6b2-0e7f-496c-82ad-10636ee89e3f
3eb21f09-daf2-4060-8de8-23b61957ea90
92746875-69cc-4376-97f6-415866814f23
36027e7d-0f1e-4e43-a851-b084fb78639e
76975bca-bfa9-40a5-af8d-0ff2101ac652
d7d77585-2064-4254-8c65-2c46c13167ff
f0e2ae0c-9392-4666-aba1-2f501cdd5469
b5211b91-9b43-4c02-bed9-16b2d9966ad7
c076b732-888a-4061-b775-684471031596
e71bddb5-4bf7-40e8-83fe-e69bf4d69ac7
e7e4f278-9fea-4579-945a-c19cc94b4876
c83b3213-33ac-4b92-b9e2-77baa86cf1ff
1192c99e-03bf-4e1d-beae-1f1137b36474
63971f62-71c4-4673-90a1-38524836c0a6
436914ed-ce9d-48a8-8de2-89c3e4e1d83c
82823f7b-5be4-41c3-b72b-fd309bd910d1
18cb04f4-155e-4bbd-b0a3-54a0f0197fe6
43e28e0d-759d-4913-825f-93d53ea92f11
6c7bf8e0-37a2-4661-a554-3af2b1e242d6
81e68235-20fa-4895-ba44-2397c530cfcc
39358b78-2735-4705-8811-35a255de7abd
13f8a498-2f31-419b-b31d-20683bcce9e7
800b368e-4b84-4b28-94ce-b831dfece51b
b8338829-e387-4a39-95cb-7e2100dafb1e
7d41e08a-829d-41e4-a116-5ff0256c8e0c
23ede2b5-5aa3-4227-aa84-4a8828765514
240750b2-2a9f-4eb8-b61f-40505cd8936a
1a928ef4-d0d0-4923-9a71-e4c9b1b2381d
722c09e2-9786-417a-8f47-104259cc8840
b8b710f7-d94d-4bf8-98bd-df38a7d035d6
708a73d5-bbcc-418b-8c1f-b5812fb26b72
9d75c625-bfb3-4cdd-950a-7f1731eeacc0
5e2799b7-1241-42d2-83fc-402f7cfdb871
9b07bdb0-5645-4588-b202-9ef637971c46
83f6d69a-eea1-4a23-ac16-1f8ac28db13f
41f95e55-3ce3-4ba9-9153-fa9a9f904229
06fb812d-213f-4928-bd37-8d690b11c2fa
4f7ee4d9-92b0-4e9d-a651-10b63805cddc
1cb4be2e-745e-4a73-98f3-d6c1db63fcf1
732191c5-9236-452c-a02c-6cb63f1e2fd3
54fa35d6-b93d-4684-9093-eef5338e3d65
29237075-e095-4f0a-a8ec-a0dd24b5882d
dec5c4b9-1281-4990-a4b3-3aaa0292176c
04deca0f-5f00-4ce4-8c49-935a27132427
80fc4ef8-b495-4d4b-b899-6884518bace2
86244b09-0b05-4965-948c-57eb9a38c721
3fffac2a-6770-45cb-8201-def5390c8478
de94c62f-4352-4853-84c6-63e2e94185e5
401aa29f-6dbe-41f6-b91d-9c7bf5af9dd8
8dd92822-59f6-4010-8f52-0c812d9b0dd1
42ad62cf-f771-4ce2-b7c8-fdd0dea7c70c
a999136c-831d-4faf-bf40-90e735fa1aeb
71049fce-e754-474e-9e88-7e0c5eb5fc50
35e17ac9-b8ac-4980-a908-cd7b070cb718
e68a8f7e-79ff-420f-939b-4e3574c5fd98
815965b3-4143-471f-9906-735925b80a52
1f0c1597-17de-4bc7-8da5-d596fcc8ebed
4aad382c-f040-4c55-aff0-3439554ef481
8fce412f-1f59-49d6-97c5-c069c81a6ada
26ef0653-d7b8-4eb5-9d89-81c12224e20a
ee4414bb-57e5-428f-b238-8bb0c7416c2f
68243d9c-465c-44d7-89d6-1e9cefca30cf
2e1cb7d1-97d0-4e29-91ed-d8ac86655c68
85fd78f6-bdb6-43e8-b1db-4da0806bfe8d
12cdb4e6-4b67-4d54-aac9-a2813fcf0155
821462e0-22b5-4c57-83ba-6d8694f10f14
2d80e658-07ad-4f4d-8101-02f2192d0c3d
50ba6dac-20b0-4b53-a446-f139ab94b61f
dd744562-2762-43e3-9bbf-0e753cdcccfb
aff2bc1a-6a96-4e61-911e-04adbb7ffc78
6a20719b-c911-4fb5-9873-5103e0ff5dce
bdb61f2b-081b-4a1e-8a4f-2cb4ef6005ff
4b5ce737-4733-4dfe-b703-8b8908b2a171
288037cc-9f46-4189-89ff-bc41a203d1dc
95275663-5ea5-46b1-ac8c-68b13405ff1a
6f091168-eacd-4693-b37d-94abbaa340be
4ab5b8ba-3882-4970-9e68-403298b70a80
7a2a6bd5-9ed1-48ba-8ec0-acc33d1e9bb5
41ad439c-e3e9-48e5-ae53-35099dba5cff
8c512d9f-4ae3-478e-9043-e16e8ce59ddd
a2e681fa-e610-4f99-ae95-415d06220c8b
52820d95-f870-4970-88a1-de260adb2f1f
8d24f2f9-5ca8-4426-9bfb-9747ca3a2d65
1eeb4740-0ba6-4470-a3e8-39a927b4dccd
483e39f8-3ced-4795-a1a9-1edc54f92c82
74fda869-f1a6-4708-babf-15c1358cd10a
24397ff7-b6b2-4692-b506-71db97a6d81a
5aefbf12-5f0c-464a-b90e-8c69ea4f2c37
7aecd672-7b37-41ed-9674-43e0a4cb0845
6fef21c1-9be8-4290-9591-494b16d4a4cb
0c2ffcbe-eb69-4531-b4ae-05be4830a2ee
9a9a3f9d-e59c-4597-8882-26e0c803146a
647d9600-d011-409f-af3a-68afe22dd8cd
e69f5313-75ab-4f2a-91c0-0873dd690687
56c10802-e905-4c8a-af4e-39229cce0a9b
6e4f9e97-8e87-42dd-b78c-2d630a3b445c
1b75a261-6622-41e6-8225-1a41e6a04050
10f1dcf5-ca9e-4409-8858-cee28d23cd65
410561db-f2a3-4092-992e-9b1e8154d01b
82044272-791c-47e8-aa8a-c91545aa0c9f
c7c94aee-60db-4f9a-a071-3e26387438bd
668a26bd-243c-4dec-8f48-29dea4ba6522
23852a10-b717-41b9-9ab0-90e533d3b592
0c99466c-7e8a-489e-afc7-6d05ae090a1f
3e18af7a-f84c-41d0-8e7f-691e6db4cc55
43104ac8-7491-4081-85a9-3bf2497cf714
773583e4-d6ef-4d1b-aa33-f6f20158e86e
60d1e421-af4e-4c72-8207-818d3216dd98
bbd7e529-c0ff-4fe7-93cc-ff5f4c35ac9f
77e158c9-f444-4929-8c21-37c03de0fe2e
8789b68a-d265-4da7-9072-022fd56c0018
6fcf49d0-f5c8-4eb0-b136-60be2ea1b217
f0a61b2d-421d-4f3b-8e75-df01fce139f8
6c9b26b7-84e2-4d8c-90d1-3b1af8458357
3ff5a682-eaed-483b-8907-157d488447c9
6748f033-7e07-4ea8-8daf-ffb155b65067
6e1efa9c-2f15-4553-abb9-c948253f2929
39053c7d-70ef-4dd2-ab96-2dfdcf2fa7dd
1b0777ac-4d5e-4f61-b103-2ba2411549db
1a5f7399-0e69-4e94-8546-8fb228d8d73c
615fd1fc-cf8d-4f30-bccb-b049c977e80d
2c0a99cb-b1ef-46e6-b553-a3648794c0d7
dbb971c6-598a-45f1-abcf-b04584ba787c
dc69c86a-eac0-4e05-aba6-b80cb21fa933
6ac52867-ba43-4334-a261-7bc1d9adcedc
bb397616-a53b-4731-a171-b365d572bafe
8aebc6c2-1a1f-4651-ab8e-c961be5666c8
7b4cc7d7-a08a-4085-a9d7-ddbdce78245c
2bd1dfa7-2747-4628-b83e-288d3d81946a
66006ad0-1f98-4155-818a-6c29430e5962
5b2ed8ea-f321-40f5-bb00-dacb518753d8
76fcef10-d6b2-45ae-b358-10abf185e0a8
137a8b0c-4428-443d-84f2-b2115ee93a37
3056d0d8-5ea3-44dd-80fc-fb52c281ad69
3db8d396-f996-45ef-b4e0-95dd9ffdde2c
4b03142e-9b61-4118-a49a-e19409d1bda2
5f784fa2-9336-4233-85f4-25746ce810c3
8369dfa2-9ac0-4fac-a084-f65b73fc7c08
9b0e29b6-6c15-460b-8e35-26753a59fe6f
226677b7-da2b-4321-80ef-31a2061cd993
599b4170-24b9-455b-86cc-5e9e7007472b
5ce9e65d-d7bc-476f-8143-85bfe0ed029e
4a5c3ddc-7e08-4d57-930e-87ab143d37ab
6ae66fb5-1231-4217-8326-10ccc372098b
532ce397-0759-4c55-931f-dcf52a97bace
08907cb7-81f4-4c9b-a1f4-eefe29eb4b6e
0e41d85a-4841-455a-80a7-7a6353e14718
3996590b-84d5-4d8a-bf02-29b81cf02a3a
13ef77d6-e50f-4b71-912f-4f56b5c469ce
8042d0c4-443a-427a-96ee-1fa4fb261da6
27f11b18-2514-4ead-9800-fbaf65e20329
852b4248-4891-4180-84e0-5f5718ea3663
75f44c81-4e41-41f3-bdd6-fd244239b5d0
699d9b41-57b2-4dee-ac3d-66bc634d2c4a
4dd5b2de-3ec3-4e13-9d5f-b374bbeaf6de
2b0148ac-6174-4e59-a40f-935c0c98c2bf
ab48c542-dfb3-4617-96de-478ba09d1e29
4a591643-75ab-4372-9de5-0bb152618fa7
617472a6-2db0-477c-a549-6c058444d96f
55e76b41-00fc-48b9-972b-7ed6d9093092
69648960-25c8-4508-bcf5-ab288c2f15f5
58833a0e-7b68-4d3f-bac7-6eda1cd32893
57bf1111-1c8b-4c43-b7de-0ecb6d62c608
1a420bf1-524c-4b37-9e90-ab31a547639a
473160b2-afce-4bd8-9541-046cc37c9fd3
6932c8c3-92b8-4e89-a8bf-b8ce932ef574
4f7c6596-347d-49cc-8f05-c001ed654955
0b093afc-dbad-47aa-ad4d-2afd0c16a49a
634e0dff-c871-4ca8-9023-079fa733c82c
51d8f810-d983-4ab4-a460-0f3c4c8efa30
