4637341f-ec63-4e0a-9c4d-dff4b255ef0f
540f57a6-f752-3f11-b11b-5521ac4a3f2e
9bf5ab80-3c43-4147-b2ea-d792e42c6e0d
16df4651-3de1-4de6-97cb-a3881a5a0d23
6bd9a579-43a2-4ed9-a217-0123eb3f3757
91d60046-262d-42e3-9a28-373088e204c4
419afed6-a0b1-4e43-8b79-7107c8adce36
8720182a-6ef5-4680-b164-192b9b0e8626
8d58b0dc-5014-4368-9966-755ded0578d0
9c617ad9-d176-4b62-bd29-383e6a4e5d6b
42e54e32-06be-4ff7-9a9e-0b9704a63b23
6fd571b9-2b81-4c58-9023-556628ecfdde
15da01af-9578-4043-880f-2ab9107ef76a
ecbcdfaa-65b6-4170-8a3a-b1c1de6b9932
25225938-c47e-4f19-8816-1557d5bfb05f
5cbdcd47-3cda-439a-86b8-e39203612d71
616faa27-89fa-4f29-94f0-ca51cc7f35a2
6016e4da-6365-4b64-a6c1-468be224aa11
be3cd1f4-7f81-494a-8c30-6a2d1120ca5c
403cff46-f0fa-4389-bcc3-31a11a235d69
a22ad830-f2d6-4afc-8d48-af1a79593e97
3f62e5f1-dafc-40db-9d2e-0cf798b69dcc
5fd84e6a-b92d-4373-92f6-ba7d7aa562a6
bec06416-cd6f-4688-a3de-3856b8a929cf
5d40d146-8be8-42a1-81cf-7cbee8d86c26
5112ce14-2935-4417-ba7f-2f93fa9518b0
6595fb13-1e56-41f9-985d-dc9e7367210c
50cb25a5-fdf4-44aa-a9f5-746af15f1e8c
03bf30fd-4490-47b4-8bfd-5ab8475390fa
5c612000-adb5-4951-85e4-c10004f1581b
0527525f-43af-4e62-83fb-c02ea0796c84
b4d96243-b31f-4b44-a194-a159627cc37a
dce45bd9-5dd7-44fa-bd87-a272fec00cb5
13d588a4-aed1-4453-92f0-aa0c8bc2d11b
6270767d-7439-470e-afc3-b72d6a86b40a
0ca57bbc-70e8-43c8-8945-38659f619027
bedc24b3-00e4-44dc-b102-d642b4677895
b95de79d-96f9-42a2-8de4-4e3e78b9b684
b8166c30-9880-4498-9b71-4373adc11832
1e5df219-dc2d-45ac-aeb3-0023b628bf14
240ab78e-b247-423c-9dea-8e784afc655d
f143565f-1d4c-444e-957d-8032b760824c
275d9252-24dd-3a14-9df0-eed49aaefb59
b8c07dfa-00e5-4c85-b95b-051c04df8797
621d2f3f-b474-473f-a994-13f3de8a9769
76d858b4-1471-4be4-8c6a-7805bc77dff7
1e71562b-34e3-44ac-b28e-d17589060ad0
fac8adef-34cd-40a3-ba9c-f425bc0666be
38a0eb5c-4858-47c2-88aa-aeae16a613cf
6b07985c-cee9-4e95-a59f-0e74e788e8af
833b6c6d-dc98-4512-ab0c-abc92a162132
1baf5b9e-f889-45c7-99a8-6dd0e5a2c899
5a916a3d-2f7c-3b5f-bd9e-e1f7e51961d1
20a277a2-ff08-4993-9863-9591854ffe12
4b8dfa86-bcb8-4eaa-989b-08c439e52452
66d0ac41-bf7a-45a0-bd33-9014bc3b49ce
819e046e-91e1-4c13-a827-720fc775859d
5aef28fb-0071-4c76-aee9-db196fd2bd7b
4577aaff-6511-40f1-b574-ae8f24e5e832
40aea91d-f454-4d67-bae5-cf05cdd799ee
cfb1a0ab-bb86-439d-9e24-3bb9afe89012
e7781bb0-3a1b-4da9-a990-a3d74b3362fd
f1133783-0aa5-454f-ab6a-9210880bea74
33f6a67d-f438-4763-9c83-d0644326268a
b529b728-d616-443c-ab21-2aed2bb989c9
72cddb5d-d8bb-4e45-b86f-dbb44374319b
2758170d-4a52-4c71-9d4c-453d0963e247
9ebebacb-1565-4e04-98e4-6fd15dcfcd30
c4fda120-f3eb-413f-a7ba-5cff189e4e89
7ef1aa26-a6ef-487f-bc25-4c263ddaf672
831cb998-98b7-4fa6-a643-e6e365d45825
0a52cf6f-5039-4606-bf33-cb9057f26fb9
65b78c55-ad57-3ede-86a5-8ad8dd04a413
68ab2927-a20c-4ec0-ad4b-ef2e2b357b47
4e1c07c2-5511-4018-b809-b51695a10f4a
f38acbe9-a5d2-421f-adf8-335b8f9c5d6b
68a4cb7b-21d7-3027-b884-e154df99ad1e
b5f2a681-be8d-4b8c-9219-d19aa6ad8b9f
41355b4d-e87a-4d7e-a0c5-a67340963ccc
53d98c26-9e60-41d5-b53d-8aa31d56d6c8
1a754a4f-7933-4e45-92cb-9e8075f180f5
eb9b60e0-e2de-47c8-a904-a99162852dfa
fb6637eb-e686-4110-9555-dd0c7c9e2af2
3dd4bce8-4f46-4947-8783-e85fbde6a487
0f8fbd4d-6aa6-4f53-92e1-7fc5bb28eaf2
833b3ddc-3cf4-3411-aad5-e3e7fc9856eb
96c7294e-b7f9-4741-b3af-6417a14ecdcd
6874aee6-1300-491f-bd49-0f4ff2340425
04deacdf-0326-4851-879d-bfedf1ad967b
c9102930-de4b-475b-9df9-e3b2385a14d4
570d1db8-abab-4dfe-95f3-20713b876114
8f4810fb-e4cc-419b-85c3-6f1b6e7cd88e
10d96d14-cea0-4da7-bd6c-c6974cadc5e3
26b439df-fba5-3b38-b6c5-bc6a4c1fb0a0
2c54a73e-a92e-3bcb-bef3-208d2530870d
65813ee1-0f14-4102-bb7c-c723453e22cf
5f717106-c3f5-385b-b706-2d004cf17eb7
c45e62f8-590d-4ec1-a316-94336a2a5980
c3b4eb1f-283f-48f5-9144-781581187840
5f153b6b-3dd9-4068-af5e-d9d847f1d51a
80947687-79a8-4ce4-94fc-a5b54a3a22ec
23281f81-d550-4f4e-a17f-92b63006316c
07fb4bf5-95c2-45ed-a5d3-8fc896179595
56468b3a-a065-42dc-8fd8-36c993069d32
ce3dc75e-fad6-4a49-bcd2-b76a92a056c6
12b1ce0f-3d2a-3211-9e05-a537e5a43e20
62108982-7bd2-4d96-9e1e-f1883cef0fa0
becee4c5-be8e-4ad7-88c6-fa7f45f3aaed
408eb682-fb58-4be8-ae03-4ef613f8699d
b157d290-243b-37bf-8588-66110d2f52ea
4072f1ca-77c1-4c7f-a010-b6db7444bbda
4159b181-95ea-3f6a-b68b-8131e75c755e
67bd6ac1-a8d4-47d3-90d8-acb96ffe7867
114169a4-522a-44db-8c6a-0c1ab6822e94
43bd0910-1dd1-4b1e-9ba2-e9801e6b5761
3e67257f-bef6-4e45-b1b2-0fc945d8ebf4
56ace909-e472-4588-bb83-20fdfb3a1b94
302eda2f-0c31-42b3-bfd9-ecf9cef8e999
5941da44-f3ca-49f3-89f9-1f150ae26eec
46c5cbbf-2266-4dc2-8e2f-5dc1aa281af8
67690c71-9680-4ef5-9a48-79296a4dfbde
65cb55e0-bd19-4554-83af-93ef592cc292
aa887227-4365-4950-a559-8042a9d379da
dc270f56-2ec4-48a3-a437-346647ed9799
76e638c9-37bc-4297-9564-2aac6f2ad4fc
71677d07-c6a9-4b1c-95d8-72b60a2435ee
13f80249-f81e-4e97-8c91-a175125e1b46
27c36a2c-9a12-462a-83e8-0bb0e4505de6
74d99874-a5a0-4b96-99b5-77308d71dae1
13ecac9c-5aaf-490b-80ac-39d8af0890d7
66b7ebc2-54a3-408c-b7c6-d6d066b847cb
54f59f79-4925-457b-827c-dc7ed7605a53
127ff985-e915-41a2-9090-71b572c679ba
b085ca1b-c34a-4d6b-94b6-9962bb99864c
23e350e8-5360-4398-9d04-a82e554461f1
e41fca1b-02a9-4ac0-a7b6-3d01d931347e
b9191d60-af46-4d58-9ba2-e54cdf6024ba
49328b84-d16a-4790-bf62-881425881f15
77fc7fe0-c95f-4dd0-ba4f-4de602ead19f
4ec6e318-cd8c-49e0-b102-0c5c5cb8b42b
49869010-7f1a-496c-a0ec-cd159e30ea41
765564c9-3ac3-413d-a83f-b77282e75273
3aea82ad-83ff-462d-b235-a9f2ddfdee72
601ba512-15fa-4e0e-9230-c4b99f0610a1
2489336f-43ec-4e9b-85f6-b7615bbea9c6
9a504de5-e8fe-4414-9c56-adc46438a5ba
004cb907-b124-423f-9062-163bf992693a
9a879ae9-befe-46a3-8e0f-dabb61d2d96a
71dd5d19-9ab3-43b3-af45-e7b7cd112bb7
0e998b52-072c-41b6-abb0-d8a66a39e004
78bcc4b2-d186-4f0a-98aa-09d77cd397ea
07c12b12-11ec-4038-89e2-760308edcd1f
590a7525-1214-49a8-b9b0-585a86c7197e
2ae5cf29-90c3-4e7d-b704-f677de8de74c
db35cb9c-214c-432e-934a-7e0afa90fe81
1ea67d92-da40-4f0a-a17e-fe5f40cc466d
7775e100-2d18-40c7-97e7-67cb93aa0512
3070ce7c-8866-42aa-8a96-a9b84ef1088b
db862415-4a3e-40db-af94-7f52738bdc07
23707481-453e-40af-9813-32dcc6488ba8
de2ecc17-90cc-4cf0-8658-52505e17475f
de36c11d-4ca3-4819-8940-78de5eb81e6d
be4cdd72-5566-4e84-9023-ae8a2f2d603b
7220b2ab-ede5-4ec9-8770-fbf7d5ad71a9
0bd02aa2-56aa-469c-85d1-415434bec8c5
54053cc9-17bf-44a6-a4ea-f259c9a29db9
7aa8d0b3-2ec4-463d-8dd6-2f686464c39e
e0550007-70fe-44c1-8721-f14b11a14c23
6fd4889d-a78e-44eb-954a-87ab758da765
50fea5da-e376-4860-8906-21d4e9395d3e
72a03ffa-697e-39e3-99d7-b232ddb53e2b
c602569f-4db1-495a-bd2c-47dec23907b1
11211c63-ff61-4ccb-afe1-36c8b41eab13
003a85cc-1a58-4b93-8b5c-11ad960aded5
c9948daa-5270-4696-b0d0-d45ebb86dc3d
09f5441d-dd3a-494a-a930-06ce2f5f6ee7
75cbe516-3049-47cd-80de-5332d41b14bf
aad0ecff-7fee-4a16-b1be-7172373070a8
b5a6381c-1185-4b43-bd02-eea87a944c96
db49e6e7-e9bd-4be8-bce9-8eb2e4938618
a21ce581-5079-4609-990d-b22b2e4704cc
73e0bfc9-ccc7-435a-bf6b-c456799853c6
7007099e-4dff-4dda-8aaf-23139d3c2a32
6f9912cf-7212-48a3-8660-88e21cd9952a
dd520805-5a8f-4ef2-b35c-82f57b55349e
cc345a49-f722-4834-8f83-76dbf1e16c0f
1b7ee226-90aa-453f-bc11-8ad0110e4cff
0ee27c3f-b278-3996-a241-daf238b70a5c
4b134ef0-f2c8-48f8-8e06-3fe393ea249f
2972c0ae-70fd-443e-9a29-1cad1c1678b1
dac46aab-e370-49a7-b58b-43dbebe199fa
09f4d4d8-30ad-4280-b2a0-f5ed8fa03aee
1fbf4192-1fb3-4451-8254-95da51452ee3
218f80da-41a8-3112-8a82-4f74012f4361
18703583-31ad-410d-a07c-68f5cb860b0f
8c45fdf5-fc7c-48ed-86fc-6ecfdc098485
3c019f22-6b94-41de-9fbb-99a631a8fb4a
0ed07f15-7663-45aa-bf80-070a15f452e3
eec6e9e0-052e-4686-9aa3-482df27ab167
c1a6195f-e42e-45bd-8fd1-57e451e36fe1
078faa0a-a8d6-49e6-a4c6-51866dc5580c
0ddb98a2-234a-340a-b63c-530dd3dc0ac3
5a3371b8-4e41-4097-9398-a14355ab3df7
2ba16f0f-5837-4f04-9526-227e5aa6fc1b
0d8ad8d3-d1d5-45b1-a7fc-71c3bc5eaaf1
aba17e44-719f-41c9-83a7-dd2ba2980e97
a68002c4-ac82-46e7-8946-0ee9f600e529
44abbdf4-9e92-46b7-92da-7c60e35d6d59
cdf5a1c6-65d0-4d18-b1d3-0ad01a2d0365
7323940a-859f-42f8-9747-f70107614c63
e3cd71a4-5bf1-4e46-8370-bf7427d31f80
755a5af2-6909-4951-89c5-39869a6ae73a
04be7b1b-0c5d-3f74-8dc5-63c17a7bbcc5
ae063003-4748-4bfe-8d71-527598317fc4
51145439-b400-412a-b8e0-d67e653a4c59
83811b6c-c9fc-4b08-9f8b-366ae24b368a
71997917-b065-440d-baee-5e5393e97001
3d5ed2e0-dfc4-445b-954e-ba743d5d0608
5591d9e6-ae6f-445d-ae57-1dccb4a4ee5e
5a0f0f5e-56be-4e2d-a2aa-74e1a280a6d8
f4059cd2-a7ee-49f9-bcad-1654dc165ab1
d352b145-e384-4090-91e6-f01b13bfb99f
43af331b-5743-38a3-a6f0-dd927378bcbb
017779ff-603f-42e5-828b-283eade97439
e471da3d-4933-44e6-97e8-f5139ffdb6a2
5f8a1a51-f9df-44db-8d37-14eda9905b8e
43fc8d6b-65b5-457c-b6ea-13575b4ff1bf
8e689af3-c129-485f-8dc4-9dbcba055ecc
42e02828-636f-46e6-97d9-a0ba6f97354f
1c3c877d-c3eb-347b-924b-32112290b238
56a87f3b-06a6-4315-afff-def1f708533a
90fd8ea0-80de-4703-910f-caad22b1a3fe
c3a62426-8efa-499f-8c07-7fd5e1e299e3
4fca0f54-f388-4796-8da9-72ad2c2f585b
6895b871-ab6f-4abb-b45e-0e33abb6b7fa
6cc24456-7782-446a-8109-2a2be1576c55
20a3d79a-96fd-4817-a3fd-ccf2f7f86cbc
0ccc5552-b190-466d-b448-a673d8ba9fce
95af3782-0ff7-435d-afb1-eaad6a41959e
bfea3860-6588-4034-8cae-12d94b4df59f
ae0d9366-6e42-42e1-98d8-038dfeeec085
52824459-a268-4a34-8416-6478f7c2aded
ffe83218-6f39-4093-a9b9-19f81465972f
8d395ed3-def3-4f91-9173-e243e52ded0d
14d5d658-2437-47f7-9703-c892caeb001d
cae962d6-99b8-4bf1-8319-8b36762eaf58
275957cf-dbf6-4d3e-b139-5f14b653bab0
c85018c4-9c23-4292-b6d2-4379a392cb9c
0b95bbad-ba8b-4a43-8636-e5c61cf3004b
bf9ea360-1965-4f09-a8e3-59687062fe27
5f3db3aa-328d-4e5f-a039-3ae371b63679
1be824c7-f2d5-44d1-8916-c88ec9a70468
3bd069b8-ba0a-492e-bf82-e00aa91d0bf9
5d953b94-1e87-37d6-afca-dc497dacf7b3
5a5c45b5-c2b1-3ca0-aaff-df35084450cd
305588a8-3874-4e78-9d2d-05ca3b426a2d
7a080daa-c02f-43f0-8394-5c943d0f68c9
7dfc9af8-27f3-4d65-9c56-e5f84b8a0d6f
58dbf7f6-ec39-41ce-9626-261b4cc839e0
41794792-4c0e-4dcf-970c-992efa6a1f15
550ff82e-a5ba-4fef-a2e1-e87cd188ae84
138a0dff-dd3f-4921-8862-37165487a99f
472d6045-1a5a-49d0-aa6c-36f3e048385a
6a4defbf-b627-4c5a-a73b-c03cf6f28adc
0e8384f8-476a-4985-9c32-4867b4b0c9a8
10ba4831-6d29-460b-8eea-7badcf25cef4
b146f782-a5cb-4dae-b650-ed5622895928
07be7bf4-c318-4055-9272-c47e5ab532bf
777eea80-8e7c-47f7-ba9c-32086a92bf51
145c9ca8-2918-4cc6-818b-659f83348e93
7c16c713-cee8-4ef6-8edd-30ee5aa6e1ed
565c79ae-7602-4f3c-99d5-df732037e69e
444fb174-0f8a-48e1-a211-8e5e01a5398b
0348af16-8e33-4673-9f88-a1bbf652b3cf
7e50436c-29a3-456d-803c-406ef7a88810
8e3a48e9-7050-4f0c-894d-92935b09c877
27f4b8c5-44d2-455e-99ef-ea7ea31f7d93
83cb51c3-94b9-4b00-90f0-95d205ce6a9d
06658bda-8c15-4b6e-907a-5e0d307adf88
64665ed8-e8dc-4a58-b529-c0318daf9428
99fa9aa3-af8f-4f5c-bd97-238593242b50
3b4a90cb-65d9-4299-addd-2367c86dd6d2
adad3195-070e-4d63-baf7-5c9f3a3fe8bc
8f91103e-23f3-452c-9b58-6797ae396dc1
80ee0dcc-a5e8-400c-8d41-f04f8b1d937a
f42becb7-8aed-411c-9968-43b350e658f4
5130777f-b8d5-4c36-9e7e-41cae3daa4e6
4d37c80a-2fe5-409b-a3b9-13f6aa68aa41
2dffed35-f6e7-4c4d-ae43-5a3a2fdb82d3
4b45f81f-09e3-4a25-8d6a-0cf08002db93
6b264b9e-9c11-41a6-a600-b370abe6a231
5fccc4b3-2c62-4edd-ac5f-f6a44d6b491c
be434854-faee-4d0f-a948-84818b44a4f7
6ecaf745-296d-4f74-912e-885f33c69250
a00ba93b-9966-4589-a697-cdb7ddab9565
f0ad269b-e9cf-46dd-97f9-e0f139dfe0fc
51bbd7a8-08e7-480e-9ddc-719cc023d552
5e0662ef-fc73-49b0-8824-b8dfb5504dfc
2f595420-934c-426b-8397-b25b10d3b1af
612aa8ec-7df1-443b-a081-d62add5e0c14
f386838d-e8af-4ea3-8ebf-141c9bb4ca74
e7db5053-dd28-4d9d-a127-71b718f0bce6
4b584db8-5099-4709-a7da-7be121ca2892
cb14810f-5a60-4565-b45d-6ff4fdba6155
85f69b12-395c-3f6c-b363-75a2f1c076be
41b538ee-8789-4275-9bd1-98a563722dea
4dd99418-d4cb-4b1a-affe-d022495cd4b1
62443957-1c5a-425b-9527-3f2fed78eb12
64f9de49-a714-43e5-9e0c-30d9dc4c1189
2721a924-1b5b-4e8c-9d7b-fe3aa4a5fc5f
709e101f-390e-4bd0-9f43-fd1689c834fd
c71228cc-375f-4305-972d-7b799e221088
8a61f12e-eb69-46ef-a427-b22216cc5aed
55f7c741-d263-4049-bb8a-168d9eea1c77
d97195f1-c010-4d18-a002-7820e8082bc6
fbacb386-23d3-4175-b6ca-f004afeb8e3f
7522d886-08c1-3c92-a18c-66767a454a85
154c23ee-080b-3989-9278-68a26c379389
147c6e84-4be0-42dc-8182-b067d0fac836
972a6ea3-2881-472d-ab5f-ac987aedf51a
0651a152-fea1-4062-a6a3-758ddb3a1d3d
ba4e24ef-b6b7-41be-af22-d13ba4619a93
aa6d228c-fc58-4e80-b1c2-ecb2e6fb25f8
0076eaf7-105e-4df1-b6d0-d0d5fd15f576
6b785f9c-3375-4079-80cf-8bd2ba8969a8
ed3e8674-d042-40f4-bdc7-423cc63d98b2
c6940bc3-6022-4014-b806-2609bd296cef
38a1efa5-3453-40b5-ab8a-067bd844d2db
3960d4eb-0cce-45b6-9072-38be678779fd
62c3067f-9eb2-4558-9996-dfdb1051c37b
59ae681f-7af2-44c0-ab35-a087121c4d09
bce37576-c380-413b-9387-45b7fff20830
b09c05f7-b254-4ef7-8b7c-0aa06d0e45c0
c27448bb-7736-4549-9a5e-2b0031bac8de
dabce2fe-9fdd-40d4-b028-b010b4252a91
0931ee7c-70eb-4cb9-9e4f-7f7ae9bf44bf
63a62192-fc4b-42dd-a829-5bf3dd00ec2d
7d4682ea-07bf-40a8-86c5-5dcff4479993
288d836b-4824-42a3-aff3-045f4e880da0
8139b26d-01ad-42de-99d7-cb23b9e4be93
5888710c-ca14-4c5d-81ef-55feba59098e
50818967-83c2-3033-9a60-f4416d197a96
4b9c54b8-2b9f-3da6-8395-b13dbe268eee
96f13154-07cf-4a08-bef4-da8a0d77953a
8b9b7fb2-a5e9-4705-b323-e5666c5bd80e
0510dcc8-b034-4af5-870d-37f4a3294f19
802c8d05-4c80-4cce-88e9-b225bd3243de
4a6eb304-dcc5-477e-8349-933c2ee27d0d
44dd764d-f60d-454a-bce2-03c18653d8a3
d2af55dc-deaa-4b24-9b3d-2632038c61b2
6fbc8e89-ab8c-4a6d-8a84-0846b46d2da0
4260f1cf-57c4-4409-9693-531fcfdafc51
5b7b119c-68ee-4e0c-957e-0d92a4125f6d
6b01e397-9ad1-4e4a-a5e8-2cbaea1da011
5ea6ea24-0f4d-406d-94f9-b04bc1ede3ef
76d94f2c-e626-46e8-b3cc-9c2532d7a6ac
ba3e6b84-bb8f-4df8-8416-8c6779854697
a04ece76-2aac-46b9-9915-9f822867c630
65b0bd9f-389a-4ff6-a7da-7f66c1291f16
7130b8ad-e98d-438b-bc75-a81ad004d4bf
08aacb04-7ef4-4881-8d0c-c2b05092abed
1fc51a9b-ef9d-3acb-bb6d-9abd155cf3aa
591f9a2d-fc46-4d12-867d-00ef9e7728e6
f8eab229-b1e7-4a18-a530-344a3ca35b0e
00d8b611-0950-4bf4-8087-89d472c9aa9f
956a804b-0348-4722-a693-7fb3c42ca627
7cd8035a-802f-4a33-8c17-e434e4699394
29f53b62-90e7-43d8-a3d0-ee04fe692f4a
68036ef6-c3cc-4a40-9a29-b59db84472f8
29f29f33-8395-44a1-a3ae-6d5049482b36
85777afb-d5eb-41e7-8ec0-282b63ff63a9
f987e497-087c-413e-ad61-66cdfbc04ec6
3de9f23c-16f1-3880-aec0-197dd4a42a74
59986133-548d-4bf9-b2be-9f36eb125d45
8cf582e1-e9cd-4759-afd8-7c5c4983767d
b71ab67c-78e1-4864-b07a-425542326fd2
00e2173a-9048-3ee9-b02c-86fb88b14ad4
690acb41-1c8a-4222-b3de-859266dcee1b
06fff01a-f954-41da-b412-43c637064b3c
0af3aeed-328b-4883-96fb-446c97974756
6503e9c3-9f65-45d3-bf2c-454360db055f
26bd67b4-ad3c-46f1-b07c-6d7d50f877c3
b50ccd2a-3aaa-4693-8cdc-7090f78204cd
5931d610-4d0b-41db-8d4a-71fa8a56c445
779996fd-864f-4920-aeab-dec65d8156d9
03c65523-3de4-4b8e-ba15-129462e9be78
00b8fe1c-2ba0-4a25-a7d8-44e278cd9f7d
76436dd7-77a5-45c4-a226-7d4b875429d3
2dcfa0f5-71a0-4849-ac2a-d0a2d0fb1bba
78ce05ce-c420-44b6-b7de-b9ab6c17622c
79c5f514-a006-4e6d-a66f-8d4009cdedfb
4b511d2d-2604-47d4-9b8b-ee9cc5981502
c708b7ee-65a5-4033-a022-e22f10bc9275
016606df-0db0-33a6-a9d4-2aee03eec507
3728088b-f92c-48cc-9bd7-91b411890d9d
38cd2b1c-8b9c-4ead-b41b-6ff2e1d83864
a9e66980-644d-4c3b-acb4-e9331d5326c3
cd8080b9-0e90-43bc-9c54-e4392acc80ee
5eda7ff3-b6bc-44a1-ac85-c9a9d35fce34
85452d41-e609-365d-96f9-2fc5ef7e804b
3ec677c9-c683-4345-afad-c1ae45780cf1
1d739bde-633e-4a4e-907e-4af10e556799
6a05bcba-8816-3cb1-a37c-5f7756389c58
57c82f77-15c5-49f4-86b0-352c00c7fb99
8144364e-1962-3d26-b299-25776a022746
3d88f944-0702-4e86-bccd-4ece63efafe2
ee268e40-c509-410a-a647-df22e8c4ccf6
38d649b0-6766-4253-b975-31f6750e34a5
cea9efce-7e04-438a-8e02-6d8b3431c526
3dcdb2ae-6e3f-407b-8122-e70e42b2eab2
5385c838-e127-4676-9a90-1563226c4881
74a0cfdf-797f-454f-8027-971a92c13711
c83943aa-fad3-4510-9b11-18d36a3b9153
771db944-ff6d-4f3a-a105-b6109575d476
ef8594be-a7de-469c-ba15-7c3304de6613
fcec4c0e-9087-4dd3-9269-072e4c77c8fb
c9122b14-9b7a-4000-bb64-169d12a67871
0dba6d8b-75d6-4660-924c-0e36f029f65a
d1086485-33e6-4658-a2c6-a1271f1237ca
80044f0e-0052-4e23-9107-e8af7a343c67
fa80d82e-4a40-479a-8a5b-c7eefa014964
00c0cffb-dcf2-4a2d-86d0-9d4072d5f449
77fd6f28-1138-42c3-8105-82c0e818ae31
01519e3f-6a69-4f66-9e5f-2b54894ca901
483026a3-cd47-4a1b-899b-2d7f37cec7ca
c6655160-2753-4bb8-b1d3-13130af98015
cd51a757-f111-4b48-b2a9-e1817c2ead92
0b7dfb5a-03f5-44b9-8cdc-591efea5f003
253c8192-6266-41eb-aede-abaf5474e928
d561f190-a983-4ec2-bb30-5d917d513e83
448ed8cb-405e-3673-857c-bcc03de9c8ae
b45e964b-8727-461b-b9df-5bbe9a229302
1923454b-0e4e-4e7f-b0a6-ef6a952ee5e7
2f5020c7-934d-4139-9b75-585d99cbc3f0
70e6bdde-3c7e-4561-b775-c0fdf72d837d
6b87c6c5-29c9-3843-8c07-764439a6dbf1
22dfd45b-e37d-4ab2-a0fc-2642694b1a80
8d36ee59-4316-4ec5-9aab-b03242410ffb
6ad4145e-3017-4519-8089-a5b0f6605de5
f8f39965-5c5a-4079-a3bf-0f5b5153ac6a
b9b7f188-8eb4-40ed-9c86-d3038e86cf02
5989c278-074e-3d9c-979c-05d6a4bcd3de
e447c1e0-f959-4fd6-b822-dc19aeb88b52
bb95060a-c5a4-4e7a-a75b-1251b3724225
0c453fd9-b14b-4c52-b8eb-42c06d5f3833
2ce80ba2-bac8-424d-a0c0-a94af01496aa
90619437-788f-4bf9-894e-5523634d2d6d
07d28f5b-d9e3-43c7-a782-d6a7f8ce4221
0578c7ef-888a-43f0-aa8b-e248816a40b9
4a09b8a2-dce7-4912-9f95-a52d411de7f7
852cb1eb-6ddc-4f8a-b254-46204f9ea685
30706b0e-77ce-46db-807b-35a9ece03c4a
d08f1e60-7dc3-4270-82b9-a4ccc150cf46
e0a02287-d161-493b-8c31-d14fd5e7777d
49b5e490-cc9e-44eb-a4ed-fde6117b58f8
609953ec-e335-4f4f-8132-59baf2430518
260eb3ca-ddb5-43b5-b2ed-3dd8e4c51e61
c446ead2-1d5b-4726-950e-47d01f4ba7c1
5c142ce1-10aa-49c5-8142-e364dbfb0548
52611711-f1ca-363f-beff-953c1a46fb68
702b103d-9b81-4b92-b435-1c8e592f7098
e12edc3b-bacf-4c47-ba31-5bf5a91fb1d0
0f49ec5a-5bec-4edd-98ac-abb7039b8e3e
7a5089b3-6631-4b2c-9ad9-a819d57bacdb
4567b936-bbf3-4158-b683-ba74c5348930
7145f234-af1b-4100-873a-1301b8faf77d
66ccbe15-ce7c-4f9c-b640-d557289ae5a1
58963c05-1397-4bd4-888b-ecb29a450d82
447ab0ab-00e8-4964-9a1c-61b910553117
39dbd927-53ab-40a3-92b5-e215d686b576
b52cc088-8f0c-4354-9b57-a4f149ddd6be
3d98430c-9006-4e79-984c-f2a131d99333
27460e0c-af6e-49bc-8737-a8049a14759d
dcd62f60-0954-4573-a995-0abc96367f1f
292c2ef0-f04f-4d1d-b051-b12dd7c47ff7
55ba0859-3d39-4a04-a1f8-e934087ab599
3f9e87db-3d14-471f-8b95-bc0d9751b540
167d7f1a-cd1a-435f-966d-d99f5ab982fc
987363ba-27d8-4883-bb6c-1c29ac3ea1f0
f8715e49-72b3-42ce-9e46-86c1f99db085
a41dc8ba-827b-4f3a-98d9-ad5f1f7618a0
3b08dae6-44ba-40eb-a18d-84af0ac30255
8d299fcf-5e2b-4953-92ef-3970de46172f
50b78c96-34b2-42f5-bc6d-2ab24913e1b5
bbe81028-38da-4ca2-b6a9-7afc0a6eb6d1
774c1af4-6e8e-4219-8cfa-baca715221f4
8b60e5d8-f711-4653-9eb3-d2dee3f8f001
6d9a20ba-6bca-4875-8581-5ddde17c215f
517709cf-79a5-3309-af40-05e0c5ec992c
efb36682-8f35-43fb-a3fd-a0077e97830e
4556a7a9-3cd9-4660-81fe-09edba88ad46
c9e4290d-934c-4295-8b59-289a71437e85
67205d22-8f31-4c83-88d3-783aff8721a3
5b76ee55-d45f-4001-aa26-ae7744feba1c
858ad39d-9441-4cb4-97cc-23aec2ae6402
e186be0c-8ba3-4b13-b324-78c6a0e3eca1
0b6862e2-476a-487c-8b31-d2943ad94d66
4165ab32-4967-485a-b1aa-1c0a7994d5cd
30504ed1-078e-463a-b67d-29a311e6a81c
3b59e670-4d6b-4671-8302-95b273504aa7
39870622-71aa-445c-9579-a44e03974cd8
83b2a2d4-aca7-4c66-af26-b3a8436706d9
6259842e-4bda-46b5-a577-1bc8cd940de3
664f5826-d09f-349c-8265-447f23fbaf65
b9e4a47a-dcf6-4e65-8fa4-db1eaf8f9bc8
7851f25d-5241-4a2f-8662-a985f96187a9
88adb9c8-d16d-48cc-aa5a-aed9c40e48f6
70f67b2d-4baa-43c8-82cf-1165a00973c7
c56a1958-b1b9-451e-88be-72a6ecd7cdff
4f1f16ff-9913-4445-b162-5ad73576b89f
03a33ab0-188b-47b6-8a4d-44e428670846
c0ab0567-80cd-49df-9bf3-625b82753d96
84ce2744-2c18-4fc1-b8ce-6a34908fdedf
0ce9c013-c520-42a2-b3b3-ca36090ec092
5146dd34-d243-468f-b28b-7e8746618518
748112f7-945f-4d03-bac9-95afd7031c5b
f8426088-824c-424e-8cad-71e2adfc1ed2
11b1c022-62ef-4e53-8ce7-bfcf289b75ec
2f247606-3729-4b96-a660-056a9d5bc76e
35065fb7-ade6-40f9-bbdd-eb68357dad73
04345f2e-cf98-4061-b1b7-98612d7bf344
6ee570c3-4435-4b68-b1fd-65e6d34375f9
59623eeb-1917-40d3-af63-9dc6ab8a944a
7e17329f-820d-42e4-a289-bdfd49a33195
6f53aa4e-429d-3eb3-ba2b-1256fba47a6e
08709486-5aed-4480-bc48-0e7f4273ba1f
856ee26a-be78-4965-b889-5e09d2f7cc30
e406c52d-750d-4837-ba30-6a2bc6f9de23
44250601-aacf-31a4-87e6-6ceb20d50bf0
e406c699-f51a-4813-87cc-9befd03a3b69
4dce6ef6-b2dc-44fd-b930-e0fff8dbfe8f
51ba8bd8-7a6e-410d-a4e4-60ffb569ff27
737c5b12-3df8-4224-b200-c447b1daa811
753e1cc6-dcf4-48c2-8ec7-c971580d08d9
e3f06ad5-796a-41fc-a8c0-21a07cf4ec44
3b56b94c-8a65-4e1f-b869-734db1c158ec
1dbc0ba3-7444-4b86-be7b-e4b834feafb4
5b8bdcc2-74e9-4f08-8f3e-652773b07aec
97c76c43-bb65-4f05-9f16-d67695f8f397
4cca747a-135a-4c62-863c-60104538be9b
007d0585-9b54-4918-87f0-38da23ddecd2
edafe9da-56cc-400b-a101-f5bafbe4cea5
4a1ee475-caa2-441b-9d9f-832dc3c01a3c
71324789-d08c-4cd2-9916-8d97913b0944
3f8779e9-45dc-48b6-a659-81bdfffa3158
a466bb96-f98b-4d1e-8c6b-466b057b65f4
1731bda3-d883-47fd-8224-3f0ef38e82e7
736b0e6d-de6e-4045-91b8-b843ebee33b3
daab1ad6-0eb7-4e0d-8681-519034d772f0
69a7bb82-8f4c-4bb5-9184-d174731f8c0a
77547de9-6416-30c5-a590-bec3aa10b7d9
76ed78f5-36a5-4bfa-b6d9-797182d70be7
c9e81576-f20b-407d-ae2c-339f1f39f0a7
4f141b35-3f86-4ab4-acff-38ca3a5ba6cc
d71052d6-5d86-4bf7-b8f7-023f8b5e4dcd
0bffa06b-2080-42bc-95e7-7c444425d989
84e979f3-e295-424a-bff8-4d7ccc938352
8212bf74-2ad3-4e8a-a922-f93d382bcfc4
c508c80d-de17-484c-ad4b-81344e8dbbab
4782c7d1-b70e-4384-914e-fa106ef37c8f
578e7075-3e4f-4738-b099-109be93e9d27
28c135ac-9ae0-39dc-b9c2-fd4fdc19bb20
7c782bde-6a0f-4016-b59f-439da071ed4f
83d2c5b4-36cd-3e91-a48c-fb86c3d9a46b
fe3973ac-33bd-482e-b498-6fc8eb48c6d8
1e70c6ff-a1c1-4993-b942-cb899e1895e0
12b75af7-2b2e-4c36-85fa-2713dbe75f63
f5750fe5-bc61-4f62-b086-d41d6abfab96
259189ef-c572-4db8-b0b3-41be520eb20b
b60e3ac3-60b0-4055-98cf-3a61feb532e7
db99f23f-7674-45e9-b7c0-d301ac48c580
5d66657b-1cf5-4607-8c8c-32330701b595
d811913f-1255-4f61-8646-6cb1a6b64151
bf86ea39-e9b6-4679-80d0-5ebf0ad331cb
849584a3-0a9f-4e53-9859-3faf71d6ee2b
767f0288-4e9f-4784-b32d-6661f807f1d4
e54a689c-4d54-41c3-80f9-01a352537afb
85c43042-acce-3f68-9fb1-f6b2e1f0effb
6f6c6f4e-3e4a-4426-958d-83dd81f293d3
b457737d-aa49-4ca6-bf99-0d1f8fc2b9e0
4ce252ed-bd40-44f6-92fa-f6e13f73f545
5dd34946-e294-4dd4-90fb-715417f123ff
29f93459-8f60-4673-832e-00a414ddc7a6
555563e5-ed86-4c02-80d7-2b5d9bb74851
6dc64c6c-cbd9-4693-8f82-efece82f6b6e
b7cc98f0-b4f1-4488-98d1-e3814921627d
cce74fb0-a4bd-4e1e-9af2-acbb5f2f3a20
763ea3ee-03bb-4897-80e8-fc27824f1615
592abfe3-905a-4d5b-98e7-f8d27568b531
7eaaa405-12bf-4800-9931-940e3be49943
fd169514-203e-4a59-b4d0-4ebf8b4aa7b0
7d44ca1b-9422-378f-938a-02b60eb59953
0034935b-20a0-45e6-b2a5-9bff89a94198
cca8222a-eff6-4142-9907-f57c15554033
c851f557-de09-426f-8643-884b5d83dfc4
013e03b1-98e4-417c-9609-b132c92094fb
33f93f0d-5aaf-4e85-8962-ccd7668f882c
51cf674e-7f84-4e50-8deb-11ec4a9ae4de
65d12783-db5b-30ec-843c-eef40abff476
c88f25fa-d2be-4cea-b89f-ade61071a917
dc2045ce-d457-4346-bd74-8d91e7b6e2b7
7eb0d057-2b98-43b7-90aa-077205261a26
71d1a9f8-ee3a-4a5f-89d8-d08c12a75f78
2548400f-f2a5-479e-ba3b-0d8ab01d72f9
181fee6f-2516-4bae-bb68-e273e247cdc8
40fcee9e-520a-4f6d-b8f5-044f5123cc9d
56408f83-c4d4-3108-b609-dbd022f84ace
904a7fc4-8c8e-4444-855e-b755ea7f56c4
d42c68e6-af04-414a-94e4-1a6795b5dcb4
3d7ae1fe-3ea9-42ea-a315-323a10e30f2f
2e32e106-9bab-407b-ae47-db2940ea922e
cd7dbcbb-e42c-4193-92a4-610b4c0a6318
5676b325-81ea-4079-b717-9603c586b572
6374bd7c-53f1-47e9-9c41-297e0f7bbb64
d942c7b1-fb0d-4f76-a45c-1a3c1f1b8498
9473eba4-4e42-4bb3-8836-45a88bdf662a
71f48ed3-c9a2-4775-81f1-0561356178ad
d7fc6a5e-7907-47d9-9b23-71364ea526b7
181e826f-fcd5-4ad4-909c-3fa5937dc1ad
cb3d071d-bef0-4371-bce2-07291fc1e013
4dbe1f83-38f7-4370-bd61-cac43a016126
9357cf8a-b6e3-491b-91d1-1774aae0ee17
838c3a56-c2b0-42dc-a4ec-6b88e9cc24d5
781d8496-b299-3333-b2ca-29c5d425567d
6a99dcbc-c816-4d34-a746-6a2e58d9c30b
18b04ca5-a96c-4458-ad5c-22cbafb81396
569036c4-ebff-4415-aa05-8540e90b6889
9fbf8cb8-e9fe-484a-b3d3-b1ab35266caa
90863d56-f498-4eb4-96dc-ff39996bedea
1adb3607-0e2b-4f35-8a7f-9c5018c0d2bb
04039de7-100a-4be6-b17e-1f7bd6fe37f7
81d783de-29f7-4844-b2e0-449f7744ba60
ae62fe97-cc95-40b2-9b50-dcd85a78bd7a
01801792-d4b6-4219-902b-8d203e297c70
a1458bfd-2d20-4f23-895b-7b5e7e638b6e
11de1fd6-72bc-4ac2-8a68-5b1f9084bbb8
5b2b3f48-40ab-494d-b230-3d4c62a0a801
1032767b-b1ee-46e7-b0c2-813b4f9ce2d4
3a9a9326-b1a7-4c19-a896-31055ef0aaa3
d80e9d77-c728-4d39-82b1-84485899ac7b
0f5493f5-073b-4039-b6e2-64caf80cec5b
5a574d57-03b8-4a9c-b48a-b83bc69c93de
59944dd7-228a-46b3-ad62-8337f836d527
a8715d51-381f-4fd5-b744-ba8d96a60497
54201f14-8563-4ddd-b7e6-6247c53ec731
4c9ac6a1-2643-4484-952c-395892f5bee8
9e37d19a-249b-4bc4-b4d1-4de254c70897
1f103dc9-48e6-4eb2-8b37-0124b68e5401
562aeaf7-0ce8-46e8-9e66-bdef4446468a
6600bc80-8df6-4a7d-a92f-5d1457709624
68a38341-eee4-3b17-ba1e-9096451d74a8
63703299-e4c2-4156-8df3-180a070141c9
420a215e-1f22-4f2f-a6ca-cdb37f7f0b03
acf6e944-1e6c-417d-a882-01e3b6727b21
515f5c77-c3dd-4352-ae7e-d0781d88dede
f51cfecb-1a80-49bc-8312-dcd2c5a15e0d
d451d4cc-7abe-4252-99b1-6dd6c5c1acb6
791059c1-172b-421d-9a4a-2b0f83b17538
fac3bb02-0072-4c73-9ba3-87453bd5477b
b52b2dbf-71d2-4c93-b797-b7683702c48c
5b3e36a4-4283-47f1-92ee-c9226cf02621
7a14b8f7-4c05-470f-9964-9f5de7b34412
c1406df0-2c65-4fbe-813f-8d613877cd4a
a1089753-58dc-4e2b-8674-e1a7976f9793
5f6eb8da-8f0e-47a6-9d14-3f604dcb947f
5554e6fe-082d-31ce-a307-0394e3d80206
b837e50b-2a7d-4b3c-b321-495f261acd2d
7a6a4023-9d5c-45cb-904d-3ea1729291ab
734359ee-98d2-4f0d-804e-5483a2099667
153adf3f-0fb3-4077-ba95-df83304a612a
f5ae604f-a43b-4df4-9b44-c280f8133cc7
221f31fd-1759-4c14-b183-77a0ac51b55f
677a320d-f001-3eda-92f2-0fe761cf630b
56016410-a544-45b4-8b71-7a8a34e9f265
d7e2c96f-76cd-4699-bbe7-c65f7cb8b8cd
c58ab69f-d138-44ed-a9de-9aeff0c8c836
3aeb97ae-32ab-49ff-aed9-9b1a1f25b26f
ef10c201-6626-4df2-b62c-8527fb9f594c
79465c7a-26ec-4e33-8f3f-5e500bbdd541
1ae52831-1e4d-47c1-b46d-7b28eba7f099
226c643b-4a05-42da-97d5-3742c9d654d1
58438343-a954-4e16-aa5d-80f00ed5a0b0
2502bec1-6813-4048-afa7-7d84dd95cbbe
1b626ff2-bc4d-3f08-834b-cd739bba2251
b9b0c8a3-d8dc-4503-a4c2-2606d71cb0a9
05ec0db1-b7f3-424a-a250-3fe22f7ab997
3c692b53-5791-4d2c-a677-cde16a98fb69
be5b3d10-d630-4c86-ae25-6a79d5fc9c09
6c2fd22a-75d5-4f18-bf23-d80347bb4f53
779bf8aa-ffe3-4ccd-a9f0-2cf4ebfbf0a9
7cb0ab45-a470-4f26-a951-3d5988ae0f48
03b201b3-3fd5-4b0c-9e59-96d75e6934ec
a509347c-fd49-413b-b0e6-25b89139ded5
0e03db4c-d23b-42af-91d1-576a5c444a6e
19df9f15-e923-3992-a5fc-c3465d41c978
67607957-ec4d-4eab-a76d-857d725f835f
54b38089-e0d8-47ee-85f7-90968db3d577
4ffcd836-60a2-4b5f-96d1-6cf30800d995
bc0b1c5e-57ea-4a5e-afa4-779906d08994
1fac9d1b-274b-4e9b-9cd4-8845c4356f75
14e15ab7-0601-4f17-8cde-e249c2038048
4644c440-8fd7-4044-9909-e848c3af29ba
4dcd3e15-c879-4fba-b6bf-763bc3ae89a0
54b533c9-fbc1-4c08-b7b6-845a2bbbafbe
d3d5650f-e2b7-48fb-a427-3bf93379340a
eb611801-95d7-4fa6-8e12-56cc473e319d
4096d027-c7b6-419d-86b1-c5b22943871e
72436392-4e6c-3a01-952a-eae941071c98
a70de08c-b101-40e5-8d74-12cff8dd8eac
14e0cd8e-92b1-43c6-9544-ab973375e6ac
4a44ab0c-af72-49e6-8813-e36f746977dd
27ee0648-009f-42de-a19f-2887bab6ed49
f359bfc0-b006-43c6-95b8-49980a14f14a
1a415244-2e5d-4177-9885-1f12e28dcbc3
41c2b52c-7f09-4d4b-b301-a4d16e249c3c
142b9425-e37f-433a-b7d9-71586244d638
42d8ad99-1c6e-45d6-862a-7c7b6792daf3
7fe8f8c0-c922-4329-a886-ac5861ef0942
a5861df3-2ccf-4dc1-b882-a376699a7fab
21527003-57a2-4f87-81e7-64ef86dd2d21
a1bcd80e-5fa3-4bf0-b306-b032aec5dafa
c3d2e64f-0e09-430f-a182-d0ad2ef36dc2
1ed5c834-2f8e-474a-9f73-d6991ce61810
83c1a434-7611-4cf7-8009-51728755daff
1a579f8e-112f-4db9-a2ee-0063d0e7076c
84d77d86-bd10-4185-9b08-a0fdfc242e53
325efbab-7eb5-4f8e-bdf8-b16b7a0b2aeb
13802fb0-a0e6-495f-a0e8-0280a83902c1
2951d8ff-6114-4050-8d37-961baf6ab25c
dbabee15-db4b-4d5a-b578-fd03cbef9519
7ffe52d3-e4c0-4785-8afa-76c012e022a2
658aad90-c413-431a-a577-eff5b6eb0bfa
52052edb-9113-475b-bc2d-e0eba1629052
48b5ee7a-e3a5-4701-b27b-e2850f43d558
6a353b76-4f16-42be-a986-58475ec87eb8
a1e3cde8-6ddb-4e6a-897c-ecf4819761f5
d819ad2b-4b47-400d-8e33-fcc741df85e6
53b2a761-f9b4-4015-926d-8e910b905881
6e6ae029-62ff-4f0c-8f8c-42a1db699b45
148d2b3e-8b52-4610-9ad2-a583ddd41735
742e82eb-83e0-40e1-8cf1-f445ad831703
05dd288f-ce85-4f1c-b218-f27354225915
e9b49357-8b1c-4f12-967c-bfb7b26811c0
710f4b97-34d9-48d1-b8a3-f880725f28bf
b6da73c3-f57b-49d9-926d-b4165ca4fd25
28f1a1ab-1a0e-4d20-9f64-cebfab16c770
14b73ed1-f8e8-40ea-9ea6-b6004b06ce52
7db22822-4c53-49bc-ba2c-f3e1907cead4
97869792-3bcc-4cbb-bf32-1065ce976dcc
648885b4-928f-4e9a-8417-a60707dd2614
62ddcbee-7efe-4005-bca0-ea600b8161cc
4ef5fe00-5ab4-47dd-b25b-ee7bdb0ac349
282a4ac9-94ce-48dd-a17c-8bb119febd1d
99199859-6258-4202-b97a-99a8bfa8d02e
82a6b836-eef5-4d74-9405-e6f3def875d2
5cdc256c-2cd5-446d-8214-3cc5a014ce03
ef95daa9-89ba-4b05-9594-40257e0e9a0f
30fd02b8-92b1-4e64-abd5-2a34b0863c03
5a7cbc05-740c-436d-9291-33b1f930a6c2
70464ae6-cf69-4e9c-ac31-0482d2355288
b627ee54-6ccf-496f-8a81-931938e5e4ec
00fbb26f-13cf-4916-a8b0-f6241482abb4
1aa6abf4-2464-4d91-a283-f38c6d33f592
79eb8c8f-7b78-4d0c-87f1-75367ef7141a
80f782cd-025f-4b67-930f-5abf46c1ee5b
2571bc0f-99b4-4804-9ce6-4a22a364e030
7c1b5b39-a2eb-4c7b-93cd-36cbe448edf6
f9685d74-8637-4d22-8ee1-fe144ec8aac4
5a9f88fe-7fc2-41e0-95b7-25401e2bcde7
18a304d5-8a63-4709-8c0d-65e2a50fe179
10a3296c-fcb7-303f-bec9-1928ff902025
18dccc4d-b6b2-44af-8af1-5bc573ce276d
0dbd0e22-0e25-439a-8472-fa3cd394c9ad
9874b942-70b0-40d3-915f-a015dc9bf489
50c81514-0d1d-48fc-befe-ac9fa917022c
5d8f1711-260e-3487-b4a3-9956a5b5c29a
28ad3cc1-41a3-3cf9-81ba-b242b75e06a6
808b1d95-02b6-4bf1-ad31-28b4b946baa3
f70d01ca-f3d6-4437-a841-d93a8e7b1228
1e0cd1a5-23d5-4266-980e-20d0d9c41f8a
36a47bd4-7bbc-4302-a18e-54f6f2e3a6fa
e0c234a7-406b-417d-9057-cfd76c97e381
0e15f37a-98c1-4d3a-8822-6a554c08a838
1ec3563c-89d9-4a09-89ef-a1f9ca23b007
69fb7c92-ef59-448d-888d-bd9d68927a2c
e1042131-0f9e-437c-be8a-3de4a742d87c
781e2d59-dc62-46d1-94a1-1aa8ba5b1311
eb77a69a-03d5-4c8e-8518-45e529213817
2b7b13d1-acee-3331-8263-7244d9d47902
782fbbae-ce29-437f-8f98-f568a50772ba
542495cc-d00e-3712-86fd-c2fe6e103e66
dc133c3a-d84e-4a5c-9718-010bbcebf30b
686acd03-2e85-4290-9a19-d40196209a57
9605db76-9806-49d4-abec-b0ebe096e921
9a7b95c2-d2e1-45a1-89a7-b24bbbe7b2c5
69f9b1dd-3822-4daf-be8c-43fc964801a3
bdfa3934-5614-4e78-b514-1422e72145c2
eca3ee5d-3a5a-48de-b348-6371618dd232
b930494e-7883-4af1-bab8-036d84126264
42542349-bc25-4b1b-9034-78fb9c905433
195d7577-46eb-331d-afb2-5213917aa50d
c3762ae3-8847-4cc1-8e39-0ff3e09c47e4
43388928-4fb1-42ed-85d2-513abeba766e
c1388904-9d7b-4f22-94f5-48e5778ebc4c
0bdfc3b8-825e-4edf-8373-1d95f53d377d
0860f1c4-712e-4bab-857b-e3a394291f41
9286b029-c552-4acd-9e89-54c707894b88
3c3a0879-ed80-4d2a-8d4a-1f6ddc81df1c
f5c8c735-859a-43a7-9c11-00da41d2e73d
6595c7b4-6f3a-4f0a-bf48-e5e52212042a
ebc44285-ee7e-4cdb-968f-96771b761edf
148d755f-6755-48d8-855a-4545b1c96223
2673eb72-13e3-4bda-8566-52e037399053
1927715c-71b3-438a-8044-c8e5208f6e52
4067e2aa-b63f-45b2-b339-d8a8a0f2fc91
03e631cc-ee14-4be0-9c53-1ad7ca7fc661
478d0b2c-e927-4f15-a868-3024c1e1b2e9
803d908f-6f5d-3138-9bce-87febbd42e5c
8c19055b-5cb8-4544-bd8d-e7cbf938fcae
43726e35-a3f2-4e71-aa6a-317396a40be5
77e8423d-8b63-4c49-9b8e-b0f8c119cef0
0631186c-1f4b-48fe-9285-52f5214af737
bb158b66-fcbe-4e17-8fd9-4e0be8932a23
ce55e912-6332-4249-a2c6-f686d8bda8c1
5b297cf4-b136-4d5d-8300-ea0afafb5ea9
0f675b38-d77d-4056-916d-28378e208dbc
bb14e327-3e81-413c-a6f0-dc0e27319436
eba748fd-496b-431f-9727-b23f719a4c6f
eb58d595-0923-4e20-9320-4e5bc141dee8
99b09c57-c42b-4288-98a6-6ad2e01d6708
4dfe6574-1e4f-4150-9fb7-f42f2b0a88d1
01efd00d-e214-43f4-b2e9-2c288d677aed
b4b46429-3063-4891-9fd5-5b6570b1767b
123da801-f2e4-4556-b00a-f62ffee429bf
2cd453f2-df6c-4eda-8015-a9e147374b4e
0809b1e9-de54-4bb4-b71f-67f25ae21b00
0ac22aca-d4f6-4bec-afca-ae0462c84089
4b638089-b181-47a2-97b3-5d395a887857
610c2c7b-7558-4e43-9b25-7588b4feeae4
4eb55fc9-1a1a-4371-baf4-8f61f3ece58f
19d684d8-49e5-43d2-9b51-95a328b10038
c47f09f6-18d1-4ec5-ad33-571d70a32659
10885d59-04f5-42c9-ac3a-83810fb64dcd
dd642713-98e5-42fa-be3a-ac76b00aee13
5c19e757-5134-44cc-adee-6831e74096eb
5bec38a8-fc65-4dd2-ba84-da694dbfb2a1
a408290f-8ebc-4bc9-82e6-5fe21688c738
6a12b8a5-27d3-43de-b6be-6bec42b4c532
e070f03a-adc5-4f55-81b3-aa72c324338d
d764f12f-755c-40e2-b7bc-4fc2e9e3f9fc
b5c0dfbc-7118-48e6-9168-df0c173029f2
8ecad62d-fd41-4d86-87f0-5f640c46f238
de6fb1e8-9a21-498e-86fb-7cc34ec24229
64c569df-a604-3c7f-9082-4a3cbc808261
6e6d995c-f911-4f64-9fd0-60a21fb507ff
ee5804f4-45c4-4a99-8443-76842171ecc7
5ac05fe8-b550-4786-8e8c-c5a43c30d112
2df04061-6e14-4814-a400-7215bd1d4135
d1e91568-a9b4-471d-b85c-665abe8e4276
43e57655-af74-4d61-b1e4-a6afa47cf093
38a4a1b4-4f01-4a58-8ef8-7887ad680420
61631b16-afe9-426b-9351-c753acbf0731
29570056-ebce-4b38-b9f6-550b3253cd67
127ceae9-2a53-477c-81ee-29a23cdfe803
5fd0c725-0688-44c9-aea3-e867243818a3
c557a9e9-aacf-4bbc-8b03-216d02c454e9
95bff1a8-1fec-439c-bf0a-fd33a15f6283
c3ee981e-0335-47c0-bc17-99d9b3cb59cf
5f177e17-3f89-4fe9-b97e-bca1e3527f76
9f74297d-9992-41bf-9c78-2c2f9696b5f4
ed4f7cb8-4b62-41a2-a39a-a72b813d5a7b
87d6652f-2222-4926-a3b8-d466ac491695
0a237bbe-d40d-4689-8747-d4fc2afa6da0
05a8236d-3aed-41da-aa0b-bc66cc7a2161
c4850552-2730-42ca-a394-dae6e6e81ac8
c76f3f7f-f12d-4d4d-899b-6608d3479531
4d8853b3-95cb-49e8-ab8a-0b670a80a506
2d639df1-9103-4773-b963-04feb4122f51
5bc62618-76c5-33de-bb2d-9ec00b1b4086
784b0ec8-c1ab-4273-80fd-906adfad3321
87a4cd8f-06e2-4b10-9086-c462edaa9c67
07f7b6e7-999f-4bf3-8336-455febdcb23b
25170520-05cb-4546-a6a7-89dc975e47ed
ad639c04-ae87-4546-b52f-6a8dd4267007
53950b7a-298c-4907-9328-d2167a2c8d9f
36cafc17-ca62-4340-a6e7-16ed28a052f2
81f43633-75e5-3daf-97c8-36519a17237f
bcfc7aa7-555f-4b9f-b242-2b78b4e6bd7e
01d33473-8e60-4d3e-aeb9-345d6b08cab4
27ab6afe-7800-4a28-afda-77a8492ff9f5
ba8913a7-2cc5-4a48-a4e2-dbcaf2e35b84
6e527916-62b3-4934-b4ea-eba5d4c7242c
1d50f97b-dea0-41b1-b9bf-ec2fbe90a3f7
cdba0c2b-f145-4d25-9217-ffe9c4517fcb
c4509515-e027-4369-920d-39836459f597
66f70fdd-1f33-40e7-97b0-34828475e585
804fa634-6715-3ca6-9113-2eef6d83438c
a8be69dd-1ce3-430b-bb46-46399b41dfd7
acf77210-83af-4c49-b2dd-6495e115ac47
6a60ac07-b4b2-4193-b197-ec910dc74485
e6e161a1-1219-4c79-886d-4f6b7ea28c39
4f8d1916-ba33-4e11-bcfa-bf21e0c22ae4
fabb0be9-069d-4b67-a08f-bb18dcf0d63b
66c1ca6a-a090-47fe-a078-e298bf130348
cd7907d9-b554-4118-8b91-a4ccd5360de4
79ee00ce-77da-4fa1-965b-1f10aa38304f
e2d8ec53-224a-46a5-9269-06b72b160ae2
f14659e1-8cbf-4e17-9caa-2c448dca06ac
ed080b62-0fcd-4011-8528-0a79d1e96a75
3ce4b771-7c79-454e-b5db-5d17cd44b860
62f5d5a8-253d-442f-90b5-a86943b9972c
248774ec-da30-4b29-a9c8-1aa5668ec462
61547c48-5f53-4507-ac00-a5ab7b84f221
4220d3b4-88d2-3fd2-bc91-c55a1ff0ced1
612dc977-6a18-486a-9010-5fe639f061cb
5f226a49-495d-41f3-93ee-98cf9b1d4cc8
050d7d23-7acf-439b-937e-0978eddd0ae7
d7db0156-40d2-43a2-b4e9-16a86321011c
95c574a9-21c9-4f4b-b750-fc752e3e29c2
6da96b77-fadb-4842-808e-85bdd2c30594
0af130ac-34bd-4ea2-8460-6f1820ca2578
903a8e98-1e69-48d8-9756-427b4e013e56
00334c6e-72f8-4fb6-9e11-ab011bf6c3a7
1f9f2b26-846a-4e58-87e2-8a1ff1e5a749
f263377c-672c-4bb9-9c00-a7be1926d37e
2b6ddc8c-780c-4b2b-9195-609279aad321
852f1348-8a33-3fd6-89a0-a8acb499d079
5865dd7f-5634-4df3-acd8-6eb5f62a6381
67a37e8a-b835-4f8f-ad35-d7b25f1323fe
e28b703d-1ad8-424d-8633-3edab52a8c18
6193677a-c636-4e33-8ad8-b9b035ae82aa
a7943e42-b5a3-4fdd-a16a-46e40d2c356e
6073ec34-5258-4d93-a970-f1c04f24062e
05e1e090-8fc0-357a-9ad2-19c4289c6058
e894d90d-960c-40fd-a6fd-c4d87b1dc2fd
ac406073-7b17-4547-9faa-6af8f2068bad
84fcd05f-6941-4de4-9f15-df87677ce455
a367a17b-7784-4292-bd63-6875e7a85dad
f91bc6a2-2f04-4f33-87b0-a421a270a468
2cc3bbad-581f-420e-bb37-87a6c1954a7b
c4bd45af-08d8-48f8-b973-3a9ec87bee7e
d4c49505-8a5e-4766-b5cb-6b6fe7142292
664b58cd-2670-40bf-9c48-5d4ce60bd91d
19a342d4-6317-4946-8b99-53e50f0c9a85
19a4ff78-2e18-4297-b1ad-0e494b80dddd
230489b8-2c6f-45b0-b25c-46dab6160496
062d9bec-df16-4fd6-98ad-57ebc1b71753
195ac979-7df9-4813-a2a8-9fef063a5172
32c069ba-2719-443e-913e-57c5bedd7990
a3193af8-a798-45be-8fd0-60ea70daa7fb
fe004c93-4f3c-4388-8e76-632ba4232d13
476a97a6-7d20-495e-9be7-e6bcc471fa77
d9e72fed-0b46-491c-b4bb-928972218e37
b9c7a6aa-06f0-452f-b43c-ac5dc5e0ce24
1b6c15b4-d58f-4a06-9f98-988666ce82d8
0a38a0b8-a1f3-4d9e-b37e-0dc16c06c90e
bec02087-aeef-4018-bd2b-90a141cf75d8
0b856bfd-24ad-4fda-aea6-508cbe8b4db4
05e6f7c4-e7d2-323e-a8e5-2748831a18ae
1c6f1892-23cf-41ee-b707-7d79fca07cf3
d6b8d980-efda-4984-bee3-e7fd750e88fe
7eefcf00-8b7d-46c3-9241-e8b086f47c14
f7dce3bd-31e7-44ac-ba84-c5098c46f6fb
3deb5075-c1ea-4ac6-af79-44da44c6fd5f
6b56e370-98e8-43cc-b9a7-7f10411665c0
afcef93a-e4a7-43a8-8c1f-e46023ff526f
353e0653-f06f-440b-905e-eab14303b95f
f8a8bba8-970a-44f3-aa1c-4a6bbeac6c77
6e1cdf60-ccad-4a28-a688-2d6ffc9c0e50
1aed6852-ee09-31b6-a260-9679d7d543eb
7ecf90e6-79fd-4bf6-ab74-8b72600419b7
6a5d45c5-bb91-3677-b053-d2a70c8657e8
5dc37eca-0a23-42a8-9a2e-f8296d125977
c043997b-4487-4e03-9c29-8299829a0d5e
282893d8-f308-4bd4-a6da-a1d1a4a792e6
a9e03517-ae16-42f0-a529-ce10f9dc5c02
7111004b-23cb-41f1-bf0e-0f8aee195967
2c38c03f-66bf-4a06-93b2-724c996d0998
5bf22970-ea29-4614-af88-d88cb25800c1
d66e9d3c-3edd-4a67-962c-18a7facd1809
a3c6cb93-ebf9-4c51-b9b8-eacaed005805
33355828-c98b-47f6-a748-4539b1ec471e
147ab68a-6da7-4420-a6e4-a42e379a661b
252d3179-b10c-4f66-a15d-cb43e84bc675
52f79bcc-87c4-43d1-a355-c252f59d1a36
8093b9f5-835f-42d8-80c3-43e402519a0a
d83f09bb-d789-4915-8df9-639b1789dbd0
7c562d19-717f-4b7e-a961-4b04d042a224
21521120-cb75-3838-a105-7cb2d020a73d
2bed5f1c-b612-459f-b6ba-a5eebbd90e09
f21efcc5-4877-44fa-9a02-2d73d6d077b9
9257eff7-7e51-4f6c-ac00-eb0ba1222910
5d2915d7-cf58-4ef4-a8db-4c8d9301b3ca
3b77b35d-4040-4808-9c66-9f5afcf9ebd6
9abb77a4-2594-4ab2-8feb-02c6a7ef8a13
b50df533-8bcf-440d-8591-e0767ead1c45
06bef41e-8730-3825-930d-a68f5a783b5e
d53ddf4e-fb97-4efd-a9ca-6f3ea0debd87
40a838f9-b128-43bb-8f5b-ee5559ca0cbe
bb6cbf83-5781-4689-aa0c-f45063d615aa
0aa20dad-4049-4ebb-b7a5-e00eb76ff5e9
03950c96-b39a-4440-a8de-846923c8a84d
f4c89ec6-3ecf-45e2-a6f9-1b7591f4c57e
527f2837-6bed-42ff-a917-45d55454e0c5
154cb687-a771-44e3-a44f-bd4d664846f8
a73e4832-ee52-46c3-a6e4-a2249db7f793
733bb76f-3a35-39f7-95c0-c89f678d0955
13875681-782a-434a-9aa7-29209a362925
1a2d4f9e-9c8e-4efe-a7b9-8f8d8bdffb64
fadafd96-5405-47db-bbf2-201fd3a9ccb0
3c8da5f2-c380-40d1-90e8-e1c38fd6395e
25c14c1e-4767-485d-a3e1-a5874efb7395
d96542a6-0e17-4076-948f-b09f0891ea60
ecc1174e-7f91-431d-bf83-28f8debe4d4c
1ea9df85-c974-4cb8-abaf-276b423dc390
d1f5fc9f-c7dc-4411-bf1a-aab0d1fdc8ff
4a997e08-109d-3e9b-839e-143cdb7dcdf0
5f5d42ab-16f1-4d1c-a10e-89723ff9c05d
cbfb77b6-92f7-4bb6-9160-eaa820606773
62cf0e93-d73e-43e8-bb30-113ae0dd7a1b
338a2d65-a33e-44df-9638-a6ecd7a62d77
55e2f7b1-ed80-4c8f-8b96-7053f214df4c
22cc59fc-087d-4f2d-99c3-21bc21346ec3
e2d97410-3632-439d-9366-b532498f6cdf
81cb331f-7f1c-3506-b245-a71d9b609a06
b9693b42-f08e-4d71-b48e-fb10c285ad04
7cdd09d8-782a-4ecd-af23-03a2447b7f96
12cdeefe-571f-4e6c-9a0b-212c177a30e9
2b9049ed-ce3c-4e7c-993d-bdaac379c5f9
2cd827c3-ea0b-3714-a639-3e348b3da3c1
05571815-ab9a-3526-8fba-ed9c18e9d3d0
e9d87768-d768-4d5e-80e2-a8278b1b338b
ce3763a5-53d2-4e5f-a6a1-19a41f31b26e
de1f0505-4d1f-45f1-81d1-69b2bd3d8467
b277ab71-687d-4dff-a97f-802fa248d056
038b62bb-b277-4d92-8afe-3ff115add02c
89190118-3e68-4f86-a6f4-10ad85be929c
6cb9622a-71e7-4940-bc40-9a1af4dff3b1
1124049b-5c22-493e-b0ff-35e3229cb754
0266e4a3-26e6-44a0-8259-f5d05befe81c
1b6ecc74-a53f-4130-9435-6945256ec225
b09221c3-0331-3a2d-8678-3b21d9542a0b
1cfc6e9c-3c3d-48d4-81b6-f1981007d2ae
4cd64da7-df8c-43c9-9ed1-38422b88391e
fcbcb5bc-5680-408e-85fe-489ea6fbde8d
6d0a625e-2493-4451-96ab-8e4d6076dc58
49fb3649-6a57-46d6-8c29-16658e7d1d09
32693fc0-0411-49da-9a62-81c74251be96
62d258bc-0648-4605-8b0e-5c14d162ba33
5e2d8d3f-a62b-4a83-b240-3ca188691ed4
fdea2986-6f48-4d4b-b041-c7b91911b07c
74ae784b-9aa5-4da6-a814-11c57e980d9d
4999e7f3-520c-46e9-aa15-2104cc9bfec5
3721f1e4-45dd-42a1-8959-81b6a57340f3
793ed9e8-4760-4d4e-ae58-82fd1b8d92ab
3d90fbf5-64aa-44be-b8db-c4b0593aa6b4
6beb1ed3-1077-4cb2-9c5d-59b17cde5602
3667cf4a-21da-43ec-be1c-6728778a6a1e
d73885a0-40c5-4f63-807a-641e774a606c
0fd58d11-12ed-421e-ae1b-9efaf355257c
0b37f8ab-97fc-4fee-8303-18445e8b1825
280cd02b-0197-4b0c-b572-effb80d8a9f2
d923a5a2-d65b-434d-ab54-0a17e27647a5
08f6c6fa-703f-487b-b13c-71fafda05a9a
fcaf5f7f-7ee5-4e12-92ba-afd64c6e9fc2
d547fc89-31f7-408c-aa99-30bb4ff9bdfc
ab511164-78fc-402d-8189-02a115a55ee7
7a476d09-68af-44f7-a02c-6b959cad4d28
4285f421-d8a2-4d05-99ac-3d6e504e10b1
6a3ea151-bb07-4aaa-a893-1b3b5f9413de
7fbf9b07-66e2-4888-812e-9830e73ec213
d9047545-2d36-41a5-83a6-58b152bcd786
e331e650-3312-4eb0-a70b-46107714d85b
72f0d68b-a9c1-4b86-8851-e837ecc35903
02cc7cc5-6e9e-4516-89fa-e9028570531d
d8f932e5-b24e-49d9-9b9d-dbedd089627c
6bc9a4cc-08e4-34ae-904d-f5e7c8867566
0b0bf50f-da8a-4de0-af9b-1260ea7682c7
eed30d6b-2e8d-43ae-ac1c-191bf6d8d17e
31d26191-80f6-42ad-b334-cfc1ac9d371c
47c91fb3-4424-31fb-a0b5-85b0a9635504
05291d86-5851-4077-b7a5-7ce7130e7306
2f06bfa9-9b25-4800-b7f8-fda04a4f4c6d
125aaaa9-d959-4a02-b5b1-371419b0af97
5567ff78-eec3-4c32-a1f1-bd34a7cd4a51
fa26a0cb-d334-4947-8717-5556fc5d28f7
55450b11-37ae-48d8-ae54-4243bcb537fa
785a503d-21b0-4aad-9c6c-9b3b5d965b07
5b0e6dd0-a559-4110-a89f-266bb211526d
8378de7c-d7a9-491c-a5e3-f6f6525af424
e2a1c029-9de5-434b-9796-8ccbed32e557
547d4497-7700-4f5e-aef0-abca272fbc8c
34b24e1e-c3c1-4a48-9305-8143aac5f81b
5ef007b8-ba08-4779-811d-319635f2472b
ea5bc5fe-3697-4469-bc82-8bd7af443037
20c06fcb-1f85-4e6a-b4da-99683659d821
64b3d693-e48a-3452-921c-2e3ebf5e6969
115a30a5-785f-4229-8fed-470d4860dbdc
0f492e81-8540-4b4c-a481-c526bf75fd80
bcbf90f5-7616-433f-8aff-741080850852
b4e70729-9f40-4de9-979c-06482f8aa07c
83d75bac-2a13-4680-84d6-3eaa2ccada03
b398bd45-5fed-471b-ae00-02d7b698adb1
e7cbab4a-1acd-4bd9-a96f-06ff4ca3f756
6b2d2463-e861-4e0c-af8f-7980092f38a4
ff576b2e-d6c6-4d28-b503-87108a652398
0ac939a0-68a1-4144-a562-78b48c79adb2
d82a9c41-103e-47f5-b0d4-714a6ddcb523
4ade3c3f-e0e2-4dfa-a5fe-b097e85cab20
73d6f8a3-87b9-47a7-a5e8-398e11baa379
ebb03946-5a69-4879-a992-f8a10df411db
90a2df4e-5e45-4b20-8d77-7e3c4b42be12
5ddb0d99-5ed5-3489-af65-7c1ed3626f30
632dcee2-c530-463e-9854-5519e09d9f5d
00289456-13dd-4742-bdbc-b22758005a2f
a7ab47ed-b75e-4852-aa4e-b78efe256aa9
26ab6047-002b-443d-9c07-793edd23e893
6b3c5724-28d4-4e33-b77d-d4578ad2f6c6
f03ce316-d31a-4369-98c1-3874df499738
089fa9ca-178d-48f8-b78a-34a907d4e7ff
8a53a72b-6007-45bd-84a5-e7ef49480399
8bf7a9d8-3f54-4af7-a1a9-304788f23e09
fb020740-a1cb-4e18-9003-f70be6612777
21133073-d078-40a4-a21d-53d2fa4d989c
2be802d9-22cb-467d-a1e3-d463b7a839e6
bcc42ec7-8bab-451e-99a1-1883e2bf20f8
4953d51c-39a2-42a4-be96-5b0d8362aff0
72e51366-6820-4e8c-aa7f-6db167dbfd4d
42c1d0f7-4208-4a87-82c8-c3efdbfb006c
b8bc0f0f-104a-4a88-8faa-57240690950c
ee7b15ba-d172-4a32-b1d3-ec7aefc8fee6
1a3f15e5-0c08-4975-a4ea-c2f993b84b92
2cef68b1-0d36-47cc-863a-640a65d547e6
5a26dcc3-f0bf-406c-b6c7-cc52e2154e0c
b3273495-41a9-4997-8651-b9713accfaa2
dd49b740-7632-4928-adf1-3fd853decb30
75eaf425-4852-4096-a44a-876a42522e74
6279ce78-5680-434a-9feb-15566580f593
0ff9e550-d0a3-49ef-b996-471107204b5e
10a98c06-5475-4882-920d-740de5ad1167
557af7c8-934b-3ab4-b66f-e3562bc06bab
5a764e16-7cb7-41aa-ac34-4487ac37d4aa
e45dc5d0-b8f4-4273-b657-cb2e05a08ef7
24277836-46fc-4e83-9372-d43f8d2c8387
ac7a8684-7b90-4645-af34-ca24f13ceb3a
a743edde-1868-4368-86b7-c98dddecf265
7b16303d-fe2c-4e81-a6c8-b9b758ab455f
e1ffc49a-928a-4660-a253-4ac2c68a598b
6f9a304e-5e94-4f47-80b0-787780d90706
2d7292d5-62ff-45cb-a2c8-c7dfef438da9
2ddf78aa-8890-4ce9-87a0-2101104a80fa
a8bff7a3-6e3e-4928-b943-a265b2bb9773
b70bd195-d4e7-4d46-ba57-7c053351c461
796eb74e-4df4-448b-807b-6539c7aa49e4
05f3ad13-7ced-42f9-baa0-340bbac7f98d
25323205-d327-4d38-b703-059a4cee72dc
2b9f5705-f6bd-48dd-acf1-257c8ed0b9b3
73a85910-2860-49b2-b00b-2ee02d05884c
10d00a2a-0161-41d4-b24c-4864b7d1ee39
62219907-ae06-457c-8ce0-d6625723ace8
0898bdf2-fd42-45ec-979c-080b91ce320b
c1ee8c70-d79a-497e-8dc1-b62bc9e12168
2a70d37c-b58a-481b-b960-73321437df59
056303ba-d344-4923-87ab-74fb7b33681c
92ff3d92-0d06-4e97-aa6b-d5ae21377c91
93614ac8-0595-4438-bbd3-036e474d56fc
aa4d4bfb-9577-423f-a643-828728a0d7f3
74fd46e1-fdb4-4d54-81fe-566bf3290a5d
08d25863-73fc-40aa-9a69-7273727e2c2f
afc05a06-e603-46d3-948f-1d695ab68dbf
0c2cf1d1-759d-4009-8ce6-499a21f1a3f2
f4187be1-985f-44e2-8b82-d5653ff86400
73b20377-3d6f-4218-80db-7c4cfc9be138
5f5c6f4b-c7bf-4ea8-a287-112d4d843ad2
06213f44-aa13-3208-a360-bff6a1df41ac
423dcbba-41b8-4532-8b07-40503215220b
7c9fe3f0-ee1a-4dca-8ffc-0659c6035c84
74fd7665-fe72-3b6d-bbb0-a759dece6457
03312b51-719b-4f64-b130-798301de5212
a41c6a6d-d023-42bb-8583-9805ea427c10
52713ba3-7597-481d-9896-85c1d2ec2eff
df988c03-2697-411b-be30-0193fb3df1d8
7cf17653-504c-49fc-9b80-934a2c6b3fe4
8ef8c764-2b68-42b7-8624-71381d87f14b
a2aa11ef-50e1-425c-94d6-960c19ad382a
bc951ea9-e184-4504-9cf2-01273f51aab9
1abc5a82-85a1-3fb9-ae88-792ad8fddcac
be2cef27-3eb3-4861-b5b8-3fe915876e52
14115c0f-f5aa-3401-8930-b641d04c0a5a
6df7fc8b-b817-49e3-9701-d76289273ef2
1ea4a9a2-e029-4cb1-9fcd-fb7a8f0edce5
8b6f639d-8b97-46df-9612-88ef535bc191
404f7f4e-867d-423f-96d1-5611bcdaa73d
ea5a9a65-a770-4aa3-bbcf-7b0012eb1d11
20b7029a-6c9c-4e76-ae6a-71ccf866f355
9395899b-6f65-4fcd-b352-8dd64d5098a2
5b41309d-6818-490e-ae38-ff695263ad2d
abacccd6-abbf-4001-8323-0d8a9cb3cdc1
3e6c45ba-9989-4e6f-bc3a-63285ae10d6d
cf5c2cec-3562-43c7-a1d7-61d9a2529423
b0972679-bebc-45ab-89e8-f35b006e7010
e53f180e-c706-4fba-a222-b2845c1ee8e5
041d2c63-6368-4da6-9f22-f27d53f835d0
5bcc0a96-c054-47c6-880f-61a8a5392a06
48ac9e6d-38b4-43e1-92d6-c3f44ccab9b8
52430fec-51c3-4556-a5f0-4835ee0eaeed
157f8035-6366-47f8-bd54-169a721f1077
7a8b15fc-7a53-31fe-9ff9-0f734f1a55f6
750daab7-41eb-467a-a74b-6d9f72b09a12
a7d4491f-db2f-4d2e-ae29-0081af2b383d
847210c0-646a-485c-b318-537758e94227
0c41fffe-530c-4f06-93a0-5eaf017b042b
6829306d-5d2d-46db-aef0-682cd9a312fd
a5614b6b-248c-4121-8003-0e2a58244a94
5c6d5e5c-b26a-42b7-8050-2041f105c7b7
27b5f180-3819-487a-af72-880c4e2fb3ce
e7d832ce-83d1-4211-af05-15647bcc59fe
956197c0-1ffe-4707-91da-37660fe8eb52
4245a717-b7e9-4ba2-a46a-56eed1b2ba63
376f0d51-0231-35d5-b4f4-a25b6e7b7ecb
4b35d386-fbfd-4afe-b850-7fbae8fbeab9
54e13710-db1c-460d-a52e-bf2bb22d19c2
a7e5ffd9-bee0-4360-887d-ec4e18ab1d64
241a8f70-acb1-433f-9ddf-79b85020197a
b89365d5-59dc-41d2-9480-4e042b284d1c
a8b68865-cfbd-4060-9fae-a0181b0e452a
795b55df-4a0d-40e9-8458-8af1657637e7
2acd94bf-8534-4edb-ab8d-288c6cb8be2e
00754f96-5380-429c-9a20-50b67d8a51f0
447072e6-0d0a-3366-acce-9e3c604499f5
205aca9c-7f0e-4eeb-a80c-31efe81f6951
44bff814-95c9-3f47-85ea-f488b05f8d33
1237d52e-316d-4a34-8a91-75c88560fc83
b97d1798-cf50-4068-a3b5-e37cbc657848
2d97a5e7-75a3-42d6-ba9f-545d15ac7a0c
4455bd93-dcda-4175-9b21-f278e4e9ffeb
fe2d616f-561a-4435-a275-23e1fd3da649
8e5d7139-69ea-4ed4-abb7-1bb047c378c5
01112e86-0c65-4693-a531-e57dfd08aaf8
533c5084-bb73-4a6a-aa4d-8ff6b7b009bd
b06fbb8c-e3d9-4d1c-bd48-4a94a93a5610
12308367-3578-4bc8-8c65-d54688e5e301
0130438f-1e1c-429e-8cad-b3a16eb00c96
5d450bed-7cb6-4fdd-aaec-3618e0674cfd
354fd317-849b-4e4c-9d36-1c829bfb2217
50b08a7d-05e0-4499-9625-92ee6bbe02e6
4319af27-28cd-477b-826c-58049e6871ea
2777ee3b-36c2-3887-8723-f3e5aa7d2363
ac2e2a85-600c-46c8-8079-fe3e16d4bd13
4727908a-f526-4dc8-a9fb-ecf0e5438b31
460b959b-cac5-471c-bbf2-e6e0ffa22b86
b147a1aa-4943-4798-b043-9cb1274e9aa6
4a3ddfa6-ec55-4703-9ce6-f02366d31e3c
85c3c553-1938-4845-86a0-12e2e8dd3dc7
a4b8128b-a453-47d4-a0da-ce48c1397087
a61408cc-a2a7-4132-a440-7e002b81efae
53173a08-901c-4486-8eba-b9ed7b9ae6ae
a99959a8-7d64-4433-968d-34e923fdf1c2
332f1fe7-9b95-4bb0-81ec-97f67930b2d3
ad798efb-579a-4768-8f2d-13a96a0303d1
bce6127f-3fb1-44c8-86a1-cc2379fe6869
75f47372-de54-4ba1-99fb-f48347428072
3677859c-a5ac-44c3-ad0a-53116d53edd8
ac01113e-abde-48db-853e-eaa22e9e0ee2
00c90f7e-2b91-44e7-86f0-0fa00268e63b
7cee09b5-a07e-4538-b050-9b728eac946e
cece9bf9-5306-4727-ab59-f6411676fdd3
9b303b73-1cbd-4de0-b651-3e3b82f2d5c4
f7c601dd-90ac-485a-a9b8-8d676c87423a
f4b4ea86-a69f-4a33-b42e-ce7767a4806a
14acad2c-8b8a-4ed8-a083-718cbeb4d72e
f741c7dc-be51-4e60-b173-31c982c7f18c
a80c3c46-e3d0-408c-929e-7d93a75057d9
62fedc5a-f443-45cc-bec6-e924825755fa
1de3cbb7-6196-4948-b452-c3f6c54a0bb5
57f2a1f3-ea70-4960-9445-24042158a0a7
7f74594e-2d69-4195-b163-668b0c8e6dbf
c4218547-84cc-4753-a767-2dff65d5ca5b
6909b251-4795-4514-abe9-52499e6211be
7cfc39e8-1e10-4487-93ba-dc811893ba21
5e3027db-4d7e-43d2-b0f8-36151f3bc75e
2d5dc8c9-1e0c-4747-a3ce-d5c80bf12041
50c7e1c4-92fd-495e-bc0c-f43fa5f06735
773717ac-13b8-4071-9863-37ee856ff606
0decf86f-3a22-41aa-85f8-0d8935fad2ee
498a9312-e776-4525-9a9c-3225df3304e4
66408964-3a02-4782-8916-3e3809798e1b
392346bf-df98-44aa-9f4e-2f9002cab895
7437b7b3-dae3-4e6b-9c23-aafe85beda87
d6b60794-13f9-4838-a8ba-42728549a252
591eef6d-e524-4245-bf63-62f9c0763975
98bd39e2-1e03-4140-b223-0637679ceab3
10d53fd0-b0fd-4498-8cdf-41e10a6fc1ac
1923bd0a-8b61-498e-a42c-249418ed5551
29492ba7-2df6-4954-b6b7-c45080143cb1
93e24762-4c57-4923-b6c0-3de0d1661ca9
2902cac3-e9e9-31de-843a-dc2f0e4c3c00
6bc10aaa-e414-4b43-baca-412bfedbaa37
652a25e5-0f15-384f-b57a-4400cb800545
28449ed2-369d-4733-8419-4d64b0d5a05d
8e2abcdb-8381-45e5-b18a-cdb087459b33
020e7a6d-d655-449f-b048-9054d00d0994
058428d6-526e-3a63-a65e-fb646465e38e
50503c5b-ad1c-42a7-976e-ac03e9856518
40893a52-bd55-48ba-a4b8-9cb51f43fa1d
d89ec2d4-ca71-4332-8d2a-ad67251baa0a
6ee0382d-4b04-445c-818e-8a0dc3e9450b
ff08c008-5931-4268-82cd-e91b95c53bb4
5f016caa-556b-4cbe-9c17-67d9450f5e72
404c9fe1-1a22-4c8f-a019-90f48acff8e7
59d0e33d-7c55-4612-81b1-251a71018dad
2d382c25-d064-33e9-bf86-0398d169c95a
34b0864f-9f1e-40a6-a1fb-379d4380c3eb
3a71d31f-864f-4d7f-b20f-5746ec7ddd8d
d8b30e9f-e02f-421d-ba22-04b8e85eb5c9
259ffa6b-ab5f-4974-b880-cccc0255ad17
20a1fe44-10c4-4685-bae0-5ce564e1a19c
e9abb0c6-6908-4bf3-b43b-0c6d21259612
51a33bb5-097f-4c72-8fcd-df33a019034f
4076cbe9-73a1-4f18-a941-21851fdf1962
32b2c762-ee42-46da-bc23-eaeaaf60496e
61afa1c4-5ea0-3a76-a919-bceb388265ea
e922a734-7c1d-44fb-b47b-4fba8302aff9
a3a4fdf9-9dc7-4cf2-97f2-d3addb8f089d
2363c335-d0b1-42cc-9c21-20e9b21341dc
c87b799e-11c3-48f4-a1e0-c67cdf9e5b00
2d1906f1-628a-4b9a-8607-47a215e6e671
d69b137f-b3e6-44af-b25f-a1f4f6e57696
6ee12c70-d29e-408b-999e-19c015833ed6
c8a4c36a-45ec-4ae0-adb4-a6bdc6b89533
1a9f06f5-0f65-4c0b-981e-48bd51b2cdc6
409e7d25-c45c-4127-a303-e6f24c55192d
f6f31b38-c979-4a43-bcd6-af2b6862acbf
70d94e78-34cc-4074-94ad-ea0a12e642eb
1a65b36e-80c4-4692-acff-1b8aa161a035
25ee28d0-4356-4a4d-a314-3bdeb00a09df
085a0299-9d71-48cd-8f4a-716cb3012978
7caffde9-5096-4053-bd6c-d2437e15f09b
2b7dae6b-46a4-41de-a2c5-3e2c557eaf2a
1ab13bf2-6378-3ea3-872d-1a3d724f8954
f95ac914-f9b2-4160-aa2f-f7be9cf8daa0
4ecfdba8-5420-343d-af07-cbf6df2facc6
f19baa45-fc02-4069-90ae-606c1e3af526
6d7294dc-7fea-4bd2-9789-a2f26fc6d362
c7bdeedd-3688-467d-bcf3-600ff69e082f
11e193ab-00b3-493d-8008-9f15c1d3d224
8a70cd07-ffbd-4144-83c1-9fdfddff96fc
3fa36b26-81a5-33f1-8fe2-b4f684e6fc12
62892364-2d6c-3264-a4d6-8c50323c25a5
487b28a6-b0ba-425c-bab9-23f1fa3b24eb
e9f7d50e-30eb-487e-97c2-105695370598
e5a73841-a628-4067-bc83-2e4b7922ffc2
2c5cae31-4837-4790-9185-22c1d5bb93f2
4899225c-21f3-4c8b-b907-7bb878d6a8bc
5ad1da74-541f-4453-8e99-ce8e66899018
b1567391-408d-4a83-a339-8c169782e740
568b82b3-c65c-3a7d-b845-8702105e3cb0
74d3a1d3-7a60-4050-b82a-0132eb97ad71
2158ce7b-fb91-48f5-a0d5-f71e70c92d39
8a110a77-a76d-44fa-8c83-4f6ea2e02894
698f756c-4541-4d76-9bd5-42248167e59a
1a114a3e-b623-350d-9318-50ad5be10fb5
97d47716-c1d9-4fea-baf2-60a0fec7712c
1690e7fb-5340-429b-b3c8-0ab7c20455ae
79867c45-2168-4507-8d38-5a323c86df76
7eee70e8-0f35-45de-b7c6-77a8311994a0
40d2c9d3-d44e-46c9-bfcc-2a4555acf11d
6c411311-29e0-4111-8c91-46ff1d0f8f66
d336b50f-5524-484c-a8c5-c914a20f8064
03d2c211-6bb1-475c-8a61-69246f5e0483
60ebae9b-304d-4fbd-9788-05532656a73c
e1c0a9d5-4193-4878-9a36-989e45094713
19eec75a-b4ea-4a8e-b835-ec7016e119d1
c0ef8486-2c81-460a-9d19-350e4cf78a47
e31b30e4-8efc-4ecc-b3ec-19db19ffa98f
702f3525-ef0c-4726-aa02-399c2fcf284e
631712e5-48b5-4f69-88bf-5016ef205328
63bfa1e7-b2c5-4413-aacf-c61bc9022e65
1ceec1be-2c14-4d19-afac-de93a03321c2
021998d6-2d2d-40d4-ba50-888a0bda1ca4
7833b0da-a1f4-3c79-8608-4c9b11f3efd3
7549a14b-833b-48ea-89a5-8893f67e1daa
68a8cce5-47fe-4df7-9534-beee2b1e49a8
e2e1cf45-ef0b-4f5f-9383-114324ebe919
3c0bc607-b9e8-43d8-a520-038385a97cad
81022e80-4eb9-3b60-b002-d2e54aeba9c9
6d15d1bb-749e-3956-ad80-946cf649b869
4c1abe21-7444-3f00-b774-c15c8319960b
755a8747-7c75-41d2-acb1-e0d1adbb7a17
4975ba09-4ffb-4620-b8e5-8029c901bf10
916105d3-57be-473d-86f1-3235e0bb831e
56906fc2-4c27-4c13-ab5f-bf7b562e4b2c
1fe216af-c55d-4c1b-ac5e-d9bae1f28258
7a548ccb-532b-4405-a39b-57e669c55226
9e576e17-1234-4813-8b05-1b8e0f12636a
699f4af6-7f29-428f-9cfa-353020b58f6a
a6f7872e-491e-45df-b30f-a575911c6655
cd3e8ef6-936e-4654-b793-3133191cb1ef
2d6429e7-a25c-397b-aae8-abb949c84eca
f6a37078-bafd-48ff-96d1-a8adc88f9a36
6fcfce03-f2c9-4927-97ae-364536d0083f
7351fd9d-f9f4-4f89-8423-04ddafc44fae
7e8a8882-0bcc-4f42-9f03-42d03c1f0e79
544b5284-24ab-4085-9527-62325c3915d2
1a381855-0a6b-4283-981c-633d566f525c
2403c725-cec6-46ba-8d43-b7b87834a71a
58ebc3ba-3bc1-3da2-8ff7-2d0426511c10
f60edc39-ce3a-4dfd-aa70-57389932b8bb
7cc60589-1c0d-4942-bc46-616e54845b66
0090501f-8484-44b8-9f53-9f6ecbbe73a4
7db7a7dc-70af-42fe-9601-ea991cc9f653
ba647a44-7f7c-4844-b53f-85523db90589
bdac1ce4-9007-4922-9d36-e878b80bdb04
90e7b378-a2c4-4fe8-a49e-568388a3860b
50bcae1c-3ddc-4bd1-ad19-6df738e9a1a7
02ffddd9-2746-4cae-8676-82eb2e5bf3ae
74945ddc-5a90-48d1-a658-7799ade4b206
43b586c5-37b3-4c9b-bf51-7bcde22b28b7
14ed8ed7-0511-418f-9d73-d3feadddb331
7542671c-3e71-42a1-8bd5-168397468d3d
ff193ce7-c759-4607-99bc-7a79050887b6
43e59ffa-27db-427d-b9ea-91273ff18fb3
46244e8e-fb9e-4a3d-9448-4f1c3bb5b159
46daaca5-c7fa-4db3-a2cc-74e891e98030
de585603-8b1f-485f-8c47-ade4bf7b57eb
5d05b0d2-afaa-3e9e-9410-34237bb98eff
47d2bec4-7605-41c1-a316-2c1206ea383d
aac734a7-fe3c-445d-862c-8bafaf9af70c
b1dc7525-dccf-4dd5-b7b5-7f259ec832a4
5d4278dc-d238-4b95-89ca-87582b59c149
5db96573-a895-45d5-89ee-ffa2a1605f3a
650fec0d-8577-4afd-b42a-47bf8132e31c
dc54f630-fefc-4f14-869c-7c6795273c0b
1aff9ddb-f43a-41b2-a311-2c04b14f80e4
841327aa-856f-49f0-8d0e-3644370c3df9
c04c4c9a-30f0-46ef-b541-7f16f1c1b5c9
0328c7a4-560f-416b-8207-3bd7519659e0
0c8d40c7-e246-45c1-a492-1606d6b7014c
90a46fc3-e6e9-4d41-847e-dd93cee3aa26
9026bb65-fa01-4f70-9d62-be3bd49fdfea
d6608d2c-850a-4a03-ba45-03162fcaa6c1
08f6e8e1-2eb1-401a-a1b6-35d0d734eac4
d335227c-542e-46a4-832f-2b988ae2e1f5
4f223b22-c4a0-4ae8-8c74-c2679ea4eb6a
b5370010-cbe9-4948-8342-42ebed8c0554
0969bab8-7ffd-4297-94c0-08ac9a11ca9e
61217f61-0333-4004-917f-3649920534e5
f5675233-21fa-4f6e-9f0a-bc1d5ba45e63
9f0d524e-3bed-45a8-aef4-042bb706e70d
ad0c247c-fc44-4c06-bbec-25a87c4bdefc
905dcb06-c639-4170-bdbd-24ac9fc45a81
fb233056-1437-486f-9b10-05c6ce9e6e56
45ce7918-611e-41ac-be6f-3ff01fa26869
1e8c9540-406d-415b-ae7c-47743f6c92ac
4ef5670d-67a8-4216-bb08-93e97d3677b8
b3393f71-2044-4dfb-837e-fbea00fab9b5
6becdf72-2674-43de-b10d-ea8492bbe90c
a9a780db-eac7-43c6-b937-e051cea23684
68f7b11e-55bb-4869-bc6a-2081cd575f93
2b858658-1f3c-43da-b428-cabae22c8db0
60999d08-1e04-41cb-a830-f909d0f61ae4
81848c23-1c7d-3ea8-a764-e9caed065190
5afb9006-256c-4e28-9c3f-8eeb10cc2994
5a0f473a-5b91-4f8e-91e8-a9429d0fef72
7f7a8610-d4b8-4a98-8955-c98b1a34c6f7
443a14f4-44ba-4e1b-a73b-c8fa77e92e21
06cf411f-a021-4bf1-b417-26ca819591f7
cfc4944e-bb2f-47a3-9340-deb6998ec92f
216f7336-4e3e-4665-940a-d33ca4afb0fd
9b12433e-2224-46fb-8833-4bb9fc2ddd96
c10091da-781b-428d-a1a6-b23bf4391671
77cfb369-499c-3f0e-93a8-5c1da9dc380f
01b981b1-82ce-45cc-8602-a49569ec8e0e
1dd88270-c9f5-4c73-8c74-5193053cf0f6
29ff5eb5-53e6-4c70-8f7c-e6f57ba4bc32
3e073b14-1677-4320-9b99-7e21ddc6066d
794faad8-3dbb-45ea-a753-eedf1d1f7295
060f87eb-3b9b-4131-b045-e7a8578e8c1d
676fa7d1-23ae-42c4-b234-6a9d4b08e9c0
89cf2277-36bb-4b2c-a47a-9f06b98b3b34
06d3b5d6-5fd3-478f-969d-9f322fca9705
8820db20-7182-4ec9-ade5-d9e05bdefc65
05984bcb-a6bb-4fd4-ab8c-780edab8aa2f
be1eeab9-bf0f-44dc-af86-03f674fa9bce
2b3562c2-03a7-4a81-92d2-e658f31b11b9
d0b20d67-e033-4418-a7c8-5c58b8c77bae
110b4d90-3f09-4874-8a9e-839a6194d6a3
445c75d6-3d2a-4e8b-b348-1391c548bd70
477acb1b-c703-45ed-9e3e-50756027ab7e
8cc6e458-7470-45d0-93e9-7663c4f9719f
8c348ce1-8f68-4126-8fdc-022843ba0bb8
293b0f61-70f1-4e66-b381-70c3cf3c290e
793506bb-13a0-4f1f-96a9-04b600300585
b73146ac-345e-40e7-a975-b90be799e224
fec8436d-cf62-4a7e-899b-3bea10deb5ec
8da6d336-60e5-498f-9aab-14c1a1a09c49
50e0460a-4b18-42b5-8eb9-e58953177b61
7b34a8cf-fb97-435a-9094-85f31e00a485
835503b6-673a-454c-bea3-85f52d24bdd3
4a8b2e50-451e-4ee1-a509-697f87481545
064bdaa9-b5a4-4c51-a8a5-bf56e37e61d8
e8374f92-2606-49d0-9c09-52b03d16a163
022cf426-77dd-4300-8fef-3d256991ad61
c18d1a3d-c11c-4d6e-9be2-d196fed48e82
c8c4ce87-381e-41f1-94cf-64661dc5dc18
82545c5e-ab4d-4a95-9942-9cf0bf65e00f
806a3644-ac12-4b1f-a69c-6285bc0e28ec
a5c38131-14a7-41d9-878f-916383285f23
efc33661-bb62-4d9d-9a23-221808cddf65
16b696a0-c570-4796-b43b-a8eae0892ab2
51e09242-8239-49c7-bb79-2f235f4da833
6b6cd42b-bb4e-4d45-8f36-1dd6cb7e7373
ebf99b54-5dc6-423e-a9a9-f957c9124cc0
5812b1d9-ebf3-4915-9a39-e37920945199
c0400f98-e68c-47f2-84ee-c760323486ec
55ecdc0c-0965-4c1e-9047-195a695cb4bf
0cfb3592-473a-4647-8767-475ddad8fff9
414656da-57c2-419e-afb2-d571521f51a4
56bd94af-7f97-30de-98f2-e50af27d0c5a
cee77dc8-ba79-49e3-adf8-0f70168dcead
7628153f-abf1-4569-8829-6004cb29cd0b
6643c782-8aee-43d6-ae77-00e1c6de8d40
cbcdcac7-0bd7-4068-a94b-6c5fb52639b7
742e05fe-6602-41b3-a17d-663411244c5e
589d864a-67dd-462b-aa1e-43b3a50d7ba6
e7cd13e4-8417-4c27-941a-a9e481801c28
2220bef3-61ba-42d6-881e-2f3df67f83a3
3139df53-a489-4508-a569-da3ac0f3314b
ea3dd2e8-e8ff-4a2a-8ddc-149cbd3e9402
ce85ceee-1b24-478f-b5ac-44bb7effa9d4
527c0abe-71d3-4129-9521-d7a618f172ca
d398b084-03cb-4457-bb44-da73540ee796
557b3fd4-da5e-4503-9592-ca65a9648a1e
3f450e64-5d7f-41ca-890e-c48433aaa4fc
72db2b25-9bf3-4c97-9fe7-dfd96dbb833d
9e5e579d-95bc-41fc-98f9-8b02c4bca4f2
7ec19d9e-19ca-31b2-a4f4-93fb12a9f27b
e4523470-d2fc-4e14-9e94-413100f9a059
926e9042-fe14-449d-bce0-764617826477
47c7dbf8-9e99-4707-a03a-b089fa0a5949
39aa13ff-3ec6-49e3-837b-57b6b2d5f960
c3e5002f-9690-46f7-8ce7-206b4c01edcd
929f3ed6-f255-470b-a5cc-bb73dc0489af
286bcbb5-0b8b-47c4-ae14-b5f71d4136e6
0a3d54c6-c030-444a-aa33-4ba6db9110f6
66dc3538-e02c-46d3-aa7e-f486dc97d406
7200c9a9-0ef1-40a0-b9ab-6773f2d34a81
78fdac59-fa5b-43b9-91bf-daa55f6e7bb8
c1b79b0f-06a8-404e-9463-e22c10409e0b
7e908400-800e-46de-9e0e-3d468c91ba90
0911df1e-413c-4f2c-81e3-9660926c10fc
8a9c4084-e0ea-4c68-9963-1fba95bfeecb
576b23e6-f0a6-4b24-a87f-81475a0513b8
1c092622-dd26-46eb-ae80-8b43b78454a5
1e323e71-b339-4f5a-9d20-f073f8b7b946
5f4ce808-c936-49c1-a65c-87a48c3b5bc3
b2e724c7-33bd-47aa-8113-af03aa790934
cdc5ae7f-ec28-46f2-a253-7db08340ccb1
291e9524-1c36-485a-b489-ad83000b4289
5f390289-f1a1-38c3-8729-381f368f122d
3866379b-9add-4643-b39f-f09284254c85
60958e29-d2f2-4ef8-bc75-6ab797698bdf
5b63924b-8323-4687-8f75-93f768e72628
0639d4c7-1ac5-4631-9ec1-4d7808a3e360
c3fecd38-35ee-4f2e-b505-c3c72762cd60
5e42db5e-3361-468b-8d82-d9c35a286b21
6dcfcec1-7795-4324-a032-a32e2894550d
308e6822-a41a-4e7b-bc9e-e0cf92f35b79
5dd82a41-61b0-39df-b8ac-007f773086fe
449e0248-fda8-4ed6-9078-6da052da19d0
816a8b03-5a6f-4651-84b0-2b73c2e11b23
19001862-72fc-414b-82e2-f2eafc343a09
625e15e1-abb1-4dce-945d-69440d0c425a
a4fcefc9-475a-4bde-abe2-f150c4a99dac
895d8a11-aa16-45b9-8228-696c6ee54b32
5496da12-d91e-474b-954e-a9411e832aef
53cad1d0-9969-4258-9889-900d8967430a
6672409c-e786-42c3-a679-a0a27d1691c1
5aa84345-6b02-4d43-b87f-eed0af5c3db8
afe3b21f-760e-49e7-a216-a8215346b68f
76c5a6b2-0a6c-3a28-b627-0c2babaaf934
d4ec48b6-6c6c-4925-a60f-c5c75dbad291
c644c60e-586d-4ba7-88b8-29df766860f6
c6930e76-6033-4f02-a85d-b057e2ab0c0e
2c12b4a1-a364-4653-aee1-fe96c466a98c
f2ecc636-3b30-4f45-96f0-5bd3fcd85a1f
4aafdd05-b120-4722-92aa-8dab3d920053
082f1f77-d72e-431e-9ece-99a6db089a70
ba2ed410-f349-4ea9-9ba6-de9f678c68af
a80632b4-90d6-4527-a7a1-28df26a72d53
d28901bb-b237-477d-9e0d-aedd4783cb01
f6f83e87-1924-4688-9d30-a9eced33863a
c757c32e-17fe-4776-8ff9-ba828726297d
5e93fd42-7c32-47eb-9071-e6e325c9303d
125e34c0-0d27-3f7b-80a0-80709f652073
cb1d9a17-aa2b-4f71-a3b2-97e2dc0ccf2a
5a8b91a2-355f-4045-aa5c-9340f5ef73d0
9b7ba8a4-834b-4848-87cf-02dbf8920133
2a0669c4-76bf-419d-9b90-b808cb245224
5b5cbb1a-9216-4e14-994e-9f3f374b074a
c6477eff-05e1-4022-9c94-7f773fc0a1f5
731509fc-6200-47cd-9e69-5d8ef55c3f8b
4ab299d8-9aba-3c95-94fb-be22b71a8161
308fb003-2d83-47ae-b75f-f0eb1f0ff228
4f5f2706-c5fb-4591-8926-8cf7c5ab5ec6
2f89742b-3c18-4c20-87be-f0a67b7a7831
73691d26-2249-4c48-ae64-454b184fcf4e
1fba3582-9fcd-4609-bf19-3b8bff77a5de
4e4638cb-159e-3d49-a622-fbac394102e5
32da4597-05d8-449f-812e-cc1924a03d75
24ac0705-9227-4780-88d9-c1d9426935c0
047b54f0-4ee4-406f-a25c-b3f12cfa88a1
6e6bf386-cd00-3b40-babc-61f3bc4f1946
790e4964-6e12-4e23-b44d-19df9a2fe4b7
75c0391d-61cf-449a-9a09-b1550c8b5cd6
5748daed-f471-419f-b5e3-5a24a3d8f3c6
bb1ec6a7-85b0-4b47-8637-2d22d39515bb
6c04211f-96df-37e7-a700-b1155fb24923
36932e04-26c0-370a-8771-60ab821e4a63
1d6852d8-305c-3204-9880-b6a283f74f0c
1d8597b7-314a-4630-981e-5774da17e202
779b8e4d-5888-4f5e-879a-0e072d6d9791
68e45537-a212-4fe7-b43d-109d43437eda
07c890ef-e6f4-4739-bb42-ae9cc9dc3ade
ded01c90-1a6a-42a5-b340-9e9972d83ace
bc00e4c8-b175-47af-99a1-6b580d8e8533
f6564ed3-2f2c-492b-b0b1-6c78cb9d66eb
a6114840-bf3a-4f05-8ab5-47f1109ff162
1e22825d-bea5-45dd-8daa-84bf1ed41974
6486b048-5518-4561-a3df-5449b3dae62b
373addd2-56f1-452c-a36b-10c5e8a6da28
3e71de39-8a26-4124-a3b9-f3a13c7c8512
05929327-fc23-4b20-9741-b94c24c2932a
488bb246-4b78-4a4e-9b7e-27ae5380d0d2
c9856517-b011-42f7-9a40-5da16d0b6f43
2579e690-d251-457f-aed2-175651c1ae9c
584813f8-173c-48fb-ac50-9967e2f43a32
5fa8b518-64e2-4079-860b-8e0a3c492ae2
163c8606-0607-4f3c-a1ec-e97c17f11be0
d477981b-fe72-4dd7-9516-cebce140b0fc
4d1bb8ba-381f-4944-935b-29a015bb619f
c2be36fa-91ee-44e6-9235-e044981d1746
fdfa6107-573b-416a-aae9-968ae7a96b5e
5f18b2c3-e6ce-4d48-8ca6-42ed4a04b557
8cb61cda-3cc3-43a3-a845-85ab017a97a5
7152d3d7-463f-4e37-8419-ac72418e3de2
5d14a606-d902-44e5-9d78-c6112043cc79
56a135e4-e4c5-429e-912e-ee4542a24450
2d8e7040-14d8-4aba-84ee-356a1eae11e8
f380e8b1-0f97-4966-bceb-d730fa53f01c
067772b4-1484-4d66-9ccc-2d2513ee93f8
9506fdca-4311-4cd4-aff2-2ae7f32235c1
27fa631e-8f81-4712-9f20-2e2eac0b1168
026d4902-3efb-4d3e-a5f8-dfc7998df47b
65a49e31-1bb2-470a-9f55-01e842a49cee
a2b4213e-fa5e-4e7b-bf5f-e0767a6bef2c
6785fcc1-27e6-4fe7-a609-df015e5bfd05
595044f4-bda8-4262-8de7-fb9119dd679b
4f29377b-3127-4aa2-a082-89df9245f564
f08a44ff-5840-4d58-ae07-f21e80e1194c
6e50c51a-0156-4028-be70-5c307953fde5
5c8ae2ec-70ee-3975-b722-e30e7174c3c6
058ea086-ac00-46be-91ab-e60d684864dd
5598a511-6cbc-47ae-8ac8-c7b8fb777530
ef8be535-4561-4923-9bc4-e64312dda48d
70456aa8-10b4-403b-ae01-8f4f2a288e1e
3407b527-0a61-4360-b4b0-917d905f82aa
842dd2a1-f34c-4411-9bf4-8887fa5ac8aa
7cfd281b-f3d9-4caf-9252-71f2d71026f6
478e021b-a2a5-4051-85b5-c2f6c8bfc677
1270af0d-9133-447f-8556-aedc9eaa4d0b
ec7cc634-7c95-4f0a-a12f-cc700c5010a2
5dcdeebd-5b85-4d01-abb9-dc1b38c7a778
5ff46298-7b9b-4ef4-926b-f6a59490f796
140096c7-ce2a-410b-a8fd-b2f771a540c2
1f2c5a0e-f031-4c72-b7cc-9d60390d1c0e
0e46f349-afe4-4970-ba3c-48ac7665d8f2
a520a8c8-1df1-459f-9927-eb47a454dd89
00d778e1-69ff-4165-b026-ba56d74b46ac
085e4d1b-f84c-4a5f-afaa-1fb07261f9b7
cfe23b78-3bed-4aee-bc56-c01c5be5eb29
1a258aa9-1d34-4a88-a801-3c94adefd3fd
1a8e0879-55bb-4eeb-984d-b1ffa2bc44ee
170ddd27-66a6-4772-8f5b-5c301b58a330
ea2b19ed-c033-4885-8ae2-f6626c96164b
56eaae01-bc14-4eb1-a1d9-75cc4bb7f0ed
afba1a29-9cd3-4f7d-8771-1d78883ca7d5
69d929c0-b3bc-4df1-933f-944af1e59160
5d5cde24-113b-427f-99bf-bae0aacd9afd
281043c7-4430-4b31-91b0-3c24f1bc13e6
7eb8707b-2853-3455-9c6f-09313fc2b4e0
0872d011-e245-30dd-9fb9-3a8051093361
0e699251-a38f-4a93-8ddd-e465504cdaf7
00593873-bfa3-4cab-8efe-3528312a6257
4a5e3b4f-7e00-481d-a666-ba5f5cf627be
fe39a502-4349-4ab9-a8f8-471557d3dc29
22b3c7ae-7661-49e1-91e0-6dd3b1a06fb6
2a6200a8-d265-4c47-8e23-bab584b1e4a2
287e4cde-2209-4d5f-baf4-3b1077a01172
4ef6afe4-115c-40e2-821c-dbaa37785467
e3ab95a5-68cc-4ff7-980a-233e4ed13281
661e51fd-f842-4ae8-b22b-81b9cf9b264b
abf584ff-5b23-4adf-b5ee-e2a5b087decb
1a06af05-9dec-4e14-b09e-3e9def0f4ad3
0561f98b-635c-4d62-8ab7-c7724511b785
4e64a24a-10d1-49d4-abd5-0300653c8126
6cb4a725-391f-4b19-b54f-ff4f54bd8b39
e4242664-6b97-41c3-8f67-cb5045d98d68
1b7c7f4d-b801-455a-ab56-8e29286ea59c
c4d463e5-67a1-4e2e-ac3a-464660039dd5
a1bfa6b1-8575-4da3-a91e-8c45288432ea
5c84e17c-a2e4-48f9-8b00-bcaeaaa9373e
21fe6489-540f-475f-b7f9-7047569dcd75
ee2879d2-1c30-4669-9936-9beb37b38026
7e2bcbc7-e16c-433a-810e-87b896f14ca6
685686ef-42b1-4de0-b09f-b539d1a23d5a
c44a20d4-5b0c-4d34-bcf9-4d408ecf4bb2
1b7f778c-b1ab-3f1e-8653-8349544cfc3f
7a2608fc-73a6-4cc1-84eb-bef1abf8f933
1ea566c6-6d1f-4aaf-b2b3-d1c8301ef13d
0b06d9e9-5850-42b8-9d41-298cb70fe366
9fe7e3db-4713-48b0-8d3b-ad182529efce
30bc2d85-ef26-45d5-8fcf-f48d23c49a5e
c3d16361-36b1-4954-85a4-2f8c64ab255d
0ad7bad9-c1fd-4057-a73c-a6296202a479
9b6b95c9-6cf3-45a7-ae06-680a5278053e
09d273b4-c8cc-4f51-8cec-68f8838d6bb0
eb1c8fed-fdd4-456f-86e8-c49fcb3a3436
74c0a336-7cd7-4d7f-b89d-015ae3914880
ecbe987e-9923-48e6-9ef3-56af6d1b920d
e8a4a08d-0fe7-47a1-acfa-33f33dbf5a84
27749ead-7e38-3ad0-bc3f-cf4950fa6dd5
6c04bf86-0d38-4ab9-9d52-d6c54b3767da
00e371c6-da47-429e-b0cd-2ba243912ee8
6781a962-7ea5-4119-9a48-7147e936e19d
e2dcff66-7c81-4020-9cca-ac04b7af89bc
71f2fc44-a558-4633-88d0-52c66519b966
2c325e75-6597-44be-8c2d-4c1450be4201
5bead3a8-0491-43a1-a5e3-8b9b94b74451
196b04c7-206b-4d72-bc1b-85cfb21420f6
12491fd8-0e23-4f2a-bd9a-d1ec4b203565
3a86829d-7760-448c-b7a8-ccccc190afb5
7d8422a6-aa67-40d1-964e-24dd90d851ea
39db4689-a84e-477f-9fa9-e019f0412b47
993edc54-006e-433f-a999-77d2f7f1b4ee
4c62cc59-5d3b-4c36-b7df-d6dff418073a
20d89bee-1cd0-4fd4-922e-b074046c1e14
6cba5d73-37a6-4298-b6b3-04f485b2174d
a78afeff-38d4-44f5-9ed4-4acb6c9e16ac
44e1a843-75e9-4214-b376-c04b97d5a014
a723b457-7c26-4cc8-916c-0355a5690fad
fbb79ca8-b1c4-406c-acba-9da788020ef8
5ab6a9bd-8f66-4a50-9ae1-028566c1ab73
4ab50b00-4880-4980-b663-c5078bf7a227
fab0ea41-c522-453d-940b-adf66bf0f86a
dbc49bb6-e9a0-4ffb-8fce-c4abfe1d0bf1
1dd396cd-9d00-37c3-a2eb-eaef7b2124ac
0b6b6c39-4388-41d7-ac61-265e567c75e8
0fce5e23-b2c2-49a2-8712-ea6a1af88dc6
318dddc3-d975-444e-951f-ca81e2ce0e0f
94ea3c29-2066-43b4-a900-80b286410a0f
d89054a0-5501-4470-87b8-85056ce6bb0d
ec601a37-6c67-4d94-8e95-9512673f5a8d
29e03813-a974-4241-a643-22c38ff69172
61122718-1c67-4abc-bc6b-48b78f9d1fd6
538c5543-06eb-37ad-a3ec-e48a92b806e0
47dba9b3-0e38-455e-9d48-6ca79a31d0ea
7928346a-7078-466e-91e2-5f2a38ed2cf8
6c5db1f5-380a-4fcd-a2fc-b17b62a5b176
07d2b86d-bf97-4893-8427-13e2a61f1fc5
20eeba56-cf65-4738-8d1b-76cc473cb018
b4739673-d393-452c-97f3-40f858bc4460
cd458c7a-5d0b-45d9-940f-8971a7b18d51
7144f0b0-660e-4451-887d-da8f2285c28b
4e32c0c1-7ba6-40d3-9d8b-be5c471b9ac1
de02d2ae-d918-418d-afc8-5a801c61963b
7714d6f8-bef4-4ec4-ac6e-deb6644801ff
f041de2a-4d3d-4669-ab70-84c24373f612
250d5f66-17e6-4470-85f5-201a4d4263bf
80f0ef7f-525e-4153-a8c1-373a0ff231a1
951c6806-3556-4116-887d-6d185b3d84b0
22daa173-eebd-4d39-a8e1-4711c0bf3cd6
4df2df89-68ab-48d3-a042-e730ba05aa55
dce6c138-1b81-4a6a-bfa6-2565313c784b
47f83b79-4c11-4e0d-9ca7-9af47f191338
610419be-6a45-462b-852e-f76413e99dad
ecd3141d-7753-4ecf-bc9d-590ba78cc465
9270706c-a301-46e9-b3d0-59b14ea3a085
23c21d6f-f275-47af-a8d8-a64910fcbcef
21f3e30f-6168-4172-85b6-7d23174aa582
77af486f-a084-41a8-ac7b-58fc6d04acc1
437c76a9-0f16-326c-af73-1416f584c018
af4566ab-f47a-406c-af9b-36bf3bbaf3fe
5b76af59-ae9e-42bb-a4ed-b46d3238d1c3
6f5fe168-2150-43ed-97ba-8d24fd3fe69a
7af70c72-f14b-47e8-b346-3cf98836fc17
60c13bc2-8703-4cbe-88d5-36b63f3c9ec8
42170c8e-5a84-4565-b739-d59e1ca94fa4
a675f80c-b4d0-4429-8919-73b55e89a1b2
3818dfe8-0127-44f8-af3b-6d6742a24f30
70208dde-87e2-499c-9ee3-454a5ce97d2a
5f41adee-8f09-4431-b246-6cf93d78f4d8
bb605b9c-064f-4401-86c9-3c68d17dbb9c
23a7cb80-0331-33d1-bb9c-557a74821587
28e9a53d-28be-4d2f-bba1-6ef80204cd69
b2110add-eeeb-407f-b7c1-eecdf697aa84
d599e0f0-0b03-401e-838d-6d7a67228a35
2213c5f8-7a10-4029-8d4c-1cd44559a5a0
1beb58a7-5212-4f2d-8f2c-e087b5d88b44
2d5ffffd-9294-4dfa-9200-68f65d449a7b
7df23cf5-1e4d-4c6c-b680-84c80e92830d
28de5ed1-2567-3bb5-bb7b-7fb8c41ca50e
59f2792b-9d76-42ca-affe-6bb91c4aaea4
65220997-f0e3-431d-8544-e4c3d6cb64a9
ecdd773c-5684-461e-a811-171085d8730a
a32b0fc2-b052-451f-a741-7f3af815f1d6
16cb7de7-b323-43d7-abc4-b10af95649df
2d206e2b-325a-3780-9304-3dbdf37b7d8c
f1c1764f-4627-4382-a546-2bb071e8ebff
c6baa1d1-4870-4228-a0d9-95d8022c0a76
4203fc13-d392-46d0-8196-d8bf21b1fd9a
3c745827-c719-4ab8-a1a1-0f1ab1b9d7b4
4c0f8629-a4e6-4a9e-b8d6-7012f3ad4c69
62c0ecae-e88b-424c-b2ce-fddf154f6e94
80d1eb0d-3d7f-44b6-84e2-9a3a4788d006
a7ec7080-7972-4dfd-9ae4-9f29e5d2a4f1
386f64a3-b66b-4f6d-b09e-b57fbae35a32
8bc6081c-33fe-4d27-a977-2ab8c98475f8
5f76fa2a-0a88-40c8-a7af-39cfc01aaaa2
1e48aeab-e7da-4928-ab26-0122ebfc65b0
1aa71039-c31d-41c5-bddb-e9bce0adef45
76183784-e968-443d-a3ac-3f25e8609e23
9c04ecc1-8cb3-4203-af0a-e155d61ae70b
dcda2b87-93fa-4056-95e7-f7844785e187
2a821bb0-4c82-4b72-9974-4ece7f2d2316
56346505-d188-4586-a21c-f39b05274562
eddaa6f4-a280-426c-887d-447889d51461
44939d48-a0f6-46e2-becf-83a77ac0e6f5
66829e44-415f-4e19-9d58-0564eb8f42eb
b9313455-e3ed-4b51-a5bd-232d453121eb
130dfcdc-c79a-4594-8c94-12faf8f537c2
8282f517-02b0-450d-8d9e-078212d52b72
536437f4-e3ed-4b31-b839-f502a8778150
42de14d1-7d7e-35c9-ac44-fccac9cf19ba
186286b8-93a9-4da6-bc7a-8002a3dc9204
b15ef965-5679-4eef-840b-18063de82a68
9e458241-6611-4562-b5ac-99b9b74e8c54
603dedd3-3ef5-4ab1-87f5-fd93182150e8
20f9153c-a7ab-4d56-a8ab-b39daaa0ba7e
21bf59a1-ff5f-40a5-8700-df838dfb2cb9
080d9677-bd32-4bf7-b24a-217b21c0ca52
8d351170-7ae8-4080-a1c2-796980d8c463
501a1164-cde8-4261-9ba8-cd5ebf59d6c4
5e5731fa-3e5a-4169-bae3-966c08290aac
1bc67d0c-4744-452b-b015-41ff24d51613
53882316-252e-4c87-98fd-e42247f74084
22bc64cb-8240-4092-a2c4-5953181517a2
46b28a7c-2681-42bd-9b22-54be8a2f2d0e
cf5072d3-aefc-4c9c-ad12-56d6546e860a
4a2df868-c5f4-4a55-94b8-c28408b710e6
e664d640-6a5b-4d18-9d1c-b28ae9ba0f28
021b6af9-a974-4f7a-bf46-e2e33615e733
04c00959-e681-40f3-9da4-159a4e298b09
9fd8f2c1-293e-4ebd-9376-294ae52f3f58
209e7adb-6943-4e65-9eac-9f23306690d1
fcf6e2d7-7215-46e9-a957-73f47accebdd
1f286ffd-7bb7-47a3-b722-d2b30098782d
84ad8cbf-d1bc-4d19-b96f-d9e89652e3cd
28678d69-d2a9-459d-a096-e9b7c8a2cfc8
0dad7f30-4de1-4052-b592-e01344818bb9
4815c3ab-4ef7-4985-a354-c8a7fcb14576
dca5cf61-b4a6-496c-928f-890bbdec31fe
2cc391e3-020d-48fb-8b8a-d37aa294af3e
6d9b2c0d-0aab-4a55-9ca5-24b8f6d87eda
82b10620-66a0-474a-9667-c87bd8ea0c7a
6dc9ee3b-b184-4b93-b8a6-ae0bbc00f12e
6997e6e0-758b-42be-9b48-5475ac9773f5
9c535c3b-7700-4ee9-bd00-2e81212090c4
7dc13931-2c24-3ec9-99fd-d67875b02680
a0a9f9d8-de26-4768-beec-cf31ff07c272
c1e3919a-f707-4bc7-9b0b-e7c13c315bf9
1d24fd7b-4ed9-474e-8155-ce0d9def78b7
6aaca249-a267-46c4-90d8-13e0e3654b83
8506c3c8-5d05-464b-b1d0-f416b5a2b2a4
0d032759-bb24-4a3e-98c2-74e139ae56a9
4268d448-ac98-4084-9c3f-df8ebda787d3
f95c4da5-83ef-4123-af9a-3b17af255a66
0fb25207-a5bf-45cc-8b52-cce170f682da
70795ab4-6613-4f2d-9010-b5c2e660982c
599a4c66-2c25-4b7f-9064-84e033d1fccd
75373602-61ce-45df-8a9f-de721e3e47de
6494f33c-0c80-3b87-934f-2645b515f81b
61fae47a-8385-457a-920a-e462339a3381
ea720506-d8df-408c-a127-61b20b1a44b1
f5becbc2-b8f3-4689-92ac-8aecc4a1bcea
e2fbdb1e-a6ee-4f0e-aa52-bb294b8ac3b0
565d9237-b322-43ac-b0e2-c6b47ea728dc
eac7db5f-1b08-483c-9f75-eff57db3f186
4d5a0347-ad0b-4296-990d-06b4fa622ba2
ec008c96-5096-4125-83cb-89c997576bf5
69a248bd-182e-436a-b4c1-01eae7b06156
261e1312-1981-4dda-87bc-458a8c68e007
47a20db0-13e0-4e6a-86b6-6db0d6ec2df1
76a2be55-eb07-4665-8a5a-19c03aa2f6c6
258cace4-4d87-4cac-a4f6-1e47e3708f73
c0788841-1b48-4385-9a4a-339067161642
9945538d-a0d3-4a8a-937a-47dbb8329da8
e6731970-b449-4537-ae45-98ca4baa2ec3
b06fcf7a-34af-403a-b2a4-cf985ca9c016
4208bb28-b006-4701-affa-c5df5f1f2f86
d0dae903-414b-414c-8bfa-8f105e79844a
5a50e751-cfb5-4ce1-9900-181cbf8e7898
022378be-f0d1-431f-b4b1-0f75f0c4397f
b862ca4b-207b-4e8b-838b-c99a5e502daa
10f5a34f-ae03-4195-bdb3-1b351eb00555
6ac7b3b2-cd64-4de9-a2fa-a09bf3513ada
10d8b28c-5bdb-4e06-98b7-666404ffcf9d
2abc7203-96f0-4323-9c68-b329de367474
e53fb75d-0ab2-49bb-8534-e24ae64342fd
6c5ef170-3b11-4e6c-b20a-1b7cfedee2c9
08a0aeb2-cab2-46a3-b392-9f69e7c2b823
e45372f2-a22d-4769-8f0e-afa8e4117970
653efc24-a5c5-4f94-86d9-1256dcf4bc28
1a9c7a98-758b-4faf-aa16-33f821380f98
1ca3a1ab-5cc5-455e-9ef4-20fdc5af03c2
d5dd7553-d4f7-44b2-bf12-9d452e47eb06
5a97cd90-ea61-40ff-b679-9fe94c540dd5
9c4c6119-3055-45fc-b7dd-98d4ff0036d2
172c35ee-d2c1-4176-8201-67b94892bc3f
44979314-e61e-447e-8b07-d96ef6a59a9a
cee9eff2-0f3c-4968-9c8b-ea34f976c0e3
f19829e2-601b-4118-a179-4e65ccca8279
b99335b6-10e9-471d-acf1-e167ef80419e
201b249f-fe30-4b4c-ba29-a11cba3a9386
00859a4c-8945-4665-92e5-69ab8fba6593
c4398699-80a9-4a67-8afd-34eb540e9d7b
0daf8303-95ae-426a-bc31-efd3fb007b79
3ffaa0a4-3ff5-364e-afec-0835c098d1ff
7d0a56b4-29b3-40ba-970b-850a5791f020
08eb8501-2902-468e-b3a6-6e31e423edc2
5c226f2b-aad3-4371-a3f9-ea2ee9a63327
0afa8ea8-d8d9-4e55-8e6c-f47362e6e2ac
2a13ae2d-b9fb-4dfe-9679-762afdee3bde
8fd16bfa-d663-4ed5-b2e6-7316638fb08c
f72aa1f8-ced5-46b5-a07f-936b4b79689c
25f9860f-0f9c-4c6a-b01a-bce9cf82d97e
10ca3772-1dbe-4359-abe9-a133352a72fb
262bcf58-f0c2-4a7a-bd98-aafac3be14a8
67b419b2-41df-4b94-a8b6-440455819427
1573c3f3-8fc8-4db1-85df-cbebc58a1bf9
eff633b4-7db4-4a1f-ab34-16cd9b359d11
5d8e7816-838e-45d8-b0db-5cc6f503cb22
4904e47a-a6fb-4432-857b-ef0effe9a515
57623643-7105-4f0a-8f13-fed9c8723972
78b061ec-31ea-3227-b8b4-d10dd26ba7d4
8c3b228f-c321-4bf9-8ff0-316daaa5f2b1
226745c3-3118-4501-b90c-8f7f8a89331a
13090815-9f7a-4150-a7a7-4108454f5251
68faaaf2-7e71-4f9e-a0b6-1ed4d6291775
7d33f5a0-593a-36dd-8574-e85c1e592b4b
a267ab5a-f651-49e7-b4ec-4b85fc30e5e2
d9f23e6f-d4e7-47a1-9739-377dab56848a
191559fc-ad20-40b5-8390-2dd8b9b00466
07380e1b-c6a1-444b-8223-c6626e6c10b6
1399ddc7-5db2-4ced-8fd0-9ceb7f5be05a
badb2765-d81e-4197-bd48-276ab66f9818
47c219c4-c2e4-472c-86c6-ea3f00b28fa0
a2c84eb6-8c78-4082-9532-e00350b01434
72e91db5-e92d-4e24-a96d-73f957cb822e
fece5db1-0118-497a-a482-6b817243ff2c
3d855406-9af8-4932-b592-22cd48415d54
145fc897-83b2-43dc-9133-83f415995bde
dfc77c59-b8b3-4592-9f75-8e5e3b722779
2db9e7c7-c7b0-40fa-954f-3e077645fe8d
ba90908c-b4d6-48d6-a070-b96793e762bf
89dad353-299a-4a67-8048-145ae09963cf
237836b2-7d7d-4469-9672-dff828358828
2d9188df-b68c-4c52-b107-9d035451a959
2b36a187-3c66-3cef-855c-2158aa680b81
23da5e52-d5df-4007-b419-27cf43cd8644
087ab7ae-de84-47fd-b420-3dfa3ddd9bc4
15d9cd02-9336-412e-a078-c5c0cea63527
10406246-0e6e-4156-bbab-74649aac88fb
6a3affc1-5644-4dc4-b697-a4222603f26f
dd8c5173-8275-4139-8022-6509d4c8aae1
1efe7e95-cc20-467e-a3e3-abc002af67ce
07056bdb-8cab-347a-b55f-cfafaceec5c3
4a45a893-ed0c-4f36-9941-31fad9d03e53
fe8f3664-81a2-4378-8125-b7ec392315d2
4994ac08-4716-4741-a656-fec52f79eec6
3abe9540-7459-4a1d-beca-ab678d7543b8
71a24a70-356a-41ab-a371-4d761791edb7
7ff61f65-2460-37db-bb55-4da380a92de1
1dcd2467-e18d-4b63-abf9-353e0fd8e102
e68fe496-a9c9-4a0b-b00a-1bbc5aab885d
e7f0d40f-bd53-4d5a-a25a-6b54abc7de9b
32a206e7-67d2-4a05-b986-7ee40faf1f2d
001663c3-d459-4fbc-8563-89592fd21d18
505fa793-9088-41e8-8a5f-a897487f2859
bdbebf89-4395-434f-a409-da0219e71164
9c3a1b9d-e217-4bda-b6e8-50e637807803
dc85e2fa-3da0-4e20-adf1-af35fa088bf3
edad3a35-fea1-441a-9321-b37a409e7380
59e2cf82-8b0b-4495-89b5-6ae9382f00a8
51e19970-0b47-4d37-8643-94557b48423e
4a4761bc-9f6c-43d3-993d-ceab92569d3a
2b2b65fd-f53e-45fb-b7ce-9b4251b2c8a3
58d54c95-c306-4d51-ab1d-90edad0644a4
2b3da3e2-901c-442b-957e-954619d933ac
563df485-3708-44c6-9415-04623d0713db
9d810a8f-96b6-4ed0-b252-c52155617011
94f9004e-46c6-49e8-9cdf-2beb6f96af8a
6405364a-09f5-4cec-aa54-57c29285c338
85088488-cf38-3193-ad59-0363a33681c3
22869864-791b-4d0a-aa60-b0a85a5f4c8f
cf98e3fd-fd01-4179-a68d-f66809c90fbe
122e2399-d839-416b-b50a-4eedf8b98510
a4d6dfab-0f58-4b5b-9255-59b9d0a38855
5ff30d43-0c5d-4a9b-8da4-6b22f9520354
272766d5-3e7c-4b6e-9e48-7aa29f0590fe
b8b746a5-bf6e-4679-a702-e783140cc4d8
57540a46-fcf9-45ab-819d-56722a75b564
5345e23f-c624-4501-b7eb-15a7283afcd3
4e269ffb-09ac-4244-a680-db65bbc33980
cc9740bf-12a5-4072-88da-f97f18dff746
64d5e5fa-6d2b-4bdf-a083-5cd98f579be5
63e2c3db-648c-4fa6-9be8-5802ba48e145
f47a5037-f22c-4447-9389-069ec32b7fe3
2286f5b7-d882-4c44-a354-e2d795eb7893
f7aedd93-e069-46aa-9136-85ba2eacd672
a9c7820c-0454-40ba-8de0-fb47fbe3e230
730fce7c-d12f-458a-9b9c-f754a830080d
23ae48ab-bbd1-4ddd-9eb0-a8fda9798f90
d1ff86b7-fc09-4443-88f2-f6976906df85
063aa0bf-75fb-37f3-8b1c-6c977c9bfcef
bfde1b09-45f4-479f-aaee-9f513cbf4ead
03f1de79-858a-4a41-82b3-626fba494705
bb8c55ac-9e3a-4824-a4b4-8769169fdd6f
6d79c29b-7df3-4557-a917-6daa201264db
866966fa-4c2f-415b-bafb-088c29816e8c
030ae38a-67b0-4936-ad29-d3b9d13bf055
eda3f823-4d9d-47ef-9a7a-554d1d286f1a
b8342d3d-3c26-4b8c-9415-dd7d8bcca544
83f11bb1-69de-487a-81df-4d53208d93a1
334a161b-a847-4503-8041-be9b1d3cf99b
a73b0ce6-2c73-46e1-93d5-4ac85d63ba89
6b9df021-6ea5-439b-897d-c672b0727ecb
066ab8fb-dcad-40b7-9404-15f40f1d8e99
0ec74252-7b40-4da1-873b-ce6d11db99de
b4ffd05c-e1ea-46e3-a83e-5882b9129aa2
3fed7e15-a750-4c1d-b979-cc4258359ff3
4db4b307-560d-4eaa-9e24-0624c4baf57a
274bd1e2-020a-4f61-9d98-fe792f764ab8
26571b10-6720-48cf-a00f-53d66050bc96
71bff38d-42e6-46f1-994f-6b6ed3c21fd6
6b302e11-00f1-498b-9041-3e8c5102251f
0893af5b-1c13-4996-b1ad-78329f5c2fd2
97dc9747-7cf6-4b10-a4fe-887e99d0fa0b
82a44a96-155e-4f95-a7ad-d1e22297cada
1e226ede-517a-4bc2-806e-aa5b8a0bdb78
1ccd78c6-5826-4450-8fa4-e251ee103e53
b6418fbb-77ac-4cac-ac09-13af9abbda78
9241900a-2fcf-4064-9f6b-4e7e7d415471
72ccb288-b208-306e-bb02-0f0ca9ea5cd1
4d19c8b9-bbf9-4d51-83c6-3c7d726163f7
68cc0244-6327-422b-8dcc-fbe6373df0ed
3a62779a-2c7e-402b-a097-8d379a23adaf
578224e1-3072-4b25-b5fa-f67acd9136ca
3be52a81-804b-44a6-a0f1-c8bbc9639a3b
096593da-5aef-4858-bab8-c6760311ef43
cab1a6c3-27ae-4914-952f-0c258556b2f0
431e3530-40b1-404a-bf3b-d6a2fee00a65
21f7bc0a-44e6-4e8e-b3ef-b461b1089e01
0de33085-3bde-4f50-b924-c9b1085fdadf
b70c7a16-9310-439a-9b7a-de07e03a21d6
c485ccc7-1e05-4626-93b9-fcd68d21f34d
b98b384e-3fd6-4af6-9b6d-b4c1f1441460
fd192377-d3ab-4d7d-8855-aa4bd3b8c47e
27e2d19a-33d1-4b81-a778-e66329727bc7
7e568365-a82d-418d-a884-ae94470e24f3
7c130177-89f3-4b09-8b80-694d9ef9f6c7
6af8c568-058b-4be1-90cf-6a5eddb90642
ca9e3f31-c3a5-4d1f-b8d3-992b9d59977c
096802aa-59cf-36bd-adcb-9c730e3bdb9c
0c7dc4b5-592d-4041-b3b9-8f4cdf2b30ea
8154f369-214f-4885-ab84-752a7109bf4c
17988333-b8c0-4a0a-8576-506ad93270db
35b9551e-9267-4297-b42d-1f8dd1cab089
d82775c6-d7d9-41d6-b844-83c2a481ea4b
56b52214-e585-4207-a166-d076b9173bee
46db08ca-4165-4a26-ae35-56c85ab15ced
0a631571-4180-404b-9a26-24b37e7f1fed
3e10b179-ccad-4c92-9ebf-e58939715cf5
7bc4b097-a8b8-481d-a421-b116bbc6b6b7
6cad26f4-7d64-44e8-96a6-431f00e039ad
508aa612-8dda-4528-aee2-62712203ae48
09a2527f-e0a0-4c5a-a199-e136ceb0c1ce
62f5098f-7bf1-4b95-bde0-8e7c06ba3367
e03bd3e5-8600-4495-80e2-bf2671c5973d
f3f17edc-96ce-46a2-80a8-f43aa9f1ae5c
f5788f2b-43a4-4740-8509-1326aa2db98c
2dc70dca-b773-4a78-a6b2-5a215273ae18
706d0a67-d418-42a1-af06-922c47841a31
25d83f53-f68a-492f-8709-e846960e203e
766d644c-97ce-42b1-9a15-323bc70db244
28d193d3-6996-4122-ada0-85658c38bb09
5892dc93-a5af-433b-8577-593dbc1daf43
47743ba1-1b3a-4b2a-8698-caf384221bca
3a1a5d0b-85e4-44a5-a56f-cccf1f6914f7
9553f42e-253a-40f1-9148-30f7f71937de
1fe606ff-0b70-4411-bccc-9951a7a3feb1
6dd08dda-261f-4b00-be86-363d926a0aa2
2b84123a-16a6-4a4b-880d-91bdd914e040
45e0eedd-a79e-4a8a-bd92-0f7b1f4931de
09e66e82-b652-31df-aecd-f3c468264c62
a74a6616-45c2-4a17-8387-c221ab63a721
7f10ff29-43a8-495e-9f38-e55285cd27a9
0aaec758-71e9-4087-86d1-bc6df4e4b262
0d5562d8-cea0-4426-a236-af033659f306
d70fba9e-d546-407c-b1d3-67b4cb0d24dc
1d5f1e71-88ef-4e30-9bae-7c94b4509c2c
850a6f49-9530-4230-ab43-ae33528706c1
b8a0c2e8-dde5-4783-b71c-408e15d648e7
b5f97d3a-4eec-40e4-b1cf-b320639c2043
6bf691ae-482f-4bf5-baf3-ef0cc5a4754c
643832f7-01af-463a-b30a-262090ff1d8c
0f88e643-7fe6-4023-bfbd-bad4415393a4
0b9f1125-92d6-4be2-9503-22200d4c7e16
7ebd0efc-86b4-4466-b6c3-a1284df00a2f
4a145658-3382-46b1-9bd7-d3d61bd1e49e
f50c5818-540d-4067-b2f4-79c25c9fbd9c
e83eaa01-64ec-4396-a51b-a1ce74aba294
c8b74c80-fc53-4c94-9e0c-99a18b663097
635a65fa-6a73-4133-b32c-625044a7906b
23a484e2-ef9f-4262-a41c-c37f2a683340
501f8db3-e981-4320-96a8-449e392a6369
f6e743d8-ac38-4bbe-b419-366e6ba9bd37
74d854cd-c006-4164-ab00-39549af4a140
635c3cd1-a3f1-4ede-a0c3-540631c7feca
1c552409-3f35-3cf3-8a44-5ff38204d644
6132dd65-21cf-3e28-9ab3-4ea659d11be5
aeec6eaf-8b51-4e55-b7b4-d839da8fcd6d
4e74cca9-f876-4811-abc5-54d745e84780
5dc5fe32-51c4-4b43-8424-fdd26b72df6c
98c3a8dc-12b0-451b-90b7-2da5e794de2f
6d4168f7-f54c-3625-81b9-32f72637ed0d
eaa77c22-1d1e-4c21-a30c-559b2d77abe5
80eaadb1-6f24-4dfe-8922-7c9432871c53
a12acfc1-6929-488a-966f-01ab7e6e7555
50553870-3759-30b2-809a-52345b7059ea
7f7f4e36-ed2c-4b97-93ed-53e9d90c5f27
57a4a270-d34f-4d32-8d61-56d2cbc63b9f
65fc28ea-ee35-4773-9439-21f9497424c3
53efea48-b11e-4043-bd7c-996f2c9d2fca
002c9b8e-f05e-4ecd-8d35-0e5a4b1a0ad4
44d5eada-7a86-40b2-9861-3e2f38e162a1
4b88fa1e-fb5a-3441-b977-20f11f2126b7
7e908bee-db00-36aa-9883-77e8fdfed531
5fcab5b4-d357-410c-b633-6037ee6bb29b
94cf738f-04d2-43c5-ada4-c2b303251f36
cf4455d3-e32b-4a84-b452-d46cf7666017
6ae6cebe-3fb7-48f0-b43a-6e1626ce3f9c
779cc50f-6bfe-41d9-8c27-7671bf77e450
5c099dfe-b099-480b-bb51-e16c276b30da
6e78d98d-b928-4c02-a97a-9ace2b032589
21bf54d9-7e1d-4676-938b-2996bfa729aa
43bffb6b-321c-415a-8522-43525dcb624b
4a011462-bbfe-4430-b9e7-b3629bc87395
566ef201-0d00-40c4-9f24-d89a679549e8
39922c43-03a5-4276-94fd-100fa73ffd4e
0a1e2fb3-3345-4483-a6ae-049923d15934
8c9d507b-6ce9-4247-9bf6-10a5ba25cd32
7ad112f4-24de-4fff-9571-115b3d70bff4
70a3f3d3-f08c-41da-9e06-792470b900ff
d2eb176f-93bb-4409-a12d-d5657b26f9da
5badaa53-ecaf-32a0-8fcf-de91daf19fe6
de955cf5-7a9f-434f-a613-c5f4705c8918
80796c5f-3450-4838-bee3-a7084eb678cc
7b3b539e-2acb-4007-81e0-da88a7eaba78
ecec4a34-88a1-472f-bae0-95fdaf63cd23
78293fe5-5cc7-4117-8083-d9fc3688d501
a19e8164-e90b-4166-ae26-fb714efaf18b
5df04d66-ff2d-4ae8-b087-a304a49576bb
2c71c8c2-04ff-46e8-bfa5-698b8ae0de0f
f63b0dbf-ce94-4ab5-92fd-a2a1abca4298
c4591571-cb89-49a7-97d9-f42f41786906
40d24560-af2e-4b24-be89-056cd89e4b59
e73ff703-adb1-4d3a-993d-60f6d148bec4
02048b39-096a-454b-82d8-26a1c323b8ac
d7064e71-4304-42bc-b960-cdecbcccb7a9
4dee94a8-547e-40e5-8e69-72f5b30251ad
a209d423-8ff6-4e07-b5c9-56a75507058a
40e5ff75-d988-40ec-92e3-cb3ab899da83
5befc930-7aeb-4271-b007-ad9b0b22bec3
d9f7d4e3-3c09-40e9-9b3e-7d39ee79ef88
69c5569e-2685-4fd4-b691-61e16a893b4d
08687b7c-bec8-449e-8d51-846bdd587478
844217fb-83bf-4bf7-88b3-a100dd883fbe
7055818d-8795-4efc-8be1-a9760267def1
4d638e18-d7a9-42a6-bcf0-a171a2dc733b
716095f2-ff1e-4af3-8949-2880879a37a4
567d95bc-c4f3-43d9-bcfc-60139997d3dc
67ba2ce8-c6aa-45c2-a522-c615571348cc
70e2459b-41a9-38c2-81a1-efc9e7e76dfd
99c67388-82ea-470f-824c-fc5035b66ae5
1250ec24-c010-4578-9fee-d6852135bed1
a56bece0-8439-437a-ba6d-a8812f5dd3e7
d059c9dc-6732-4e85-acb7-f5ebc32e4e54
4510155b-ef5f-4f5b-bd43-2b9e756c0598
e122455b-d067-40c3-b28d-2b4f8505098a
df1c75e8-af89-4664-9484-38aca6a0c045
3b7c9375-f400-40ce-86db-996760e827f7
65017c44-34e5-4ab2-9ca9-279dbc02dc1f
748816f1-3ae4-3481-a977-18e1511c1c33
0414d081-c8b8-4c29-b861-c92d0970b7ac
3d86330e-9364-4095-981a-20d210d3b264
65bb64d0-3648-4471-a63f-c8bfe7e6662d
7bb2ad87-4811-3766-a763-dd8fcc1ce11e
2d1aac23-76fe-4efd-b82c-f7be383e1958
46996477-2110-4bc7-8fdd-2538845e0940
74bceb63-6d67-3971-89a0-bb4a12122d06
78e30bd4-f86b-49e4-904b-672cedb887e3
12331863-e353-4926-9b40-e1b0d32e3342
559f97f2-e1a8-4edd-aab3-a74b7eae1fe2
d1da9705-6ec5-4905-b211-b681c5091068
ad337b8d-db4c-420e-824b-c77b8a14cff3
725c06eb-411e-4f33-bf85-12c8abc37a0d
a2a90336-2260-421f-a403-945c03be35c0
444870b4-22a7-4161-a58c-87afe1336ab6
40efd667-96ae-4b1f-946c-dd9c1479b8c1
536e8106-0fc5-4e2b-92b8-1760eccdeb48
daf3dcb0-04a3-4bfc-9147-c27660625943
1d5e6679-71c8-4604-b554-db30f29cd5e8
82080b7d-e56b-4184-9ff8-62125cf62816
7eab7c89-fcc1-4529-bc32-353cfa917a02
02859936-a048-47cb-a157-f41f2da9826f
7954392f-8208-42d1-8659-06e080c8fe50
2439e21f-2c7d-4fea-ad39-d21539945f13
6e6776a3-cd00-4733-b409-646607dcceee
05b20215-776e-320f-be17-798787b531a6
0e62bdf5-42b7-4d1e-8acf-791daba32178
664996a4-155e-4096-a7d7-cf6650f02833
0585a449-af43-4e62-a137-037b7c70997f
60ea772c-6686-4692-bfd6-3870bb49f079
939608e2-f989-4f7b-bb7b-3778938b438f
40a8b7e3-1476-4eb7-b832-2300ad65b0e2
46660f79-b500-442f-9d69-6d3eaa846357
5ea0d5e2-5215-404d-a42d-92699853d5ac
1a933c65-8c70-4fc1-8b14-332d75a68fc4
629d9996-8b8c-4422-81b3-5418c05d9160
a5bda7a0-dc26-4ff5-9bc0-4c606c508c92
51b134b7-f76f-47ea-9aa6-897c0eb4a112
0fc8608d-4b89-47f0-ae02-f96d0f1ed849
d8991374-f2d0-45f3-9410-130ff8ab9a8c
05a5e69e-bab7-4b3a-b89c-fbc54f63c3ca
d8e7d1dc-5e27-41fe-bb6f-c19319ba1745
5e778529-d087-45ef-80a8-7bfb7903c375
5a2bd3ba-50ca-4bae-95a1-81f1151f0d3b
2667043c-e39c-457a-9c02-e7edb058028f
e1da1be6-fc1d-4eab-8f25-e58b52265375
570af961-c5b1-478c-b9db-94255d83e96e
33370c02-3a8e-4b8c-9522-3fce38a03a12
f8fead88-d514-4fe6-9ce0-8f966e223f3e
ae8cc539-77ad-4183-856d-d407d949bed5
877f1e1f-8a87-4615-ab21-ee2bb1732591
5913fcd8-15f7-436c-a45e-996b40679eed
0922ac3b-a69c-472a-91d9-e07b48b68f4f
258a8e6f-8aeb-44f4-817d-5de493bb21a9
34b289bc-f237-4d8a-aafe-706f1afb17f1
17b67419-54f1-4d14-ad37-b1ada00f4d4c
e81dc459-9b32-4753-a0bb-09ef0c64f0f7
1d1b823c-3f53-4cab-81b8-3a4b4f67b820
5891960e-a387-4cab-a086-f8ca5aa1fa03
e02a10e5-0eaa-427a-8233-6acfb1120d47
e447a3e2-1079-4bed-97a7-daa8cd862438
8e787ff9-dc42-4a9d-afd5-783cbd642924
d45bccc2-6720-4411-bcfe-5f9d2bcb5d7c
2858fddc-7b35-4fb7-9eb8-78e7194b34f2
6addb703-3dec-4782-8d00-b84780364557
f1edd7ed-af4a-472b-93c5-49f209a8aac1
e3229bb2-a11d-4ed5-9b72-224aae06cbce
0e3e91f0-6e44-43bd-bf9e-cc73e5e5e5dc
1153ed50-e6fa-4de0-8bb3-f87c7eddfcb1
9e9f4548-4d07-4e9d-8da6-aa0b516cfd01
949a5f40-e2fe-4c6d-8a50-8decaa4ecd37
691949c9-551d-4df3-9f12-f32772a893e9
2adad0dd-7e7a-496d-847e-4d70eaade1df
1518a63b-608c-4cc2-bd2c-37529837db95
f9f58b0d-0280-40e1-8ba8-4e3a7d0739e3
7c667cab-d303-4bc1-aaf8-1f8a37edbe6e
3d8796e7-811a-47a2-93e1-b0fefede22e6
7a435d3a-94da-481b-93d9-dd724616b2c3
88a2e066-be40-47cd-8ca2-27fa5e28da03
da85fe33-1931-411c-aed4-56e3bad857b0
af86697a-8db3-42d0-a0e5-2639ee10b401
0f4426b8-db5e-4cd8-b370-a941735f63d1
e32e9596-95c5-474e-ab3f-9cb93fe3945c
2992f7f6-b4d4-433a-8056-9568a080b7aa
af77652f-1b02-4e05-838e-9ed688b57fa0
5f7696c4-4fb0-371c-804d-0894fbec0cdd
79816d11-8b88-45fc-9994-45f1b10838b1
38daf573-ce59-4df9-bbab-341cbc5c6aad
04d0f36b-09ea-468c-96f2-d393c8ae8f62
6052bb84-e1a6-3071-874c-5ae10e3e12ea
004a97c2-124f-4dd2-97da-900af7ad6ca8
59ab5bfb-1d3d-4df1-a054-e8ca1afe5c17
cae612b3-ea54-4f07-9df3-47ef82aa2de8
45d36d0a-d5f4-4d0d-b577-fd52821e67e8
6a3ccc14-0ed6-435f-9182-bc6b1b8b3ca8
08f0e88a-cca8-43c2-947f-9a8062d342b6
cbb9fdce-e6f0-4c03-91b3-af9a1d81e8a5
5c7e925c-c848-31e8-8ad9-60a650559f7c
ac903435-733a-450a-9353-70e135c4db1f
011741b3-f906-4884-8daf-da72ec809d5e
c7a3446b-aa05-45e7-836b-b2dfdd598f94
031e135c-7937-449d-bfba-fa29f991c535
7a76f61b-8b2e-32ef-93e0-01e73429a3fb
f9316fc8-9550-4147-a381-fb752df5cb01
1e44aa33-9566-44c1-ae03-8f83a5aa282c
e3548329-4835-4efb-9e5b-43f857141373
77085e5b-f0d1-4d2c-bdb5-7f4a458e5079
54f02c07-bd28-4469-9806-647b8296366d
049384d5-21d4-40ee-83dc-376df57034f7
175ca6c4-5762-4294-8737-9f7189715356
9388619c-465b-4568-ba7e-4a955d55ebab
9930c8fc-c0fc-4298-ad0d-100f42af4b62
3b3bb273-5e5e-447d-ad41-1db7384ef8e8
8b3c235a-1844-4941-9bea-dd9e8cf72f1f
2a7fd249-5ac6-4e46-a12f-dce1cdefd840
e70b713e-2654-4268-9ff8-df51f7ac269a
1770f363-1173-45a2-b30a-83eeca8ba557
201f281e-52d6-41cb-87c3-1e00b9282d9f
0ba48071-5092-4c99-a43a-cfd7f607ddad
69fdce7d-9c39-314e-b3f8-7c2786482be5
568ab3a9-b16e-4391-824b-e65b012c5afc
380319eb-c155-4ddd-b99b-54c538629e8b
5d0af923-e92d-3e8a-8c1f-60e85c4b4575
2e5ed04f-68fb-4145-a4b6-d284756b6baa
2b55c539-e64d-488c-852f-24bbd831b909
013f235f-1034-4476-8b32-7282d4822b1f
5e3a4347-58a1-4424-87cb-6147306cc9d1
43e74fb5-7546-462c-a484-730c3581fe79
77c82341-db5e-4734-8723-40ae9d3dedf9
8c14a633-3a0d-4fba-abae-0687b9e5a840
6dabafe9-f24c-47f7-a1d9-07b9d1858730
0f55cd8a-f4c0-303a-9122-2ad909e4fb06
4e520d58-3e82-4361-93f1-ace258ba2f62
cae94577-c0d7-48df-8721-ae6bcd0a5357
4d113a95-9e56-470b-948d-dad192a1de6b
ca50ae6f-619b-4292-ba4c-31060e4c0be5
423d01cf-db98-46e6-84c4-ca317a6761f6
144f2bb1-0f02-4d1c-9627-fae53fc75406
c1ec8df3-e322-4f39-a807-ac5d91808915
dd841437-d8be-420c-87c6-48ebec60dfb1
e4362ba0-c0b4-4dbe-8a30-664df4aa9008
487e3552-1f49-3925-8993-967b148de273
a160dc40-921c-4d75-b112-5a3533d15356
06076098-db10-3e24-a871-ead183510996
e8a962ee-be25-4f59-b461-10fd6e441f57
368e235c-d28f-4c7e-968e-1dc3fe6a09b5
adcb0f68-b3c7-4a92-8cc1-430e17de2581
1ab599a4-bc6f-3da8-acdb-f1508e908b57
1e68987c-5c7b-45cc-954b-830e1c28db10
27828aed-1c0b-4dfa-8579-5dbe67eeebee
44fcf4b2-748c-4a90-9b32-483850b29fbe
5aed6a1f-0155-4a4f-8683-78fb9ea1a267
7e84460c-8b11-4647-ba30-e509f1ee5447
0f409e36-6119-482d-a8f9-558bc5cadce5
559c6191-5328-489f-bd2b-29f7f80d979d
24624dae-698b-4c70-957c-a67531aac5e4
4054215a-9c91-4590-a2e8-4b2c20cbb5f0
db38dc47-1827-459d-88ed-63c826451d20
686bf2a6-e92e-4af1-8288-4bae5a983459
1e6dcaf2-c674-35b6-b4c7-ba6523595860
6c3e445b-31cd-4576-9339-864924524b5e
06ac81e0-b5f5-4269-9540-885408b03d4a
005bafee-92c1-41db-ac9b-dab97ef3756f
52161fec-d4a8-4456-9687-fbe15c82216a
719b6e52-d85e-4e4e-ae53-cafedfd2ab15
473ae7f8-58da-4941-a1bf-f79dacfbdde2
940fd971-7295-44fc-8c5d-3f8462583da2
09926e0a-8894-42f8-9662-58ff6a20a626
1f5f9b74-40d4-4d32-9620-d7729554923e
745d57f8-2c5d-407a-b485-d054b9a543ad
5798c184-9021-3555-8ee7-f376815d0076
75e83d69-392b-4794-aca4-c5f1dd2d228a
65818d86-b869-4830-817a-49fa9fffa682
8553749a-76a1-4685-a586-a851b1e91d79
db02d51d-99d7-4d62-818c-d70cce2e7f31
5d58aa45-f73d-4a3a-a909-577641c1f7cf
71ffa3a7-4235-4b4a-a615-2656fca6f860
462b185d-114c-4320-bf26-d872abb310ae
11bbe762-9c62-4dd9-a859-d4058040c48f
5e528f5b-7bcb-4c29-b721-817f652a73ef
e658314b-1d41-4592-afce-1216b76642b6
9ae1a15d-28aa-4b0d-b6e8-ab7f4c852152
f81a621d-51e5-4531-b80c-acb56efca84f
7065774c-2898-4b09-96dd-9e687a716b01
0be4e7f3-4e00-45b9-a2cf-90de436cd6e4
7246fc9d-1c74-4f70-b4dd-feb12bd62c6c
98a95640-f085-4208-8297-db47551e4272
2c093e16-ffa3-48cb-b246-8d2929a735e5
f5bcb3ea-c9d5-45a4-8291-4bc04bde8ac0
d66678d0-a604-4a40-b60f-37f763e9e163
b56bbafb-152b-4e25-baa6-d2a5f443b529
846b84f0-cdf2-478b-a9b1-61258c4fcf5a
7eeaaf59-5a29-4abe-933f-516509256060
aed2a003-bfbe-40a2-bfe4-b36264a7e33c
6f671575-096f-493d-899d-c990b38db2a1
7a9cdb6f-47f8-4f99-a661-fa793b2928bb
46068f55-d219-4e02-8abb-94c837757fd2
28168dbe-1c54-4d60-a796-a8409b875c49
1d92408e-c218-3627-bce8-0a372883a817
04ae2dc3-d672-4394-b494-fed626c7a06b
20e18a2d-50d6-40a9-9129-4428c5fa4cd7
047464cd-5011-48fe-b229-fb36a71ba9f6
644b7f76-eb3e-49c8-ad9c-810fc403ea52
ee62edd2-bf12-49cb-805f-c3be34e30bdf
f94e9114-b6ad-4e39-b800-13e06f8da709
6f77a27e-a254-4350-ad98-6d2d3dc131e5
497d9da0-809a-4736-a336-f94e623103b2
5b3455ac-d245-4f1c-89f1-8f8f6502e642
ffe5bff5-656c-4b0e-836e-44e098bbcfa9
d796c38f-932c-4a13-9640-90c15cc90e3f
9646f746-37c9-44aa-a3a6-8189729f3281
75b5ee8a-f4fd-4d36-8c91-a0542bc7c9f6
befbb6c0-ebeb-435c-981d-c1ee9fd60d21
28924973-6b8a-41c3-9815-222686e00493
7da9fc1a-a7b3-4208-8b4a-8cbba6e371a8
24256cdd-d004-4eda-aea6-3eb94dbb4326
